12:03:47 - info: Listening on port: 8080
12:03:47 - error:  
{ message: 
   [ { location: 'body',
       param: 'email',
       value: 'email1@gmail.com',
       msg: 'the_email_must_belong_to_the_wolox_domain' } ],
  internalCode: 'saving_error' }
12:03:47 - error:  
{ message: 
   [ { location: 'body',
       param: 'password',
       value: 'INVALID',
       msg: 'the_password_must_have_at_least_8_characters' } ],
  internalCode: 'saving_error' }
12:03:47 - error:  
{ message: 
   [ { location: 'body',
       param: 'firstName',
       value: '',
       msg: 'Invalid value' },
     { location: 'body',
       param: 'lastName',
       value: '',
       msg: 'Invalid value' },
     { location: 'body',
       param: 'email',
       value: '',
       msg: 'email_is_not_valid' },
     { location: 'body',
       param: 'email',
       value: '',
       msg: 'the_email_must_belong_to_the_wolox_domain' },
     { location: 'body',
       param: 'password',
       value: '',
       msg: 'the_password_must_have_at_least_8_characters' },
     { location: 'body',
       param: 'password',
       value: '',
       msg: 'the_password_must_be_alphanumeric' } ],
  internalCode: 'saving_error' }
12:03:48 - error:  
{ message: 'invalid_username_or_password',
  internalCode: 'invalid_user' }
12:03:48 - error:  
{ message: 'invalid_username_or_password',
  internalCode: 'invalid_user' }
12:03:48 - error:  
{ message: 'header_not_being_sent_or_incorrect',
  internalCode: 'header_not_being_sent_or_incorrect' }
12:03:48 - error:  
{ message: 'header_not_being_sent_or_incorrect',
  internalCode: 'header_not_being_sent_or_incorrect' }
12:17:17 - info: Listening on port: 8080
12:17:17 - error:  
{ message: 
   [ { location: 'body',
       param: 'email',
       value: 'email1@gmail.com',
       msg: 'the_email_must_belong_to_the_wolox_domain' } ],
  internalCode: 'saving_error' }
12:17:17 - error:  
{ message: 
   [ { location: 'body',
       param: 'password',
       value: 'INVALID',
       msg: 'the_password_must_have_at_least_8_characters' } ],
  internalCode: 'saving_error' }
12:17:17 - error:  
{ message: 
   [ { location: 'body',
       param: 'firstName',
       value: '',
       msg: 'Invalid value' },
     { location: 'body',
       param: 'lastName',
       value: '',
       msg: 'Invalid value' },
     { location: 'body',
       param: 'email',
       value: '',
       msg: 'email_is_not_valid' },
     { location: 'body',
       param: 'email',
       value: '',
       msg: 'the_email_must_belong_to_the_wolox_domain' },
     { location: 'body',
       param: 'password',
       value: '',
       msg: 'the_password_must_have_at_least_8_characters' },
     { location: 'body',
       param: 'password',
       value: '',
       msg: 'the_password_must_be_alphanumeric' } ],
  internalCode: 'saving_error' }
12:17:18 - error:  
{ message: 'invalid_username_or_password',
  internalCode: 'invalid_user' }
12:17:18 - error:  
{ message: 'invalid_username_or_password',
  internalCode: 'invalid_user' }
12:17:18 - error:  
{ message: 'header_not_being_sent_or_incorrect',
  internalCode: 'header_not_being_sent_or_incorrect' }
12:17:18 - error:  
{ message: 'header_not_being_sent_or_incorrect',
  internalCode: 'header_not_being_sent_or_incorrect' }
12:17:55 - info: Listening on port: 8080
12:17:55 - error:  
{ message: 
   [ { location: 'body',
       param: 'email',
       value: 'email1@gmail.com',
       msg: 'the_email_must_belong_to_the_wolox_domain' } ],
  internalCode: 'saving_error' }
12:17:55 - error:  
{ message: 
   [ { location: 'body',
       param: 'password',
       value: 'INVALID',
       msg: 'the_password_must_have_at_least_8_characters' } ],
  internalCode: 'saving_error' }
12:17:55 - error:  
{ message: 
   [ { location: 'body',
       param: 'firstName',
       value: '',
       msg: 'Invalid value' },
     { location: 'body',
       param: 'lastName',
       value: '',
       msg: 'Invalid value' },
     { location: 'body',
       param: 'email',
       value: '',
       msg: 'email_is_not_valid' },
     { location: 'body',
       param: 'email',
       value: '',
       msg: 'the_email_must_belong_to_the_wolox_domain' },
     { location: 'body',
       param: 'password',
       value: '',
       msg: 'the_password_must_have_at_least_8_characters' },
     { location: 'body',
       param: 'password',
       value: '',
       msg: 'the_password_must_be_alphanumeric' } ],
  internalCode: 'saving_error' }
12:17:56 - error:  
{ message: 'invalid_username_or_password',
  internalCode: 'invalid_user' }
12:17:56 - error:  
{ message: 'invalid_username_or_password',
  internalCode: 'invalid_user' }
12:17:56 - error:  
{ message: 'invalid_username_or_password',
  internalCode: 'invalid_user' }
12:18:02 - error:  
{ message: 'header_not_being_sent_or_incorrect',
  internalCode: 'header_not_being_sent_or_incorrect' }
12:18:02 - error:  
{ message: 'header_not_being_sent_or_incorrect',
  internalCode: 'header_not_being_sent_or_incorrect' }
12:19:12 - info: Listening on port: 8080
12:19:12 - error:  
{ message: 
   [ { location: 'body',
       param: 'email',
       value: 'email1@gmail.com',
       msg: 'the_email_must_belong_to_the_wolox_domain' } ],
  internalCode: 'saving_error' }
12:19:12 - error:  
{ message: 
   [ { location: 'body',
       param: 'password',
       value: 'INVALID',
       msg: 'the_password_must_have_at_least_8_characters' } ],
  internalCode: 'saving_error' }
12:19:12 - error:  
{ message: 
   [ { location: 'body',
       param: 'firstName',
       value: '',
       msg: 'Invalid value' },
     { location: 'body',
       param: 'lastName',
       value: '',
       msg: 'Invalid value' },
     { location: 'body',
       param: 'email',
       value: '',
       msg: 'email_is_not_valid' },
     { location: 'body',
       param: 'email',
       value: '',
       msg: 'the_email_must_belong_to_the_wolox_domain' },
     { location: 'body',
       param: 'password',
       value: '',
       msg: 'the_password_must_have_at_least_8_characters' },
     { location: 'body',
       param: 'password',
       value: '',
       msg: 'the_password_must_be_alphanumeric' } ],
  internalCode: 'saving_error' }
12:19:13 - error:  
{ message: 'invalid_username_or_password',
  internalCode: 'invalid_user' }
12:19:13 - error:  
{ message: 'invalid_username_or_password',
  internalCode: 'invalid_user' }
12:19:13 - error:  
{ message: 'header_not_being_sent_or_incorrect',
  internalCode: 'header_not_being_sent_or_incorrect' }
12:19:13 - error:  
{ message: 'header_not_being_sent_or_incorrect',
  internalCode: 'header_not_being_sent_or_incorrect' }
12:19:59 - info: Listening on port: 8080
12:19:59 - error:  
{ message: 
   [ { location: 'body',
       param: 'email',
       value: 'email1@gmail.com',
       msg: 'the_email_must_belong_to_the_wolox_domain' } ],
  internalCode: 'saving_error' }
12:20:00 - error:  
{ message: 
   [ { location: 'body',
       param: 'password',
       value: 'INVALID',
       msg: 'the_password_must_have_at_least_8_characters' } ],
  internalCode: 'saving_error' }
12:20:00 - error:  
{ message: 
   [ { location: 'body',
       param: 'firstName',
       value: '',
       msg: 'Invalid value' },
     { location: 'body',
       param: 'lastName',
       value: '',
       msg: 'Invalid value' },
     { location: 'body',
       param: 'email',
       value: '',
       msg: 'email_is_not_valid' },
     { location: 'body',
       param: 'email',
       value: '',
       msg: 'the_email_must_belong_to_the_wolox_domain' },
     { location: 'body',
       param: 'password',
       value: '',
       msg: 'the_password_must_have_at_least_8_characters' },
     { location: 'body',
       param: 'password',
       value: '',
       msg: 'the_password_must_be_alphanumeric' } ],
  internalCode: 'saving_error' }
12:20:00 - error:  
{ message: 'invalid_username_or_password',
  internalCode: 'invalid_user' }
12:20:00 - error:  
{ message: 'invalid_username_or_password',
  internalCode: 'invalid_user' }
12:20:01 - error:  
{ message: 'invalid_username_or_password',
  internalCode: 'invalid_user' }
12:20:07 - error:  
{ message: 'header_not_being_sent_or_incorrect',
  internalCode: 'header_not_being_sent_or_incorrect' }
12:20:07 - error:  
{ message: 'header_not_being_sent_or_incorrect',
  internalCode: 'header_not_being_sent_or_incorrect' }
12:22:29 - info: Listening on port: 8080
12:22:30 - error:  
{ message: 
   [ { location: 'body',
       param: 'email',
       value: 'email1@gmail.com',
       msg: 'the_email_must_belong_to_the_wolox_domain' } ],
  internalCode: 'saving_error' }
12:22:30 - error:  
{ message: 
   [ { location: 'body',
       param: 'password',
       value: 'INVALID',
       msg: 'the_password_must_have_at_least_8_characters' } ],
  internalCode: 'saving_error' }
12:22:30 - error:  
{ message: 
   [ { location: 'body',
       param: 'firstName',
       value: '',
       msg: 'Invalid value' },
     { location: 'body',
       param: 'lastName',
       value: '',
       msg: 'Invalid value' },
     { location: 'body',
       param: 'email',
       value: '',
       msg: 'email_is_not_valid' },
     { location: 'body',
       param: 'email',
       value: '',
       msg: 'the_email_must_belong_to_the_wolox_domain' },
     { location: 'body',
       param: 'password',
       value: '',
       msg: 'the_password_must_have_at_least_8_characters' },
     { location: 'body',
       param: 'password',
       value: '',
       msg: 'the_password_must_be_alphanumeric' } ],
  internalCode: 'saving_error' }
12:22:30 - error:  
{ message: 'invalid_username_or_password',
  internalCode: 'invalid_user' }
12:22:31 - error:  
{ message: 'invalid_username_or_password',
  internalCode: 'invalid_user' }
12:22:31 - error:  
{ message: 'invalid_username_or_password',
  internalCode: 'invalid_user' }
12:22:37 - error:  
{ message: 'header_not_being_sent_or_incorrect',
  internalCode: 'header_not_being_sent_or_incorrect' }
12:22:37 - error:  
{ message: 'header_not_being_sent_or_incorrect',
  internalCode: 'header_not_being_sent_or_incorrect' }
12:25:20 - info: Listening on port: 8080
12:25:20 - error:  
{ message: 
   [ { location: 'body',
       param: 'email',
       value: 'email1@gmail.com',
       msg: 'the_email_must_belong_to_the_wolox_domain' } ],
  internalCode: 'saving_error' }
12:25:20 - error:  
{ message: 
   [ { location: 'body',
       param: 'password',
       value: 'INVALID',
       msg: 'the_password_must_have_at_least_8_characters' } ],
  internalCode: 'saving_error' }
12:25:20 - error:  
{ message: 
   [ { location: 'body',
       param: 'firstName',
       value: '',
       msg: 'Invalid value' },
     { location: 'body',
       param: 'lastName',
       value: '',
       msg: 'Invalid value' },
     { location: 'body',
       param: 'email',
       value: '',
       msg: 'email_is_not_valid' },
     { location: 'body',
       param: 'email',
       value: '',
       msg: 'the_email_must_belong_to_the_wolox_domain' },
     { location: 'body',
       param: 'password',
       value: '',
       msg: 'the_password_must_have_at_least_8_characters' },
     { location: 'body',
       param: 'password',
       value: '',
       msg: 'the_password_must_be_alphanumeric' } ],
  internalCode: 'saving_error' }
12:25:21 - error:  
{ message: 'invalid_username_or_password',
  internalCode: 'invalid_user' }
12:25:21 - error:  
{ message: 'invalid_username_or_password',
  internalCode: 'invalid_user' }
12:25:21 - error:  
{ message: 
   [ { location: 'body',
       param: 'email',
       value: 'email1@gmail.com',
       msg: 'the_email_must_belong_to_the_wolox_domain' } ],
  internalCode: 'saving_error' }
12:25:21 - error:  
{ message: 'invalid_username_or_password',
  internalCode: 'invalid_user' }
12:25:27 - error:  
{ message: 'header_not_being_sent_or_incorrect',
  internalCode: 'header_not_being_sent_or_incorrect' }
12:25:27 - error:  
{ message: 'header_not_being_sent_or_incorrect',
  internalCode: 'header_not_being_sent_or_incorrect' }
12:26:22 - info: Listening on port: 8080
12:26:23 - error:  
{ message: 
   [ { location: 'body',
       param: 'email',
       value: 'email1@gmail.com',
       msg: 'the_email_must_belong_to_the_wolox_domain' } ],
  internalCode: 'saving_error' }
12:26:23 - error:  
{ message: 
   [ { location: 'body',
       param: 'password',
       value: 'INVALID',
       msg: 'the_password_must_have_at_least_8_characters' } ],
  internalCode: 'saving_error' }
12:26:23 - error:  
{ message: 
   [ { location: 'body',
       param: 'firstName',
       value: '',
       msg: 'Invalid value' },
     { location: 'body',
       param: 'lastName',
       value: '',
       msg: 'Invalid value' },
     { location: 'body',
       param: 'email',
       value: '',
       msg: 'email_is_not_valid' },
     { location: 'body',
       param: 'email',
       value: '',
       msg: 'the_email_must_belong_to_the_wolox_domain' },
     { location: 'body',
       param: 'password',
       value: '',
       msg: 'the_password_must_have_at_least_8_characters' },
     { location: 'body',
       param: 'password',
       value: '',
       msg: 'the_password_must_be_alphanumeric' } ],
  internalCode: 'saving_error' }
12:26:23 - error:  
{ message: 'invalid_username_or_password',
  internalCode: 'invalid_user' }
12:26:23 - error:  
{ message: 'invalid_username_or_password',
  internalCode: 'invalid_user' }
12:26:24 - error:  
{ message: 'invalid_username_or_password',
  internalCode: 'invalid_user' }
12:26:30 - error:  
{ message: 'header_not_being_sent_or_incorrect',
  internalCode: 'header_not_being_sent_or_incorrect' }
12:26:30 - error:  
{ message: 'header_not_being_sent_or_incorrect',
  internalCode: 'header_not_being_sent_or_incorrect' }
12:29:38 - info: Listening on port: 8080
12:29:38 - error:  
{ message: 
   [ { location: 'body',
       param: 'email',
       value: 'email1@gmail.com',
       msg: 'the_email_must_belong_to_the_wolox_domain' } ],
  internalCode: 'saving_error' }
12:29:38 - error:  
{ message: 
   [ { location: 'body',
       param: 'password',
       value: 'INVALID',
       msg: 'the_password_must_have_at_least_8_characters' } ],
  internalCode: 'saving_error' }
12:29:38 - error:  
{ message: 
   [ { location: 'body',
       param: 'email',
       value: 'INVALID',
       msg: 'email_is_not_valid' },
     { location: 'body',
       param: 'email',
       value: 'INVALID',
       msg: 'the_email_must_belong_to_the_wolox_domain' } ],
  internalCode: 'saving_error' }
12:29:38 - error:  
{ message: 
   [ { location: 'body',
       param: 'firstName',
       value: '',
       msg: 'Invalid value' },
     { location: 'body',
       param: 'lastName',
       value: '',
       msg: 'Invalid value' },
     { location: 'body',
       param: 'email',
       value: '',
       msg: 'email_is_not_valid' },
     { location: 'body',
       param: 'email',
       value: '',
       msg: 'the_email_must_belong_to_the_wolox_domain' },
     { location: 'body',
       param: 'password',
       value: '',
       msg: 'the_password_must_have_at_least_8_characters' },
     { location: 'body',
       param: 'password',
       value: '',
       msg: 'the_password_must_be_alphanumeric' } ],
  internalCode: 'saving_error' }
12:29:39 - error:  
{ message: 'invalid_username_or_password',
  internalCode: 'invalid_user' }
12:29:39 - error:  
{ message: 'invalid_username_or_password',
  internalCode: 'invalid_user' }
12:29:39 - error:  
{ message: 'invalid_username_or_password',
  internalCode: 'invalid_user' }
12:29:45 - error:  
{ message: 'header_not_being_sent_or_incorrect',
  internalCode: 'header_not_being_sent_or_incorrect' }
12:29:46 - error:  
{ message: 'header_not_being_sent_or_incorrect',
  internalCode: 'header_not_being_sent_or_incorrect' }
12:30:55 - info: Listening on port: 8080
12:30:56 - error:  
{ message: 
   [ { location: 'body',
       param: 'email',
       value: 'email1@gmail.com',
       msg: 'the_email_must_belong_to_the_wolox_domain' } ],
  internalCode: 'saving_error' }
12:30:56 - error:  
{ message: 
   [ { location: 'body',
       param: 'password',
       value: 'INVALID',
       msg: 'the_password_must_have_at_least_8_characters' } ],
  internalCode: 'saving_error' }
12:30:56 - error:  
{ message: 
   [ { location: 'body',
       param: 'email',
       value: 'INVALID',
       msg: 'email_is_not_valid' },
     { location: 'body',
       param: 'email',
       value: 'INVALID',
       msg: 'the_email_must_belong_to_the_wolox_domain' } ],
  internalCode: 'saving_error' }
12:30:56 - error:  
{ message: 
   [ { location: 'body',
       param: 'firstName',
       value: '',
       msg: 'Invalid value' },
     { location: 'body',
       param: 'lastName',
       value: '',
       msg: 'Invalid value' },
     { location: 'body',
       param: 'email',
       value: '',
       msg: 'email_is_not_valid' },
     { location: 'body',
       param: 'email',
       value: '',
       msg: 'the_email_must_belong_to_the_wolox_domain' },
     { location: 'body',
       param: 'password',
       value: '',
       msg: 'the_password_must_have_at_least_8_characters' },
     { location: 'body',
       param: 'password',
       value: '',
       msg: 'the_password_must_be_alphanumeric' } ],
  internalCode: 'saving_error' }
12:30:57 - error:  
{ message: 'invalid_username_or_password',
  internalCode: 'invalid_user' }
12:30:57 - error:  
{ message: 'invalid_username_or_password',
  internalCode: 'invalid_user' }
12:30:57 - error:  
{ message: 'invalid_username_or_password',
  internalCode: 'invalid_user' }
12:31:03 - error:  
{ message: 'header_not_being_sent_or_incorrect',
  internalCode: 'header_not_being_sent_or_incorrect' }
12:31:03 - error:  
{ message: 'header_not_being_sent_or_incorrect',
  internalCode: 'header_not_being_sent_or_incorrect' }
12:34:08 - info: Listening on port: 8080
12:34:08 - error:  
{ message: 
   [ { location: 'body',
       param: 'email',
       value: 'email1@gmail.com',
       msg: 'the_email_must_belong_to_the_wolox_domain' } ],
  internalCode: 'saving_error' }
12:34:08 - error:  
{ message: 
   [ { location: 'body',
       param: 'password',
       value: 'INVALID',
       msg: 'the_password_must_have_at_least_8_characters' } ],
  internalCode: 'saving_error' }
12:34:08 - error:  
{ message: 
   [ { location: 'body',
       param: 'email',
       value: 'INVALID',
       msg: 'email_is_not_valid' },
     { location: 'body',
       param: 'email',
       value: 'INVALID',
       msg: 'the_email_must_belong_to_the_wolox_domain' } ],
  internalCode: 'saving_error' }
12:34:08 - error:  
{ message: 
   [ { location: 'body',
       param: 'firstName',
       value: '',
       msg: 'Invalid value' },
     { location: 'body',
       param: 'lastName',
       value: '',
       msg: 'Invalid value' },
     { location: 'body',
       param: 'email',
       value: '',
       msg: 'email_is_not_valid' },
     { location: 'body',
       param: 'email',
       value: '',
       msg: 'the_email_must_belong_to_the_wolox_domain' },
     { location: 'body',
       param: 'password',
       value: '',
       msg: 'the_password_must_have_at_least_8_characters' },
     { location: 'body',
       param: 'password',
       value: '',
       msg: 'the_password_must_be_alphanumeric' } ],
  internalCode: 'saving_error' }
12:34:09 - error:  
{ message: 'invalid_username_or_password',
  internalCode: 'invalid_user' }
12:34:09 - error:  
{ message: 'invalid_username_or_password',
  internalCode: 'invalid_user' }
12:34:09 - error:  
{ message: 'invalid_username_or_password',
  internalCode: 'invalid_user' }
12:34:15 - error:  
{ message: 'header_not_being_sent_or_incorrect',
  internalCode: 'header_not_being_sent_or_incorrect' }
12:34:16 - error:  
{ message: 'header_not_being_sent_or_incorrect',
  internalCode: 'header_not_being_sent_or_incorrect' }
12:34:37 - info: Listening on port: 8080
12:34:37 - error:  
{ message: 
   [ { location: 'body',
       param: 'password',
       value: 'INVALID',
       msg: 'the_password_must_have_at_least_8_characters' } ],
  internalCode: 'saving_error' }
12:34:37 - error:  
{ message: 
   [ { location: 'body',
       param: 'email',
       value: 'INVALID',
       msg: 'email_is_not_valid' },
     { location: 'body',
       param: 'email',
       value: 'INVALID',
       msg: 'the_email_must_belong_to_the_wolox_domain' } ],
  internalCode: 'saving_error' }
12:34:37 - error:  
{ message: 
   [ { location: 'body',
       param: 'firstName',
       value: '',
       msg: 'Invalid value' },
     { location: 'body',
       param: 'lastName',
       value: '',
       msg: 'Invalid value' },
     { location: 'body',
       param: 'email',
       value: '',
       msg: 'email_is_not_valid' },
     { location: 'body',
       param: 'email',
       value: '',
       msg: 'the_email_must_belong_to_the_wolox_domain' },
     { location: 'body',
       param: 'password',
       value: '',
       msg: 'the_password_must_have_at_least_8_characters' },
     { location: 'body',
       param: 'password',
       value: '',
       msg: 'the_password_must_be_alphanumeric' } ],
  internalCode: 'saving_error' }
12:34:38 - error:  
{ message: 'invalid_username_or_password',
  internalCode: 'invalid_user' }
12:34:38 - error:  
{ message: 'invalid_username_or_password',
  internalCode: 'invalid_user' }
12:34:38 - error:  
{ message: 'invalid_username_or_password',
  internalCode: 'invalid_user' }
12:34:44 - error:  
{ message: 'header_not_being_sent_or_incorrect',
  internalCode: 'header_not_being_sent_or_incorrect' }
12:34:45 - error:  
{ message: 'header_not_being_sent_or_incorrect',
  internalCode: 'header_not_being_sent_or_incorrect' }
12:35:08 - info: Listening on port: 8080
12:35:08 - error:  
{ message: 
   [ { location: 'body',
       param: 'password',
       value: 'INVALID',
       msg: 'the_password_must_have_at_least_8_characters' } ],
  internalCode: 'saving_error' }
12:35:09 - error:  
{ message: 
   [ { location: 'body',
       param: 'email',
       value: 'INVALID',
       msg: 'email_is_not_valid' },
     { location: 'body',
       param: 'email',
       value: 'INVALID',
       msg: 'the_email_must_belong_to_the_wolox_domain' } ],
  internalCode: 'saving_error' }
12:35:09 - error:  
{ message: 
   [ { location: 'body',
       param: 'firstName',
       value: '',
       msg: 'Invalid value' },
     { location: 'body',
       param: 'lastName',
       value: '',
       msg: 'Invalid value' },
     { location: 'body',
       param: 'email',
       value: '',
       msg: 'email_is_not_valid' },
     { location: 'body',
       param: 'email',
       value: '',
       msg: 'the_email_must_belong_to_the_wolox_domain' },
     { location: 'body',
       param: 'password',
       value: '',
       msg: 'the_password_must_have_at_least_8_characters' },
     { location: 'body',
       param: 'password',
       value: '',
       msg: 'the_password_must_be_alphanumeric' } ],
  internalCode: 'saving_error' }
12:35:10 - error:  
{ message: 'invalid_username_or_password',
  internalCode: 'invalid_user' }
12:35:10 - error:  
{ message: 'invalid_username_or_password',
  internalCode: 'invalid_user' }
12:35:10 - error:  
{ message: 'invalid_username_or_password',
  internalCode: 'invalid_user' }
12:35:16 - error:  
{ message: 'header_not_being_sent_or_incorrect',
  internalCode: 'header_not_being_sent_or_incorrect' }
12:35:16 - error:  
{ message: 'header_not_being_sent_or_incorrect',
  internalCode: 'header_not_being_sent_or_incorrect' }
12:35:41 - info: Listening on port: 8080
12:35:42 - error:  
{ message: 
   [ { location: 'body',
       param: 'password',
       value: 'INVALID',
       msg: 'the_password_must_have_at_least_8_characters' } ],
  internalCode: 'saving_error' }
12:35:42 - error:  
{ message: 
   [ { location: 'body',
       param: 'email',
       value: 'INVALID',
       msg: 'email_is_not_valid' },
     { location: 'body',
       param: 'email',
       value: 'INVALID',
       msg: 'the_email_must_belong_to_the_wolox_domain' } ],
  internalCode: 'saving_error' }
12:35:42 - error:  
{ message: 
   [ { location: 'body',
       param: 'firstName',
       value: '',
       msg: 'Invalid value' },
     { location: 'body',
       param: 'lastName',
       value: '',
       msg: 'Invalid value' },
     { location: 'body',
       param: 'email',
       value: '',
       msg: 'email_is_not_valid' },
     { location: 'body',
       param: 'email',
       value: '',
       msg: 'the_email_must_belong_to_the_wolox_domain' },
     { location: 'body',
       param: 'password',
       value: '',
       msg: 'the_password_must_have_at_least_8_characters' },
     { location: 'body',
       param: 'password',
       value: '',
       msg: 'the_password_must_be_alphanumeric' } ],
  internalCode: 'saving_error' }
12:35:43 - error:  
{ message: 'invalid_username_or_password',
  internalCode: 'invalid_user' }
12:35:43 - error:  
{ message: 'invalid_username_or_password',
  internalCode: 'invalid_user' }
12:35:43 - error:  
{ message: 'invalid_username_or_password',
  internalCode: 'invalid_user' }
12:35:49 - error:  
{ message: 'header_not_being_sent_or_incorrect',
  internalCode: 'header_not_being_sent_or_incorrect' }
12:35:49 - error:  
{ message: 'header_not_being_sent_or_incorrect',
  internalCode: 'header_not_being_sent_or_incorrect' }
12:37:28 - info: Listening on port: 8080
12:37:28 - error:  
{ message: 
   [ { location: 'body',
       param: 'password',
       value: 'INVALID',
       msg: 'the_password_must_have_at_least_8_characters' } ],
  internalCode: 'saving_error' }
12:37:28 - error:  
{ message: 
   [ { location: 'body',
       param: 'email',
       value: 'INVALID',
       msg: 'email_is_not_valid' },
     { location: 'body',
       param: 'email',
       value: 'INVALID',
       msg: 'the_email_must_belong_to_the_wolox_domain' } ],
  internalCode: 'saving_error' }
12:37:28 - error:  
{ message: 
   [ { location: 'body',
       param: 'firstName',
       value: '',
       msg: 'Invalid value' },
     { location: 'body',
       param: 'lastName',
       value: '',
       msg: 'Invalid value' },
     { location: 'body',
       param: 'email',
       value: '',
       msg: 'email_is_not_valid' },
     { location: 'body',
       param: 'email',
       value: '',
       msg: 'the_email_must_belong_to_the_wolox_domain' },
     { location: 'body',
       param: 'password',
       value: '',
       msg: 'the_password_must_have_at_least_8_characters' },
     { location: 'body',
       param: 'password',
       value: '',
       msg: 'the_password_must_be_alphanumeric' } ],
  internalCode: 'saving_error' }
12:37:29 - error:  
{ message: 'invalid_username_or_password',
  internalCode: 'invalid_user' }
12:37:29 - error:  
{ message: 'invalid_username_or_password',
  internalCode: 'invalid_user' }
12:37:29 - error:  
{ message: 'invalid_username_or_password',
  internalCode: 'invalid_user' }
12:37:35 - error:  
{ message: 'header_not_being_sent_or_incorrect',
  internalCode: 'header_not_being_sent_or_incorrect' }
12:37:35 - error:  
{ message: 'header_not_being_sent_or_incorrect',
  internalCode: 'header_not_being_sent_or_incorrect' }
12:38:10 - info: Listening on port: 8080
12:38:11 - error:  
{ message: 
   [ { location: 'body',
       param: 'password',
       value: 'INVALID',
       msg: 'the_password_must_have_at_least_8_characters' } ],
  internalCode: 'saving_error' }
12:38:11 - error:  
{ message: 
   [ { location: 'body',
       param: 'email',
       value: 'INVALID',
       msg: 'email_is_not_valid' },
     { location: 'body',
       param: 'email',
       value: 'INVALID',
       msg: 'the_email_must_belong_to_the_wolox_domain' } ],
  internalCode: 'saving_error' }
12:38:11 - error:  
{ message: 
   [ { location: 'body',
       param: 'firstName',
       value: '',
       msg: 'Invalid value' },
     { location: 'body',
       param: 'lastName',
       value: '',
       msg: 'Invalid value' },
     { location: 'body',
       param: 'email',
       value: '',
       msg: 'email_is_not_valid' },
     { location: 'body',
       param: 'email',
       value: '',
       msg: 'the_email_must_belong_to_the_wolox_domain' },
     { location: 'body',
       param: 'password',
       value: '',
       msg: 'the_password_must_have_at_least_8_characters' },
     { location: 'body',
       param: 'password',
       value: '',
       msg: 'the_password_must_be_alphanumeric' } ],
  internalCode: 'saving_error' }
12:38:11 - error:  
{ message: 
   [ { location: 'body',
       param: 'email',
       value: 'email1@wolox.com.r',
       msg: 'email_is_not_valid' },
     { location: 'body',
       param: 'email',
       value: 'email1@wolox.com.r',
       msg: 'the_email_must_belong_to_the_wolox_domain' } ],
  internalCode: 'saving_error' }
12:38:11 - error:  
{ message: 'invalid_username_or_password',
  internalCode: 'invalid_user' }
12:38:12 - error:  
{ message: 'invalid_username_or_password',
  internalCode: 'invalid_user' }
12:38:12 - error:  
{ message: 'invalid_username_or_password',
  internalCode: 'invalid_user' }
12:38:18 - error:  
{ message: 'header_not_being_sent_or_incorrect',
  internalCode: 'header_not_being_sent_or_incorrect' }
12:38:18 - error:  
{ message: 'header_not_being_sent_or_incorrect',
  internalCode: 'header_not_being_sent_or_incorrect' }
12:39:23 - info: Listening on port: 8080
12:39:23 - error:  
{ message: 
   [ { location: 'body',
       param: 'password',
       value: 'INVALID',
       msg: 'the_password_must_have_at_least_8_characters' } ],
  internalCode: 'saving_error' }
12:39:23 - error:  
{ message: 
   [ { location: 'body',
       param: 'email',
       value: 'INVALID',
       msg: 'email_is_not_valid' },
     { location: 'body',
       param: 'email',
       value: 'INVALID',
       msg: 'the_email_must_belong_to_the_wolox_domain' } ],
  internalCode: 'saving_error' }
12:39:23 - error:  
{ message: 
   [ { location: 'body',
       param: 'firstName',
       value: '',
       msg: 'Invalid value' },
     { location: 'body',
       param: 'lastName',
       value: '',
       msg: 'Invalid value' },
     { location: 'body',
       param: 'email',
       value: '',
       msg: 'email_is_not_valid' },
     { location: 'body',
       param: 'email',
       value: '',
       msg: 'the_email_must_belong_to_the_wolox_domain' },
     { location: 'body',
       param: 'password',
       value: '',
       msg: 'the_password_must_have_at_least_8_characters' },
     { location: 'body',
       param: 'password',
       value: '',
       msg: 'the_password_must_be_alphanumeric' } ],
  internalCode: 'saving_error' }
12:39:24 - error:  
{ message: 
   [ { location: 'body',
       param: 'email',
       value: 'email1@wolox.com',
       msg: 'the_email_must_belong_to_the_wolox_domain' } ],
  internalCode: 'saving_error' }
12:39:24 - error:  
{ message: 'invalid_username_or_password',
  internalCode: 'invalid_user' }
12:39:24 - error:  
{ message: 'invalid_username_or_password',
  internalCode: 'invalid_user' }
12:39:24 - error:  
{ message: 'invalid_username_or_password',
  internalCode: 'invalid_user' }
12:39:30 - error:  
{ message: 'header_not_being_sent_or_incorrect',
  internalCode: 'header_not_being_sent_or_incorrect' }
12:39:31 - error:  
{ message: 'header_not_being_sent_or_incorrect',
  internalCode: 'header_not_being_sent_or_incorrect' }
13:44:32 - info: Listening on port: 8080
13:44:32 - error:  
{ message: 
   [ { location: 'body',
       param: 'password',
       value: 'INVALID',
       msg: 'the_password_must_have_at_least_8_characters' } ],
  internalCode: 'saving_error' }
13:44:32 - error:  
{ message: 
   [ { location: 'body',
       param: 'email',
       value: 'INVALID',
       msg: 'email_is_not_valid' },
     { location: 'body',
       param: 'email',
       value: 'INVALID',
       msg: 'the_email_must_belong_to_the_wolox_domain' } ],
  internalCode: 'saving_error' }
13:44:32 - error:  
{ message: 
   [ { location: 'body',
       param: 'firstName',
       value: '',
       msg: 'Invalid value' },
     { location: 'body',
       param: 'lastName',
       value: '',
       msg: 'Invalid value' },
     { location: 'body',
       param: 'email',
       value: '',
       msg: 'email_is_not_valid' },
     { location: 'body',
       param: 'email',
       value: '',
       msg: 'the_email_must_belong_to_the_wolox_domain' },
     { location: 'body',
       param: 'password',
       value: '',
       msg: 'the_password_must_have_at_least_8_characters' },
     { location: 'body',
       param: 'password',
       value: '',
       msg: 'the_password_must_be_alphanumeric' } ],
  internalCode: 'saving_error' }
13:44:33 - error:  
{ message: 'invalid_username_or_password',
  internalCode: 'invalid_user' }
13:44:33 - error:  
{ message: 'invalid_username_or_password',
  internalCode: 'invalid_user' }
13:44:33 - error:  
{ message: 'invalid_username_or_password',
  internalCode: 'invalid_user' }
13:44:39 - error:  
{ message: 'header_not_being_sent_or_incorrect',
  internalCode: 'header_not_being_sent_or_incorrect' }
13:44:39 - error:  
{ message: 'header_not_being_sent_or_incorrect',
  internalCode: 'header_not_being_sent_or_incorrect' }
13:45:30 - info: Listening on port: 8080
13:45:30 - error:  
{ message: 
   [ { location: 'body',
       param: 'password',
       value: 'INVALID',
       msg: 'the_password_must_have_at_least_8_characters' } ],
  internalCode: 'saving_error' }
13:45:30 - error:  
{ message: 
   [ { location: 'body',
       param: 'email',
       value: 'INVALID',
       msg: 'email_is_not_valid' },
     { location: 'body',
       param: 'email',
       value: 'INVALID',
       msg: 'the_email_must_belong_to_the_wolox_domain' } ],
  internalCode: 'saving_error' }
13:45:31 - error:  
{ message: 
   [ { location: 'body',
       param: 'firstName',
       value: '',
       msg: 'Invalid value' },
     { location: 'body',
       param: 'lastName',
       value: '',
       msg: 'Invalid value' },
     { location: 'body',
       param: 'email',
       value: '',
       msg: 'email_is_not_valid' },
     { location: 'body',
       param: 'email',
       value: '',
       msg: 'the_email_must_belong_to_the_wolox_domain' },
     { location: 'body',
       param: 'password',
       value: '',
       msg: 'the_password_must_have_at_least_8_characters' },
     { location: 'body',
       param: 'password',
       value: '',
       msg: 'the_password_must_be_alphanumeric' } ],
  internalCode: 'saving_error' }
13:45:31 - error:  
{ message: 'invalid_username_or_password',
  internalCode: 'invalid_user' }
13:45:32 - error:  
{ message: 'invalid_username_or_password',
  internalCode: 'invalid_user' }
13:45:32 - error:  
{ message: 'header_not_being_sent_or_incorrect',
  internalCode: 'header_not_being_sent_or_incorrect' }
13:45:32 - error:  
{ message: 'header_not_being_sent_or_incorrect',
  internalCode: 'header_not_being_sent_or_incorrect' }
13:46:07 - info: Listening on port: 8080
13:46:07 - error:  
{ message: 
   [ { location: 'body',
       param: 'password',
       value: 'INVALID',
       msg: 'the_password_must_have_at_least_8_characters' } ],
  internalCode: 'saving_error' }
13:46:07 - error:  
{ message: 
   [ { location: 'body',
       param: 'email',
       value: 'INVALID',
       msg: 'email_is_not_valid' },
     { location: 'body',
       param: 'email',
       value: 'INVALID',
       msg: 'the_email_must_belong_to_the_wolox_domain' } ],
  internalCode: 'saving_error' }
13:46:08 - error:  
{ message: 
   [ { location: 'body',
       param: 'firstName',
       value: '',
       msg: 'Invalid value' },
     { location: 'body',
       param: 'lastName',
       value: '',
       msg: 'Invalid value' },
     { location: 'body',
       param: 'email',
       value: '',
       msg: 'email_is_not_valid' },
     { location: 'body',
       param: 'email',
       value: '',
       msg: 'the_email_must_belong_to_the_wolox_domain' },
     { location: 'body',
       param: 'password',
       value: '',
       msg: 'the_password_must_have_at_least_8_characters' },
     { location: 'body',
       param: 'password',
       value: '',
       msg: 'the_password_must_be_alphanumeric' } ],
  internalCode: 'saving_error' }
13:46:08 - error:  
{ message: 'email_already_exists',
  internalCode: 'saving_error' }
13:46:08 - error:  
{ message: 'invalid_username_or_password',
  internalCode: 'invalid_user' }
13:46:08 - error:  
{ message: 'invalid_username_or_password',
  internalCode: 'invalid_user' }
13:46:09 - error:  
{ message: 'header_not_being_sent_or_incorrect',
  internalCode: 'header_not_being_sent_or_incorrect' }
13:46:09 - error:  
{ message: 'header_not_being_sent_or_incorrect',
  internalCode: 'header_not_being_sent_or_incorrect' }
13:48:08 - info: Listening on port: 8080
13:48:08 - error:  
{ message: 
   [ { location: 'body',
       param: 'password',
       value: 'INVALID',
       msg: 'the_password_must_have_at_least_8_characters' } ],
  internalCode: 'saving_error' }
13:48:08 - error:  
{ message: 
   [ { location: 'body',
       param: 'email',
       value: 'INVALID',
       msg: 'email_is_not_valid' },
     { location: 'body',
       param: 'email',
       value: 'INVALID',
       msg: 'the_email_must_belong_to_the_wolox_domain' } ],
  internalCode: 'saving_error' }
13:48:08 - error:  
{ message: 
   [ { location: 'body',
       param: 'firstName',
       value: '',
       msg: 'Invalid value' },
     { location: 'body',
       param: 'lastName',
       value: '',
       msg: 'Invalid value' },
     { location: 'body',
       param: 'email',
       value: '',
       msg: 'email_is_not_valid' },
     { location: 'body',
       param: 'email',
       value: '',
       msg: 'the_email_must_belong_to_the_wolox_domain' },
     { location: 'body',
       param: 'password',
       value: '',
       msg: 'the_password_must_have_at_least_8_characters' },
     { location: 'body',
       param: 'password',
       value: '',
       msg: 'the_password_must_be_alphanumeric' } ],
  internalCode: 'saving_error' }
13:48:08 - error:  
{ message: 'email_already_exists',
  internalCode: 'saving_error' }
13:48:09 - error:  
{ message: 'invalid_username_or_password',
  internalCode: 'invalid_user' }
13:48:09 - error:  
{ message: 'invalid_username_or_password',
  internalCode: 'invalid_user' }
13:48:09 - error:  
{ message: 'invalid_username_or_password',
  internalCode: 'invalid_user' }
13:48:15 - error:  
{ message: 'header_not_being_sent_or_incorrect',
  internalCode: 'header_not_being_sent_or_incorrect' }
13:48:15 - error:  
{ message: 'header_not_being_sent_or_incorrect',
  internalCode: 'header_not_being_sent_or_incorrect' }
13:48:57 - info: Listening on port: 8080
13:48:57 - error:  
{ message: 
   [ { location: 'body',
       param: 'password',
       value: 'INVALID',
       msg: 'the_password_must_have_at_least_8_characters' } ],
  internalCode: 'saving_error' }
13:48:57 - error:  
{ message: 
   [ { location: 'body',
       param: 'email',
       value: 'INVALID',
       msg: 'email_is_not_valid' },
     { location: 'body',
       param: 'email',
       value: 'INVALID',
       msg: 'the_email_must_belong_to_the_wolox_domain' } ],
  internalCode: 'saving_error' }
13:48:57 - error:  
{ message: 
   [ { location: 'body',
       param: 'firstName',
       value: '',
       msg: 'Invalid value' },
     { location: 'body',
       param: 'lastName',
       value: '',
       msg: 'Invalid value' },
     { location: 'body',
       param: 'email',
       value: '',
       msg: 'email_is_not_valid' },
     { location: 'body',
       param: 'email',
       value: '',
       msg: 'the_email_must_belong_to_the_wolox_domain' },
     { location: 'body',
       param: 'password',
       value: '',
       msg: 'the_password_must_have_at_least_8_characters' },
     { location: 'body',
       param: 'password',
       value: '',
       msg: 'the_password_must_be_alphanumeric' } ],
  internalCode: 'saving_error' }
13:48:57 - error:  
{ message: 'email_already_exists',
  internalCode: 'saving_error' }
13:48:58 - error:  
{ message: 'invalid_username_or_password',
  internalCode: 'invalid_user' }
13:48:58 - error:  
{ message: 'invalid_username_or_password',
  internalCode: 'invalid_user' }
13:48:58 - error:  
{ message: 'invalid_username_or_password',
  internalCode: 'invalid_user' }
13:49:04 - error:  
{ message: 'header_not_being_sent_or_incorrect',
  internalCode: 'header_not_being_sent_or_incorrect' }
13:49:04 - error:  
{ message: 'header_not_being_sent_or_incorrect',
  internalCode: 'header_not_being_sent_or_incorrect' }
13:53:07 - info: Listening on port: 8080
13:53:07 - error:  
{ message: 
   [ { location: 'body',
       param: 'password',
       value: 'INVALID',
       msg: 'the_password_must_have_at_least_8_characters' } ],
  internalCode: 'saving_error' }
13:53:07 - error:  
{ message: 
   [ { location: 'body',
       param: 'email',
       value: 'INVALID',
       msg: 'email_is_not_valid' },
     { location: 'body',
       param: 'email',
       value: 'INVALID',
       msg: 'the_email_must_belong_to_the_wolox_domain' } ],
  internalCode: 'saving_error' }
13:53:07 - error:  
{ message: 
   [ { location: 'body',
       param: 'firstName',
       value: '',
       msg: 'Invalid value' },
     { location: 'body',
       param: 'lastName',
       value: '',
       msg: 'Invalid value' },
     { location: 'body',
       param: 'email',
       value: '',
       msg: 'email_is_not_valid' },
     { location: 'body',
       param: 'email',
       value: '',
       msg: 'the_email_must_belong_to_the_wolox_domain' },
     { location: 'body',
       param: 'password',
       value: '',
       msg: 'the_password_must_have_at_least_8_characters' },
     { location: 'body',
       param: 'password',
       value: '',
       msg: 'the_password_must_be_alphanumeric' } ],
  internalCode: 'saving_error' }
13:53:07 - error:  
{ message: 'email_already_exists',
  internalCode: 'saving_error' }
13:53:08 - error:  
{ message: 'invalid_username_or_password',
  internalCode: 'invalid_user' }
13:53:08 - error:  
{ message: 'invalid_username_or_password',
  internalCode: 'invalid_user' }
13:53:08 - error:  
{ message: 'invalid_username_or_password',
  internalCode: 'invalid_user' }
13:53:14 - error:  
{ message: 'header_not_being_sent_or_incorrect',
  internalCode: 'header_not_being_sent_or_incorrect' }
13:53:14 - error:  
{ message: 'header_not_being_sent_or_incorrect',
  internalCode: 'header_not_being_sent_or_incorrect' }
14:01:54 - info: Listening on port: 8080
14:01:55 - error:  
{ message: 
   [ { location: 'body',
       param: 'password',
       value: 'INVALID',
       msg: 'the_password_must_have_at_least_8_characters' } ],
  internalCode: 'saving_error' }
14:01:55 - error:  
{ message: 
   [ { location: 'body',
       param: 'email',
       value: 'INVALID',
       msg: 'email_is_not_valid' },
     { location: 'body',
       param: 'email',
       value: 'INVALID',
       msg: 'the_email_must_belong_to_the_wolox_domain' } ],
  internalCode: 'saving_error' }
14:01:55 - error:  
{ message: 
   [ { location: 'body',
       param: 'firstName',
       value: '',
       msg: 'Invalid value' },
     { location: 'body',
       param: 'lastName',
       value: '',
       msg: 'Invalid value' },
     { location: 'body',
       param: 'email',
       value: '',
       msg: 'email_is_not_valid' },
     { location: 'body',
       param: 'email',
       value: '',
       msg: 'the_email_must_belong_to_the_wolox_domain' },
     { location: 'body',
       param: 'password',
       value: '',
       msg: 'the_password_must_have_at_least_8_characters' },
     { location: 'body',
       param: 'password',
       value: '',
       msg: 'the_password_must_be_alphanumeric' } ],
  internalCode: 'saving_error' }
14:01:55 - error:  
{ message: 'email_already_exists',
  internalCode: 'saving_error' }
14:01:55 - error:  
{ message: 'invalid_username_or_password',
  internalCode: 'invalid_user' }
14:01:56 - error:  
{ message: 'invalid_username_or_password',
  internalCode: 'invalid_user' }
14:01:56 - error:  
{ message: 'invalid_username_or_password',
  internalCode: 'invalid_user' }
14:02:02 - error:  
{ message: 'header_not_being_sent_or_incorrect',
  internalCode: 'header_not_being_sent_or_incorrect' }
14:02:02 - error:  
{ message: 'header_not_being_sent_or_incorrect',
  internalCode: 'header_not_being_sent_or_incorrect' }
14:02:37 - info: Listening on port: 8080
14:02:37 - error:  
{ message: 
   [ { location: 'body',
       param: 'password',
       value: 'INVALID',
       msg: 'the_password_must_have_at_least_8_characters' } ],
  internalCode: 'saving_error' }
14:02:37 - error:  
{ message: 
   [ { location: 'body',
       param: 'email',
       value: 'INVALID',
       msg: 'email_is_not_valid' },
     { location: 'body',
       param: 'email',
       value: 'INVALID',
       msg: 'the_email_must_belong_to_the_wolox_domain' } ],
  internalCode: 'saving_error' }
14:02:37 - error:  
{ message: 
   [ { location: 'body',
       param: 'firstName',
       value: '',
       msg: 'Invalid value' },
     { location: 'body',
       param: 'lastName',
       value: '',
       msg: 'Invalid value' },
     { location: 'body',
       param: 'email',
       value: '',
       msg: 'email_is_not_valid' },
     { location: 'body',
       param: 'email',
       value: '',
       msg: 'the_email_must_belong_to_the_wolox_domain' },
     { location: 'body',
       param: 'password',
       value: '',
       msg: 'the_password_must_have_at_least_8_characters' },
     { location: 'body',
       param: 'password',
       value: '',
       msg: 'the_password_must_be_alphanumeric' } ],
  internalCode: 'saving_error' }
14:02:38 - error:  
{ message: 'email_already_exists',
  internalCode: 'saving_error' }
14:02:38 - error:  
{ message: 'invalid_username_or_password',
  internalCode: 'invalid_user' }
14:02:38 - error:  
{ message: 'invalid_username_or_password',
  internalCode: 'invalid_user' }
14:02:38 - error:  
{ message: 'invalid_username_or_password',
  internalCode: 'invalid_user' }
14:02:44 - error:  
{ message: 'header_not_being_sent_or_incorrect',
  internalCode: 'header_not_being_sent_or_incorrect' }
14:02:44 - error:  
{ message: 'header_not_being_sent_or_incorrect',
  internalCode: 'header_not_being_sent_or_incorrect' }
14:06:32 - info: Listening on port: 8080
14:06:32 - error:  
{ message: 
   [ { location: 'body',
       param: 'password',
       value: 'INVALID',
       msg: 'the_password_must_have_at_least_8_characters' } ],
  internalCode: 'saving_error' }
14:06:32 - error:  
{ message: 
   [ { location: 'body',
       param: 'email',
       value: 'INVALID',
       msg: 'email_is_not_valid' },
     { location: 'body',
       param: 'email',
       value: 'INVALID',
       msg: 'the_email_must_belong_to_the_wolox_domain' } ],
  internalCode: 'saving_error' }
14:06:32 - error:  
{ message: 
   [ { location: 'body',
       param: 'firstName',
       value: '',
       msg: 'Invalid value' },
     { location: 'body',
       param: 'lastName',
       value: '',
       msg: 'Invalid value' },
     { location: 'body',
       param: 'email',
       value: '',
       msg: 'email_is_not_valid' },
     { location: 'body',
       param: 'email',
       value: '',
       msg: 'the_email_must_belong_to_the_wolox_domain' },
     { location: 'body',
       param: 'password',
       value: '',
       msg: 'the_password_must_have_at_least_8_characters' },
     { location: 'body',
       param: 'password',
       value: '',
       msg: 'the_password_must_be_alphanumeric' } ],
  internalCode: 'saving_error' }
14:06:33 - error:  
{ message: 'email_already_exists',
  internalCode: 'saving_error' }
14:06:33 - error:  
{ message: 'invalid_username_or_password',
  internalCode: 'invalid_user' }
14:06:33 - error:  
{ message: 'invalid_username_or_password',
  internalCode: 'invalid_user' }
14:06:33 - error:  
{ message: 'invalid_username_or_password',
  internalCode: 'invalid_user' }
14:06:39 - error:  
{ message: 'header_not_being_sent_or_incorrect',
  internalCode: 'header_not_being_sent_or_incorrect' }
14:06:39 - error:  
{ message: 'header_not_being_sent_or_incorrect',
  internalCode: 'header_not_being_sent_or_incorrect' }
14:06:47 - info: Listening on port: 8080
14:06:47 - error:  
{ message: 
   [ { location: 'body',
       param: 'password',
       value: 'INVALID',
       msg: 'the_password_must_have_at_least_8_characters' } ],
  internalCode: 'saving_error' }
14:06:47 - error:  
{ message: 
   [ { location: 'body',
       param: 'email',
       value: 'INVALID',
       msg: 'email_is_not_valid' },
     { location: 'body',
       param: 'email',
       value: 'INVALID',
       msg: 'the_email_must_belong_to_the_wolox_domain' } ],
  internalCode: 'saving_error' }
14:06:47 - error:  
{ message: 
   [ { location: 'body',
       param: 'firstName',
       value: '',
       msg: 'Invalid value' },
     { location: 'body',
       param: 'lastName',
       value: '',
       msg: 'Invalid value' },
     { location: 'body',
       param: 'email',
       value: '',
       msg: 'email_is_not_valid' },
     { location: 'body',
       param: 'email',
       value: '',
       msg: 'the_email_must_belong_to_the_wolox_domain' },
     { location: 'body',
       param: 'password',
       value: '',
       msg: 'the_password_must_have_at_least_8_characters' },
     { location: 'body',
       param: 'password',
       value: '',
       msg: 'the_password_must_be_alphanumeric' } ],
  internalCode: 'saving_error' }
14:06:48 - error:  
{ message: 'email_already_exists',
  internalCode: 'saving_error' }
14:06:48 - error:  
{ message: 'invalid_username_or_password',
  internalCode: 'invalid_user' }
14:06:48 - error:  
{ message: 'invalid_username_or_password',
  internalCode: 'invalid_user' }
14:06:48 - error:  
{ message: 'invalid_username_or_password',
  internalCode: 'invalid_user' }
14:06:54 - error:  
{ message: 'header_not_being_sent_or_incorrect',
  internalCode: 'header_not_being_sent_or_incorrect' }
14:06:55 - error:  
{ message: 'header_not_being_sent_or_incorrect',
  internalCode: 'header_not_being_sent_or_incorrect' }
14:07:46 - info: Listening on port: 8080
14:07:46 - error:  
{ message: 
   [ { location: 'body',
       param: 'password',
       value: 'INVALID',
       msg: 'the_password_must_have_at_least_8_characters' } ],
  internalCode: 'saving_error' }
14:07:47 - error:  
{ message: 
   [ { location: 'body',
       param: 'email',
       value: 'INVALID',
       msg: 'email_is_not_valid' },
     { location: 'body',
       param: 'email',
       value: 'INVALID',
       msg: 'the_email_must_belong_to_the_wolox_domain' } ],
  internalCode: 'saving_error' }
14:07:47 - error:  
{ message: 
   [ { location: 'body',
       param: 'firstName',
       value: '',
       msg: 'Invalid value' },
     { location: 'body',
       param: 'lastName',
       value: '',
       msg: 'Invalid value' },
     { location: 'body',
       param: 'email',
       value: '',
       msg: 'email_is_not_valid' },
     { location: 'body',
       param: 'email',
       value: '',
       msg: 'the_email_must_belong_to_the_wolox_domain' },
     { location: 'body',
       param: 'password',
       value: '',
       msg: 'the_password_must_have_at_least_8_characters' },
     { location: 'body',
       param: 'password',
       value: '',
       msg: 'the_password_must_be_alphanumeric' } ],
  internalCode: 'saving_error' }
14:07:47 - error:  
{ message: 'email_already_exists',
  internalCode: 'saving_error' }
14:07:47 - error:  
{ message: 'invalid_username_or_password',
  internalCode: 'invalid_user' }
14:07:48 - error:  
{ message: 'invalid_username_or_password',
  internalCode: 'invalid_user' }
14:07:48 - error:  
{ message: 'invalid_username_or_password',
  internalCode: 'invalid_user' }
14:07:54 - error:  
{ message: 'header_not_being_sent_or_incorrect',
  internalCode: 'header_not_being_sent_or_incorrect' }
14:07:54 - error:  
{ message: 'header_not_being_sent_or_incorrect',
  internalCode: 'header_not_being_sent_or_incorrect' }
14:08:10 - info: Listening on port: 8080
14:08:11 - error:  
{ message: 
   [ { location: 'body',
       param: 'password',
       value: 'INVALID',
       msg: 'the_password_must_have_at_least_8_characters' } ],
  internalCode: 'saving_error' }
14:08:11 - error:  
{ message: 
   [ { location: 'body',
       param: 'email',
       value: 'INVALID',
       msg: 'email_is_not_valid' },
     { location: 'body',
       param: 'email',
       value: 'INVALID',
       msg: 'the_email_must_belong_to_the_wolox_domain' } ],
  internalCode: 'saving_error' }
14:08:11 - error:  
{ message: 
   [ { location: 'body',
       param: 'firstName',
       value: '',
       msg: 'Invalid value' },
     { location: 'body',
       param: 'lastName',
       value: '',
       msg: 'Invalid value' },
     { location: 'body',
       param: 'email',
       value: '',
       msg: 'email_is_not_valid' },
     { location: 'body',
       param: 'email',
       value: '',
       msg: 'the_email_must_belong_to_the_wolox_domain' },
     { location: 'body',
       param: 'password',
       value: '',
       msg: 'the_password_must_have_at_least_8_characters' },
     { location: 'body',
       param: 'password',
       value: '',
       msg: 'the_password_must_be_alphanumeric' } ],
  internalCode: 'saving_error' }
14:08:11 - error:  
{ message: 'email_already_exists',
  internalCode: 'saving_error' }
14:08:11 - error:  
{ message: 'invalid_username_or_password',
  internalCode: 'invalid_user' }
14:08:12 - error:  
{ message: 'invalid_username_or_password',
  internalCode: 'invalid_user' }
14:08:12 - error:  
{ message: 'invalid_username_or_password',
  internalCode: 'invalid_user' }
14:08:18 - error:  
{ message: 'header_not_being_sent_or_incorrect',
  internalCode: 'header_not_being_sent_or_incorrect' }
14:08:18 - error:  
{ message: 'header_not_being_sent_or_incorrect',
  internalCode: 'header_not_being_sent_or_incorrect' }
14:09:45 - info: Listening on port: 8080
14:09:45 - error:  
{ message: 
   [ { location: 'body',
       param: 'password',
       value: 'INVALID',
       msg: 'the_password_must_have_at_least_8_characters' } ],
  internalCode: 'saving_error' }
14:09:46 - error:  
{ message: 
   [ { location: 'body',
       param: 'email',
       value: 'INVALID',
       msg: 'email_is_not_valid' },
     { location: 'body',
       param: 'email',
       value: 'INVALID',
       msg: 'the_email_must_belong_to_the_wolox_domain' } ],
  internalCode: 'saving_error' }
14:09:46 - error:  
{ message: 
   [ { location: 'body',
       param: 'firstName',
       value: '',
       msg: 'Invalid value' },
     { location: 'body',
       param: 'lastName',
       value: '',
       msg: 'Invalid value' },
     { location: 'body',
       param: 'email',
       value: '',
       msg: 'email_is_not_valid' },
     { location: 'body',
       param: 'email',
       value: '',
       msg: 'the_email_must_belong_to_the_wolox_domain' },
     { location: 'body',
       param: 'password',
       value: '',
       msg: 'the_password_must_have_at_least_8_characters' },
     { location: 'body',
       param: 'password',
       value: '',
       msg: 'the_password_must_be_alphanumeric' } ],
  internalCode: 'saving_error' }
14:09:46 - error:  
{ message: 'invalid_username_or_password',
  internalCode: 'invalid_user' }
14:09:47 - error:  
{ message: 'invalid_username_or_password',
  internalCode: 'invalid_user' }
14:09:47 - error:  
{ message: 'invalid_username_or_password',
  internalCode: 'invalid_user' }
14:09:53 - error:  
{ message: 'header_not_being_sent_or_incorrect',
  internalCode: 'header_not_being_sent_or_incorrect' }
14:09:53 - error:  
{ message: 'header_not_being_sent_or_incorrect',
  internalCode: 'header_not_being_sent_or_incorrect' }
14:10:08 - info: Listening on port: 8080
14:10:08 - error:  
{ message: 
   [ { location: 'body',
       param: 'password',
       value: 'INVALID',
       msg: 'the_password_must_have_at_least_8_characters' } ],
  internalCode: 'saving_error' }
14:10:08 - error:  
{ message: 
   [ { location: 'body',
       param: 'email',
       value: 'INVALID',
       msg: 'email_is_not_valid' },
     { location: 'body',
       param: 'email',
       value: 'INVALID',
       msg: 'the_email_must_belong_to_the_wolox_domain' } ],
  internalCode: 'saving_error' }
14:10:08 - error:  
{ message: 
   [ { location: 'body',
       param: 'firstName',
       value: '',
       msg: 'Invalid value' },
     { location: 'body',
       param: 'lastName',
       value: '',
       msg: 'Invalid value' },
     { location: 'body',
       param: 'email',
       value: '',
       msg: 'email_is_not_valid' },
     { location: 'body',
       param: 'email',
       value: '',
       msg: 'the_email_must_belong_to_the_wolox_domain' },
     { location: 'body',
       param: 'password',
       value: '',
       msg: 'the_password_must_have_at_least_8_characters' },
     { location: 'body',
       param: 'password',
       value: '',
       msg: 'the_password_must_be_alphanumeric' } ],
  internalCode: 'saving_error' }
14:10:08 - error:  
{ message: 'email_already_exists',
  internalCode: 'saving_error' }
14:10:09 - error:  
{ message: 'invalid_username_or_password',
  internalCode: 'invalid_user' }
14:10:09 - error:  
{ message: 'invalid_username_or_password',
  internalCode: 'invalid_user' }
14:10:09 - error:  
{ message: 'invalid_username_or_password',
  internalCode: 'invalid_user' }
14:10:15 - error:  
{ message: 'header_not_being_sent_or_incorrect',
  internalCode: 'header_not_being_sent_or_incorrect' }
14:10:15 - error:  
{ message: 'header_not_being_sent_or_incorrect',
  internalCode: 'header_not_being_sent_or_incorrect' }
14:10:56 - info: Listening on port: 8080
14:10:56 - error:  
{ message: 
   [ { location: 'body',
       param: 'password',
       value: 'INVALID',
       msg: 'the_password_must_have_at_least_8_characters' } ],
  internalCode: 'saving_error' }
14:10:56 - error:  
{ message: 
   [ { location: 'body',
       param: 'email',
       value: 'INVALID',
       msg: 'email_is_not_valid' },
     { location: 'body',
       param: 'email',
       value: 'INVALID',
       msg: 'the_email_must_belong_to_the_wolox_domain' } ],
  internalCode: 'saving_error' }
14:10:56 - error:  
{ message: 
   [ { location: 'body',
       param: 'firstName',
       value: '',
       msg: 'Invalid value' },
     { location: 'body',
       param: 'lastName',
       value: '',
       msg: 'Invalid value' },
     { location: 'body',
       param: 'email',
       value: '',
       msg: 'email_is_not_valid' },
     { location: 'body',
       param: 'email',
       value: '',
       msg: 'the_email_must_belong_to_the_wolox_domain' },
     { location: 'body',
       param: 'password',
       value: '',
       msg: 'the_password_must_have_at_least_8_characters' },
     { location: 'body',
       param: 'password',
       value: '',
       msg: 'the_password_must_be_alphanumeric' } ],
  internalCode: 'saving_error' }
14:10:57 - error:  
{ message: 'email_already_exists',
  internalCode: 'saving_error' }
14:11:03 - error:  
{ message: 'invalid_username_or_password',
  internalCode: 'invalid_user' }
14:11:03 - error:  
{ message: 'invalid_username_or_password',
  internalCode: 'invalid_user' }
14:11:03 - error:  
{ message: 'invalid_username_or_password',
  internalCode: 'invalid_user' }
14:16:38 - info: Listening on port: 8080
14:16:38 - error:  
{ message: 
   [ { location: 'body',
       param: 'password',
       value: 'INVALID',
       msg: 'the_password_must_have_at_least_8_characters' } ],
  internalCode: 'saving_error' }
14:16:38 - error:  
{ message: 
   [ { location: 'body',
       param: 'email',
       value: 'INVALID',
       msg: 'email_is_not_valid' },
     { location: 'body',
       param: 'email',
       value: 'INVALID',
       msg: 'the_email_must_belong_to_the_wolox_domain' } ],
  internalCode: 'saving_error' }
14:16:38 - error:  
{ message: 
   [ { location: 'body',
       param: 'firstName',
       value: '',
       msg: 'Invalid value' },
     { location: 'body',
       param: 'lastName',
       value: '',
       msg: 'Invalid value' },
     { location: 'body',
       param: 'email',
       value: '',
       msg: 'email_is_not_valid' },
     { location: 'body',
       param: 'email',
       value: '',
       msg: 'the_email_must_belong_to_the_wolox_domain' },
     { location: 'body',
       param: 'password',
       value: '',
       msg: 'the_password_must_have_at_least_8_characters' },
     { location: 'body',
       param: 'password',
       value: '',
       msg: 'the_password_must_be_alphanumeric' } ],
  internalCode: 'saving_error' }
14:16:39 - error:  
{ message: 'email_already_exists',
  internalCode: 'saving_error' }
14:16:45 - error:  
{ message: 'invalid_username_or_password',
  internalCode: 'invalid_user' }
14:16:45 - error:  
{ message: 'invalid_username_or_password',
  internalCode: 'invalid_user' }
14:16:45 - error:  
{ message: 'invalid_username_or_password',
  internalCode: 'invalid_user' }
14:16:51 - error:  
{ message: 'header_not_being_sent_or_incorrect',
  internalCode: 'header_not_being_sent_or_incorrect' }
14:16:51 - error:  
{ message: 'header_not_being_sent_or_incorrect',
  internalCode: 'header_not_being_sent_or_incorrect' }
14:17:47 - info: Listening on port: 8080
14:17:47 - error:  
{ message: 
   [ { location: 'body',
       param: 'password',
       value: 'INVALID',
       msg: 'the_password_must_have_at_least_8_characters' } ],
  internalCode: 'saving_error' }
14:17:48 - error:  
{ message: 
   [ { location: 'body',
       param: 'email',
       value: 'INVALID',
       msg: 'email_is_not_valid' },
     { location: 'body',
       param: 'email',
       value: 'INVALID',
       msg: 'the_email_must_belong_to_the_wolox_domain' } ],
  internalCode: 'saving_error' }
14:17:48 - error:  
{ message: 
   [ { location: 'body',
       param: 'firstName',
       value: '',
       msg: 'Invalid value' },
     { location: 'body',
       param: 'lastName',
       value: '',
       msg: 'Invalid value' },
     { location: 'body',
       param: 'email',
       value: '',
       msg: 'email_is_not_valid' },
     { location: 'body',
       param: 'email',
       value: '',
       msg: 'the_email_must_belong_to_the_wolox_domain' },
     { location: 'body',
       param: 'password',
       value: '',
       msg: 'the_password_must_have_at_least_8_characters' },
     { location: 'body',
       param: 'password',
       value: '',
       msg: 'the_password_must_be_alphanumeric' } ],
  internalCode: 'saving_error' }
14:17:48 - error:  
{ message: 'invalid_username_or_password',
  internalCode: 'invalid_user' }
14:17:49 - error:  
{ message: 'invalid_username_or_password',
  internalCode: 'invalid_user' }
14:17:49 - error:  
{ message: 'invalid_username_or_password',
  internalCode: 'invalid_user' }
14:17:55 - error:  
{ message: 'header_not_being_sent_or_incorrect',
  internalCode: 'header_not_being_sent_or_incorrect' }
14:17:55 - error:  
{ message: 'header_not_being_sent_or_incorrect',
  internalCode: 'header_not_being_sent_or_incorrect' }
14:18:04 - info: Listening on port: 8080
14:18:04 - error:  
{ message: 
   [ { location: 'body',
       param: 'password',
       value: 'INVALID',
       msg: 'the_password_must_have_at_least_8_characters' } ],
  internalCode: 'saving_error' }
14:18:04 - error:  
{ message: 
   [ { location: 'body',
       param: 'email',
       value: 'INVALID',
       msg: 'email_is_not_valid' },
     { location: 'body',
       param: 'email',
       value: 'INVALID',
       msg: 'the_email_must_belong_to_the_wolox_domain' } ],
  internalCode: 'saving_error' }
14:18:04 - error:  
{ message: 
   [ { location: 'body',
       param: 'firstName',
       value: '',
       msg: 'Invalid value' },
     { location: 'body',
       param: 'lastName',
       value: '',
       msg: 'Invalid value' },
     { location: 'body',
       param: 'email',
       value: '',
       msg: 'email_is_not_valid' },
     { location: 'body',
       param: 'email',
       value: '',
       msg: 'the_email_must_belong_to_the_wolox_domain' },
     { location: 'body',
       param: 'password',
       value: '',
       msg: 'the_password_must_have_at_least_8_characters' },
     { location: 'body',
       param: 'password',
       value: '',
       msg: 'the_password_must_be_alphanumeric' } ],
  internalCode: 'saving_error' }
14:18:05 - error:  
{ message: 'email_already_exists',
  internalCode: 'saving_error' }
14:18:05 - error:  
{ message: 'invalid_username_or_password',
  internalCode: 'invalid_user' }
14:18:05 - error:  
{ message: 'invalid_username_or_password',
  internalCode: 'invalid_user' }
14:18:05 - error:  
{ message: 'invalid_username_or_password',
  internalCode: 'invalid_user' }
14:18:11 - error:  
{ message: 'header_not_being_sent_or_incorrect',
  internalCode: 'header_not_being_sent_or_incorrect' }
14:18:12 - error:  
{ message: 'header_not_being_sent_or_incorrect',
  internalCode: 'header_not_being_sent_or_incorrect' }
14:20:06 - info: Listening on port: 8080
14:20:06 - error:  
{ message: 
   [ { location: 'body',
       param: 'password',
       value: 'INVALID',
       msg: 'the_password_must_have_at_least_8_characters' } ],
  internalCode: 'saving_error' }
14:20:06 - error:  
{ message: 
   [ { location: 'body',
       param: 'email',
       value: 'INVALID',
       msg: 'email_is_not_valid' },
     { location: 'body',
       param: 'email',
       value: 'INVALID',
       msg: 'the_email_must_belong_to_the_wolox_domain' } ],
  internalCode: 'saving_error' }
14:20:06 - error:  
{ message: 
   [ { location: 'body',
       param: 'firstName',
       value: '',
       msg: 'Invalid value' },
     { location: 'body',
       param: 'lastName',
       value: '',
       msg: 'Invalid value' },
     { location: 'body',
       param: 'email',
       value: '',
       msg: 'email_is_not_valid' },
     { location: 'body',
       param: 'email',
       value: '',
       msg: 'the_email_must_belong_to_the_wolox_domain' },
     { location: 'body',
       param: 'password',
       value: '',
       msg: 'the_password_must_have_at_least_8_characters' },
     { location: 'body',
       param: 'password',
       value: '',
       msg: 'the_password_must_be_alphanumeric' } ],
  internalCode: 'saving_error' }
14:20:07 - error:  
{ message: 'email_already_exists',
  internalCode: 'saving_error' }
14:20:07 - error:  
{ message: 'invalid_username_or_password',
  internalCode: 'invalid_user' }
14:20:07 - error:  
{ message: 'invalid_username_or_password',
  internalCode: 'invalid_user' }
14:20:07 - error:  
{ message: 'invalid_username_or_password',
  internalCode: 'invalid_user' }
14:20:13 - error:  
{ message: 'header_not_being_sent_or_incorrect',
  internalCode: 'header_not_being_sent_or_incorrect' }
14:20:13 - error:  
{ message: 'header_not_being_sent_or_incorrect',
  internalCode: 'header_not_being_sent_or_incorrect' }
14:22:07 - info: Listening on port: 8080
14:22:07 - error:  
{ message: 
   [ { location: 'body',
       param: 'password',
       value: 'INVALID',
       msg: 'the_password_must_have_at_least_8_characters' } ],
  internalCode: 'saving_error' }
14:22:07 - error:  
{ message: 
   [ { location: 'body',
       param: 'email',
       value: 'INVALID',
       msg: 'email_is_not_valid' },
     { location: 'body',
       param: 'email',
       value: 'INVALID',
       msg: 'the_email_must_belong_to_the_wolox_domain' } ],
  internalCode: 'saving_error' }
14:22:08 - error:  
{ message: 
   [ { location: 'body',
       param: 'firstName',
       value: '',
       msg: 'Invalid value' },
     { location: 'body',
       param: 'lastName',
       value: '',
       msg: 'Invalid value' },
     { location: 'body',
       param: 'email',
       value: '',
       msg: 'email_is_not_valid' },
     { location: 'body',
       param: 'email',
       value: '',
       msg: 'the_email_must_belong_to_the_wolox_domain' },
     { location: 'body',
       param: 'password',
       value: '',
       msg: 'the_password_must_have_at_least_8_characters' },
     { location: 'body',
       param: 'password',
       value: '',
       msg: 'the_password_must_be_alphanumeric' } ],
  internalCode: 'saving_error' }
14:22:08 - error:  
{ message: 'email_already_exists',
  internalCode: 'saving_error' }
14:22:08 - error:  
{ message: 'invalid_username_or_password',
  internalCode: 'invalid_user' }
14:22:08 - error:  
{ message: 'invalid_username_or_password',
  internalCode: 'invalid_user' }
14:22:08 - error:  
{ message: 'header_not_being_sent_or_incorrect',
  internalCode: 'header_not_being_sent_or_incorrect' }
14:22:09 - error:  
{ message: 'invalid_username_or_password',
  internalCode: 'invalid_user' }
14:22:15 - error:  
{ message: 'header_not_being_sent_or_incorrect',
  internalCode: 'header_not_being_sent_or_incorrect' }
14:23:58 - info: Listening on port: 8080
14:23:58 - error:  
{ message: 
   [ { location: 'body',
       param: 'password',
       value: 'INVALID',
       msg: 'the_password_must_have_at_least_8_characters' } ],
  internalCode: 'saving_error' }
14:23:59 - error:  
{ message: 
   [ { location: 'body',
       param: 'email',
       value: 'INVALID',
       msg: 'email_is_not_valid' },
     { location: 'body',
       param: 'email',
       value: 'INVALID',
       msg: 'the_email_must_belong_to_the_wolox_domain' } ],
  internalCode: 'saving_error' }
14:23:59 - error:  
{ message: 
   [ { location: 'body',
       param: 'firstName',
       value: '',
       msg: 'Invalid value' },
     { location: 'body',
       param: 'lastName',
       value: '',
       msg: 'Invalid value' },
     { location: 'body',
       param: 'email',
       value: '',
       msg: 'email_is_not_valid' },
     { location: 'body',
       param: 'email',
       value: '',
       msg: 'the_email_must_belong_to_the_wolox_domain' },
     { location: 'body',
       param: 'password',
       value: '',
       msg: 'the_password_must_have_at_least_8_characters' },
     { location: 'body',
       param: 'password',
       value: '',
       msg: 'the_password_must_be_alphanumeric' } ],
  internalCode: 'saving_error' }
14:23:59 - error:  
{ message: 'email_already_exists',
  internalCode: 'saving_error' }
14:23:59 - error:  
{ message: 'invalid_username_or_password',
  internalCode: 'invalid_user' }
14:24:00 - error:  
{ message: 'invalid_username_or_password',
  internalCode: 'invalid_user' }
14:24:00 - error:  
{ message: 'header_not_being_sent_or_incorrect',
  internalCode: 'header_not_being_sent_or_incorrect' }
14:24:00 - error:  
{ message: 'invalid_username_or_password',
  internalCode: 'invalid_user' }
14:24:06 - error:  
{ message: 'header_not_being_sent_or_incorrect',
  internalCode: 'header_not_being_sent_or_incorrect' }
14:38:16 - info: Listening on port: 8080
14:38:16 - error:  
{ message: 
   [ { location: 'body',
       param: 'password',
       value: 'INVALID',
       msg: 'the_password_must_have_at_least_8_characters' } ],
  internalCode: 'saving_error' }
14:38:16 - error:  
{ message: 
   [ { location: 'body',
       param: 'email',
       value: 'INVALID',
       msg: 'email_is_not_valid' },
     { location: 'body',
       param: 'email',
       value: 'INVALID',
       msg: 'the_email_must_belong_to_the_wolox_domain' } ],
  internalCode: 'saving_error' }
14:38:16 - error:  
{ message: 
   [ { location: 'body',
       param: 'firstName',
       value: '',
       msg: 'Invalid value' },
     { location: 'body',
       param: 'lastName',
       value: '',
       msg: 'Invalid value' },
     { location: 'body',
       param: 'email',
       value: '',
       msg: 'email_is_not_valid' },
     { location: 'body',
       param: 'email',
       value: '',
       msg: 'the_email_must_belong_to_the_wolox_domain' },
     { location: 'body',
       param: 'password',
       value: '',
       msg: 'the_password_must_have_at_least_8_characters' },
     { location: 'body',
       param: 'password',
       value: '',
       msg: 'the_password_must_be_alphanumeric' } ],
  internalCode: 'saving_error' }
14:38:17 - error:  
{ message: 'invalid_username_or_password',
  internalCode: 'invalid_user' }
14:38:17 - error:  
{ message: 'invalid_username_or_password',
  internalCode: 'invalid_user' }
14:38:17 - error:  
{ message: 'invalid_username_or_password',
  internalCode: 'invalid_user' }
14:38:23 - error:  
{ message: 'header_not_being_sent_or_incorrect',
  internalCode: 'header_not_being_sent_or_incorrect' }
14:38:23 - error:  
{ message: 'header_not_being_sent_or_incorrect',
  internalCode: 'header_not_being_sent_or_incorrect' }
14:39:58 - info: Listening on port: 8080
14:39:58 - error:  
{ message: 
   [ { location: 'body',
       param: 'password',
       value: 'INVALID',
       msg: 'the_password_must_have_at_least_8_characters' } ],
  internalCode: 'saving_error' }
14:39:58 - error:  
{ message: 
   [ { location: 'body',
       param: 'email',
       value: 'INVALID',
       msg: 'email_is_not_valid' },
     { location: 'body',
       param: 'email',
       value: 'INVALID',
       msg: 'the_email_must_belong_to_the_wolox_domain' } ],
  internalCode: 'saving_error' }
14:39:58 - error:  
{ message: 
   [ { location: 'body',
       param: 'firstName',
       value: '',
       msg: 'Invalid value' },
     { location: 'body',
       param: 'lastName',
       value: '',
       msg: 'Invalid value' },
     { location: 'body',
       param: 'email',
       value: '',
       msg: 'email_is_not_valid' },
     { location: 'body',
       param: 'email',
       value: '',
       msg: 'the_email_must_belong_to_the_wolox_domain' },
     { location: 'body',
       param: 'password',
       value: '',
       msg: 'the_password_must_have_at_least_8_characters' },
     { location: 'body',
       param: 'password',
       value: '',
       msg: 'the_password_must_be_alphanumeric' } ],
  internalCode: 'saving_error' }
14:39:58 - error:  
{ message: 'email_already_exists',
  internalCode: 'saving_error' }
14:39:59 - error:  
{ message: 'invalid_username_or_password',
  internalCode: 'invalid_user' }
14:39:59 - error:  
{ message: 'invalid_username_or_password',
  internalCode: 'invalid_user' }
14:39:59 - error:  
{ message: 'invalid_username_or_password',
  internalCode: 'invalid_user' }
14:40:05 - error:  
{ message: 'header_not_being_sent_or_incorrect',
  internalCode: 'header_not_being_sent_or_incorrect' }
14:40:05 - error:  
{ message: 'header_not_being_sent_or_incorrect',
  internalCode: 'header_not_being_sent_or_incorrect' }
14:43:00 - info: Listening on port: 8080
14:43:00 - error:  
{ message: 
   [ { location: 'body',
       param: 'password',
       value: 'INVALID',
       msg: 'the_password_must_have_at_least_8_characters' } ],
  internalCode: 'saving_error' }
14:43:00 - error:  
{ message: 
   [ { location: 'body',
       param: 'email',
       value: 'INVALID',
       msg: 'email_is_not_valid' },
     { location: 'body',
       param: 'email',
       value: 'INVALID',
       msg: 'the_email_must_belong_to_the_wolox_domain' } ],
  internalCode: 'saving_error' }
14:43:00 - error:  
{ message: 
   [ { location: 'body',
       param: 'firstName',
       value: '',
       msg: 'Invalid value' },
     { location: 'body',
       param: 'lastName',
       value: '',
       msg: 'Invalid value' },
     { location: 'body',
       param: 'email',
       value: '',
       msg: 'email_is_not_valid' },
     { location: 'body',
       param: 'email',
       value: '',
       msg: 'the_email_must_belong_to_the_wolox_domain' },
     { location: 'body',
       param: 'password',
       value: '',
       msg: 'the_password_must_have_at_least_8_characters' },
     { location: 'body',
       param: 'password',
       value: '',
       msg: 'the_password_must_be_alphanumeric' } ],
  internalCode: 'saving_error' }
14:43:00 - error:  
{ message: 'email_already_exists',
  internalCode: 'saving_error' }
14:43:01 - error:  
{ message: 'invalid_username_or_password',
  internalCode: 'invalid_user' }
14:43:01 - error:  
{ message: 'invalid_username_or_password',
  internalCode: 'invalid_user' }
14:43:01 - error:  
{ message: 'invalid_username_or_password',
  internalCode: 'invalid_user' }
14:43:07 - error:  
{ message: 'header_not_being_sent_or_incorrect',
  internalCode: 'header_not_being_sent_or_incorrect' }
14:43:07 - error:  
{ message: 'header_not_being_sent_or_incorrect',
  internalCode: 'header_not_being_sent_or_incorrect' }
14:43:15 - info: Listening on port: 8080
14:43:15 - error:  
{ message: 
   [ { location: 'body',
       param: 'password',
       value: 'INVALID',
       msg: 'the_password_must_have_at_least_8_characters' } ],
  internalCode: 'saving_error' }
14:43:15 - error:  
{ message: 
   [ { location: 'body',
       param: 'email',
       value: 'INVALID',
       msg: 'email_is_not_valid' },
     { location: 'body',
       param: 'email',
       value: 'INVALID',
       msg: 'the_email_must_belong_to_the_wolox_domain' } ],
  internalCode: 'saving_error' }
14:43:15 - error:  
{ message: 
   [ { location: 'body',
       param: 'firstName',
       value: '',
       msg: 'Invalid value' },
     { location: 'body',
       param: 'lastName',
       value: '',
       msg: 'Invalid value' },
     { location: 'body',
       param: 'email',
       value: '',
       msg: 'email_is_not_valid' },
     { location: 'body',
       param: 'email',
       value: '',
       msg: 'the_email_must_belong_to_the_wolox_domain' },
     { location: 'body',
       param: 'password',
       value: '',
       msg: 'the_password_must_have_at_least_8_characters' },
     { location: 'body',
       param: 'password',
       value: '',
       msg: 'the_password_must_be_alphanumeric' } ],
  internalCode: 'saving_error' }
14:43:15 - error:  
{ message: 'email_already_exists',
  internalCode: 'saving_error' }
14:43:16 - error:  
{ message: 'invalid_username_or_password',
  internalCode: 'invalid_user' }
14:43:16 - error:  
{ message: 'invalid_username_or_password',
  internalCode: 'invalid_user' }
14:43:16 - error:  
{ message: 'invalid_username_or_password',
  internalCode: 'invalid_user' }
14:43:22 - error:  
{ message: 'header_not_being_sent_or_incorrect',
  internalCode: 'header_not_being_sent_or_incorrect' }
14:43:22 - error:  
{ message: 'header_not_being_sent_or_incorrect',
  internalCode: 'header_not_being_sent_or_incorrect' }
14:44:14 - info: Listening on port: 8080
14:44:14 - error:  
{ message: 
   [ { location: 'body',
       param: 'password',
       value: 'INVALID',
       msg: 'the_password_must_have_at_least_8_characters' } ],
  internalCode: 'saving_error' }
14:44:14 - error:  
{ message: 
   [ { location: 'body',
       param: 'email',
       value: 'INVALID',
       msg: 'email_is_not_valid' },
     { location: 'body',
       param: 'email',
       value: 'INVALID',
       msg: 'the_email_must_belong_to_the_wolox_domain' } ],
  internalCode: 'saving_error' }
14:44:14 - error:  
{ message: 
   [ { location: 'body',
       param: 'firstName',
       value: '',
       msg: 'Invalid value' },
     { location: 'body',
       param: 'lastName',
       value: '',
       msg: 'Invalid value' },
     { location: 'body',
       param: 'email',
       value: '',
       msg: 'email_is_not_valid' },
     { location: 'body',
       param: 'email',
       value: '',
       msg: 'the_email_must_belong_to_the_wolox_domain' },
     { location: 'body',
       param: 'password',
       value: '',
       msg: 'the_password_must_have_at_least_8_characters' },
     { location: 'body',
       param: 'password',
       value: '',
       msg: 'the_password_must_be_alphanumeric' } ],
  internalCode: 'saving_error' }
14:44:14 - error:  
{ message: 'email_already_exists',
  internalCode: 'saving_error' }
14:44:15 - error:  
{ message: 'invalid_username_or_password',
  internalCode: 'invalid_user' }
14:44:15 - error:  
{ message: 'invalid_username_or_password',
  internalCode: 'invalid_user' }
14:44:15 - error:  
{ message: 'invalid_username_or_password',
  internalCode: 'invalid_user' }
14:44:21 - error:  
{ message: 'header_not_being_sent_or_incorrect',
  internalCode: 'header_not_being_sent_or_incorrect' }
14:44:21 - error:  
{ message: 'header_not_being_sent_or_incorrect',
  internalCode: 'header_not_being_sent_or_incorrect' }
14:44:33 - info: Listening on port: 8080
14:44:33 - error:  
{ message: 
   [ { location: 'body',
       param: 'password',
       value: 'INVALID',
       msg: 'the_password_must_have_at_least_8_characters' } ],
  internalCode: 'saving_error' }
14:44:33 - error:  
{ message: 
   [ { location: 'body',
       param: 'email',
       value: 'INVALID',
       msg: 'email_is_not_valid' },
     { location: 'body',
       param: 'email',
       value: 'INVALID',
       msg: 'the_email_must_belong_to_the_wolox_domain' } ],
  internalCode: 'saving_error' }
14:44:34 - error:  
{ message: 
   [ { location: 'body',
       param: 'firstName',
       value: '',
       msg: 'Invalid value' },
     { location: 'body',
       param: 'lastName',
       value: '',
       msg: 'Invalid value' },
     { location: 'body',
       param: 'email',
       value: '',
       msg: 'email_is_not_valid' },
     { location: 'body',
       param: 'email',
       value: '',
       msg: 'the_email_must_belong_to_the_wolox_domain' },
     { location: 'body',
       param: 'password',
       value: '',
       msg: 'the_password_must_have_at_least_8_characters' },
     { location: 'body',
       param: 'password',
       value: '',
       msg: 'the_password_must_be_alphanumeric' } ],
  internalCode: 'saving_error' }
14:44:34 - error:  
{ message: 'email_already_exists',
  internalCode: 'saving_error' }
14:44:34 - error:  
{ message: 'invalid_username_or_password',
  internalCode: 'invalid_user' }
14:44:35 - error:  
{ message: 'invalid_username_or_password',
  internalCode: 'invalid_user' }
14:44:35 - error:  
{ message: 'invalid_username_or_password',
  internalCode: 'invalid_user' }
14:44:41 - error:  
{ message: 'header_not_being_sent_or_incorrect',
  internalCode: 'header_not_being_sent_or_incorrect' }
14:44:41 - error:  
{ message: 'header_not_being_sent_or_incorrect',
  internalCode: 'header_not_being_sent_or_incorrect' }
14:46:55 - info: Listening on port: 8080
14:46:56 - error:  
{ message: 
   [ { location: 'body',
       param: 'password',
       value: 'INVALID',
       msg: 'the_password_must_have_at_least_8_characters' } ],
  internalCode: 'saving_error' }
14:46:56 - error:  
{ message: 
   [ { location: 'body',
       param: 'email',
       value: 'INVALID',
       msg: 'email_is_not_valid' },
     { location: 'body',
       param: 'email',
       value: 'INVALID',
       msg: 'the_email_must_belong_to_the_wolox_domain' } ],
  internalCode: 'saving_error' }
14:46:56 - error:  
{ message: 
   [ { location: 'body',
       param: 'firstName',
       value: '',
       msg: 'Invalid value' },
     { location: 'body',
       param: 'lastName',
       value: '',
       msg: 'Invalid value' },
     { location: 'body',
       param: 'email',
       value: '',
       msg: 'email_is_not_valid' },
     { location: 'body',
       param: 'email',
       value: '',
       msg: 'the_email_must_belong_to_the_wolox_domain' },
     { location: 'body',
       param: 'password',
       value: '',
       msg: 'the_password_must_have_at_least_8_characters' },
     { location: 'body',
       param: 'password',
       value: '',
       msg: 'the_password_must_be_alphanumeric' } ],
  internalCode: 'saving_error' }
14:46:56 - error:  
{ message: 'email_already_exists',
  internalCode: 'saving_error' }
14:46:56 - error:  
{ message: 'invalid_username_or_password',
  internalCode: 'invalid_user' }
14:46:57 - error:  
{ message: 'invalid_username_or_password',
  internalCode: 'invalid_user' }
14:46:57 - error:  
{ message: 'invalid_username_or_password',
  internalCode: 'invalid_user' }
14:47:03 - error:  
{ message: 'header_not_being_sent_or_incorrect',
  internalCode: 'header_not_being_sent_or_incorrect' }
14:47:03 - error:  
{ message: 'header_not_being_sent_or_incorrect',
  internalCode: 'header_not_being_sent_or_incorrect' }
14:53:47 - info: Listening on port: 8080
14:53:48 - error:  
{ message: 
   [ { location: 'body',
       param: 'password',
       value: 'INVALID',
       msg: 'the_password_must_have_at_least_8_characters' } ],
  internalCode: 'saving_error' }
14:53:48 - error:  
{ message: 
   [ { location: 'body',
       param: 'email',
       value: 'INVALID',
       msg: 'email_is_not_valid' },
     { location: 'body',
       param: 'email',
       value: 'INVALID',
       msg: 'the_email_must_belong_to_the_wolox_domain' } ],
  internalCode: 'saving_error' }
14:53:48 - error:  
{ message: 
   [ { location: 'body',
       param: 'firstName',
       value: '',
       msg: 'Invalid value' },
     { location: 'body',
       param: 'lastName',
       value: '',
       msg: 'Invalid value' },
     { location: 'body',
       param: 'email',
       value: '',
       msg: 'email_is_not_valid' },
     { location: 'body',
       param: 'email',
       value: '',
       msg: 'the_email_must_belong_to_the_wolox_domain' },
     { location: 'body',
       param: 'password',
       value: '',
       msg: 'the_password_must_have_at_least_8_characters' },
     { location: 'body',
       param: 'password',
       value: '',
       msg: 'the_password_must_be_alphanumeric' } ],
  internalCode: 'saving_error' }
14:53:48 - error:  
{ message: 'email_already_exists',
  internalCode: 'saving_error' }
14:53:49 - error:  
{ message: 'invalid_username_or_password',
  internalCode: 'invalid_user' }
14:53:49 - error:  
{ message: 'invalid_username_or_password',
  internalCode: 'invalid_user' }
14:53:49 - error:  
{ message: 'invalid_username_or_password',
  internalCode: 'invalid_user' }
14:53:55 - error:  
{ message: 'header_not_being_sent_or_incorrect',
  internalCode: 'header_not_being_sent_or_incorrect' }
14:53:55 - error:  
{ message: 'header_not_being_sent_or_incorrect',
  internalCode: 'header_not_being_sent_or_incorrect' }
