09:26:08 - error:  Error: Route.post() requires a callback function but got a [object Undefined]
    at Route.(anonymous function) [as post] (/home/ecarzoglio/Documents/ec-express-js/node-ex/node_modules/express/lib/router/route.js:202:15)
    at Function.app.(anonymous function) [as post] (/home/ecarzoglio/Documents/ec-express-js/node-ex/node_modules/express/lib/application.js:482:19)
    at Object.exports.init.app [as init] (/home/ecarzoglio/Documents/ec-express-js/node-ex/app/routes.js:15:7)
    at Promise.resolve.then.then (/home/ecarzoglio/Documents/ec-express-js/node-ex/app.js:54:14)
    at <anonymous>
09:27:22 - error:  Error: Route.post() requires a callback function but got a [object Undefined]
    at Route.(anonymous function) [as post] (/home/ecarzoglio/Documents/ec-express-js/node-ex/node_modules/express/lib/router/route.js:202:15)
    at Function.app.(anonymous function) [as post] (/home/ecarzoglio/Documents/ec-express-js/node-ex/node_modules/express/lib/application.js:482:19)
    at Object.exports.init.app [as init] (/home/ecarzoglio/Documents/ec-express-js/node-ex/app/routes.js:15:7)
    at Promise.resolve.then.then (/home/ecarzoglio/Documents/ec-express-js/node-ex/app.js:54:14)
    at <anonymous>
09:29:54 - error:  Error: Route.post() requires a callback function but got a [object Undefined]
    at Route.(anonymous function) [as post] (/home/ecarzoglio/Documents/ec-express-js/node-ex/node_modules/express/lib/router/route.js:202:15)
    at Function.app.(anonymous function) [as post] (/home/ecarzoglio/Documents/ec-express-js/node-ex/node_modules/express/lib/application.js:482:19)
    at Object.exports.init.app [as init] (/home/ecarzoglio/Documents/ec-express-js/node-ex/app/routes.js:15:7)
    at Promise.resolve.then.then (/home/ecarzoglio/Documents/ec-express-js/node-ex/app.js:54:14)
    at <anonymous>
09:30:02 - error:  Error: Route.post() requires a callback function but got a [object Undefined]
    at Route.(anonymous function) [as post] (/home/ecarzoglio/Documents/ec-express-js/node-ex/node_modules/express/lib/router/route.js:202:15)
    at Function.app.(anonymous function) [as post] (/home/ecarzoglio/Documents/ec-express-js/node-ex/node_modules/express/lib/application.js:482:19)
    at Object.exports.init.app [as init] (/home/ecarzoglio/Documents/ec-express-js/node-ex/app/routes.js:15:7)
    at Promise.resolve.then.then (/home/ecarzoglio/Documents/ec-express-js/node-ex/app.js:54:14)
    at <anonymous>
09:30:17 - error:  Error: Route.post() requires a callback function but got a [object Undefined]
    at Route.(anonymous function) [as post] (/home/ecarzoglio/Documents/ec-express-js/node-ex/node_modules/express/lib/router/route.js:202:15)
    at Function.app.(anonymous function) [as post] (/home/ecarzoglio/Documents/ec-express-js/node-ex/node_modules/express/lib/application.js:482:19)
    at Object.exports.init.app [as init] (/home/ecarzoglio/Documents/ec-express-js/node-ex/app/routes.js:15:7)
    at Promise.resolve.then.then (/home/ecarzoglio/Documents/ec-express-js/node-ex/app.js:54:14)
    at <anonymous>
09:30:32 - error:  Error: Route.post() requires a callback function but got a [object Undefined]
    at Route.(anonymous function) [as post] (/home/ecarzoglio/Documents/ec-express-js/node-ex/node_modules/express/lib/router/route.js:202:15)
    at Function.app.(anonymous function) [as post] (/home/ecarzoglio/Documents/ec-express-js/node-ex/node_modules/express/lib/application.js:482:19)
    at Object.exports.init.app [as init] (/home/ecarzoglio/Documents/ec-express-js/node-ex/app/routes.js:15:7)
    at Promise.resolve.then.then (/home/ecarzoglio/Documents/ec-express-js/node-ex/app.js:54:14)
    at <anonymous>
09:31:31 - info: Listening on port: 8080
09:32:37 - info: Listening on port: 8080
10:03:59 - info: Listening on port: 8080
10:04:03 - error:  AssertionError [ERR_ASSERTION]: Expected plain object, array or sequelize method in the options.where parameter
    at Function._optionsMustContainWhere (/home/ecarzoglio/Documents/ec-express-js/node-ex/node_modules/sequelize/lib/model.js:3056:5)
    at Function.update (/home/ecarzoglio/Documents/ec-express-js/node-ex/node_modules/sequelize/lib/model.js:2677:10)
    at Function.User.updateModel.user [as updateModel] (/home/ecarzoglio/Documents/ec-express-js/node-ex/app/models/user.js:62:17)
    at exports.update (/home/ecarzoglio/Documents/ec-express-js/node-ex/app/controllers/users.js:104:8)
    at Layer.handle [as handle_request] (/home/ecarzoglio/Documents/ec-express-js/node-ex/node_modules/express/lib/router/layer.js:95:5)
    at next (/home/ecarzoglio/Documents/ec-express-js/node-ex/node_modules/express/lib/router/route.js:137:13)
    at User.findOne.then.u (/home/ecarzoglio/Documents/ec-express-js/node-ex/app/middlewares/auth.js:32:9)
    at tryCatcher (/home/ecarzoglio/Documents/ec-express-js/node-ex/node_modules/bluebird/js/release/util.js:16:23)
    at Promise._settlePromiseFromHandler (/home/ecarzoglio/Documents/ec-express-js/node-ex/node_modules/bluebird/js/release/promise.js:512:31)
    at Promise._settlePromise (/home/ecarzoglio/Documents/ec-express-js/node-ex/node_modules/bluebird/js/release/promise.js:569:18)
    at Promise._settlePromise0 (/home/ecarzoglio/Documents/ec-express-js/node-ex/node_modules/bluebird/js/release/promise.js:614:10)
    at Promise._settlePromises (/home/ecarzoglio/Documents/ec-express-js/node-ex/node_modules/bluebird/js/release/promise.js:693:18)
    at Async._drainQueue (/home/ecarzoglio/Documents/ec-express-js/node-ex/node_modules/bluebird/js/release/async.js:133:16)
    at Async._drainQueues (/home/ecarzoglio/Documents/ec-express-js/node-ex/node_modules/bluebird/js/release/async.js:143:10)
    at Immediate.Async.drainQueues [as _onImmediate] (/home/ecarzoglio/Documents/ec-express-js/node-ex/node_modules/bluebird/js/release/async.js:17:14)
    at runCallback (timers.js:763:18)
    at tryOnImmediate (timers.js:734:5)
    at processImmediate (timers.js:716:5)
10:09:36 - info: Listening on port: 8080
10:12:29 - info: Listening on port: 8080
10:17:21 - info: Listening on port: 8080
10:17:30 - info: Listening on port: 8080
10:18:30 - error: update
10:19:56 - info: Listening on port: 8080
10:20:02 - error: update
10:20:45 - info: Listening on port: 8080
10:20:50 - error: update
10:21:11 - error: update
10:22:00 - info: Listening on port: 8080
10:22:03 - error: update
10:23:46 - info: Listening on port: 8080
10:23:52 - error: update
10:24:18 - info: Listening on port: 8080
10:24:22 - error: update
10:25:19 - info: Listening on port: 8080
10:26:29 - info: Listening on port: 8080
10:26:35 - info: Listening on port: 8080
10:27:23 - info: Listening on port: 8080
10:27:26 - error: update
10:28:29 - info: Listening on port: 8080
10:28:32 - error: update
10:30:32 - info: Listening on port: 8080
10:30:35 - error: update
10:31:01 - info: Listening on port: 8080
10:32:44 - info: Listening on port: 8080
10:33:16 - error: update
10:34:17 - info: Listening on port: 8080
10:34:49 - error: update
10:38:37 - info: Listening on port: 8080
10:38:38 - info: Listening on port: 8080
10:39:33 - info: Listening on port: 8080
10:42:51 - error:  Error: Route.post() requires a callback function but got a [object Undefined]
    at Route.(anonymous function) [as post] (/home/ecarzoglio/Documents/ec-express-js/node-ex/node_modules/express/lib/router/route.js:202:15)
    at Function.app.(anonymous function) [as post] (/home/ecarzoglio/Documents/ec-express-js/node-ex/node_modules/express/lib/application.js:482:19)
    at Object.exports.init.app [as init] (/home/ecarzoglio/Documents/ec-express-js/node-ex/app/routes.js:15:7)
    at Promise.resolve.then.then (/home/ecarzoglio/Documents/ec-express-js/node-ex/app.js:54:14)
    at <anonymous>
10:43:06 - info: Listening on port: 8080
10:46:24 - info: Listening on port: 8080
10:55:45 - info: Listening on port: 8080
10:57:19 - info: Listening on port: 8080
10:58:50 - info: Listening on port: 8080
11:00:26 - info: Listening on port: 8080
11:01:06 - info: Listening on port: 8080
11:02:45 - info: Listening on port: 8080
11:02:47 - info: Listening on port: 8080
11:03:07 - info: Listening on port: 8080
11:05:05 - info: Listening on port: 8080
11:05:09 - error:  
{ message: 'invalid_email',
  internalCode: 'the_email_already_exists' }
11:05:30 - info: Listening on port: 8080
11:05:40 - error:  Error: The argument passed to findOne must be an options object, use findById if you wish to pass a single primary key value
    at Function.findOne (/home/ecarzoglio/Documents/ec-express-js/node-ex/node_modules/sequelize/lib/model.js:1743:13)
    at exports.updateOrCreate (/home/ecarzoglio/Documents/ec-express-js/node-ex/app/controllers/users.js:104:8)
    at Layer.handle [as handle_request] (/home/ecarzoglio/Documents/ec-express-js/node-ex/node_modules/express/lib/router/layer.js:95:5)
    at next (/home/ecarzoglio/Documents/ec-express-js/node-ex/node_modules/express/lib/router/route.js:137:13)
    at exports.secureAdmin (/home/ecarzoglio/Documents/ec-express-js/node-ex/app/middlewares/auth.js:28:5)
    at Layer.handle [as handle_request] (/home/ecarzoglio/Documents/ec-express-js/node-ex/node_modules/express/lib/router/layer.js:95:5)
    at next (/home/ecarzoglio/Documents/ec-express-js/node-ex/node_modules/express/lib/router/route.js:137:13)
    at User.findOne.then.u (/home/ecarzoglio/Documents/ec-express-js/node-ex/app/middlewares/auth.js:16:9)
    at tryCatcher (/home/ecarzoglio/Documents/ec-express-js/node-ex/node_modules/bluebird/js/release/util.js:16:23)
    at Promise._settlePromiseFromHandler (/home/ecarzoglio/Documents/ec-express-js/node-ex/node_modules/bluebird/js/release/promise.js:512:31)
    at Promise._settlePromise (/home/ecarzoglio/Documents/ec-express-js/node-ex/node_modules/bluebird/js/release/promise.js:569:18)
    at Promise._settlePromise0 (/home/ecarzoglio/Documents/ec-express-js/node-ex/node_modules/bluebird/js/release/promise.js:614:10)
    at Promise._settlePromises (/home/ecarzoglio/Documents/ec-express-js/node-ex/node_modules/bluebird/js/release/promise.js:693:18)
    at Async._drainQueue (/home/ecarzoglio/Documents/ec-express-js/node-ex/node_modules/bluebird/js/release/async.js:133:16)
    at Async._drainQueues (/home/ecarzoglio/Documents/ec-express-js/node-ex/node_modules/bluebird/js/release/async.js:143:10)
    at Immediate.Async.drainQueues [as _onImmediate] (/home/ecarzoglio/Documents/ec-express-js/node-ex/node_modules/bluebird/js/release/async.js:17:14)
    at runCallback (timers.js:763:18)
    at tryOnImmediate (timers.js:734:5)
    at processImmediate (timers.js:716:5)
11:11:15 - info: Listening on port: 8080
11:15:59 - info: Listening on port: 8080
11:16:42 - info: Listening on port: 8080
11:19:04 - info: Listening on port: 8080
11:19:39 - info: Listening on port: 8080
11:21:22 - info: Listening on port: 8080
11:22:05 - info: Listening on port: 8080
11:23:25 - info: Listening on port: 8080
11:23:42 - info: Listening on port: 8080
11:24:19 - info: Listening on port: 8080
11:24:20 - info: Listening on port: 8080
11:24:22 - error:  
{ message: 'invalid_email',
  internalCode: 'the_email_already_exists' }
11:24:38 - info: Listening on port: 8080
11:24:44 - error:  TypeError: errors.databaseError is not a function
    at User.findOne.catch.err (/home/ecarzoglio/Documents/ec-express-js/node-ex/app/models/user.js:49:20)
    at tryCatcher (/home/ecarzoglio/Documents/ec-express-js/node-ex/node_modules/bluebird/js/release/util.js:16:23)
    at Promise._settlePromiseFromHandler (/home/ecarzoglio/Documents/ec-express-js/node-ex/node_modules/bluebird/js/release/promise.js:512:31)
    at Promise._settlePromise (/home/ecarzoglio/Documents/ec-express-js/node-ex/node_modules/bluebird/js/release/promise.js:569:18)
    at Promise._settlePromise0 (/home/ecarzoglio/Documents/ec-express-js/node-ex/node_modules/bluebird/js/release/promise.js:614:10)
    at Promise._settlePromises (/home/ecarzoglio/Documents/ec-express-js/node-ex/node_modules/bluebird/js/release/promise.js:689:18)
    at Async._drainQueue (/home/ecarzoglio/Documents/ec-express-js/node-ex/node_modules/bluebird/js/release/async.js:133:16)
    at Async._drainQueues (/home/ecarzoglio/Documents/ec-express-js/node-ex/node_modules/bluebird/js/release/async.js:143:10)
    at Immediate.Async.drainQueues [as _onImmediate] (/home/ecarzoglio/Documents/ec-express-js/node-ex/node_modules/bluebird/js/release/async.js:17:14)
    at runCallback (timers.js:763:18)
    at tryOnImmediate (timers.js:734:5)
    at processImmediate (timers.js:716:5)
11:27:17 - info: Listening on port: 8080
11:27:36 - info: Listening on port: 8080
11:27:59 - error:  
{ message: 'invalid_email',
  internalCode: 'the_email_already_exists' }
11:28:16 - error:  
{ message: 'all_parameters_are_needed',
  internalCode: 'saving_error' }
11:30:42 - info: Listening on port: 8080
11:30:50 - error:  TypeError: errors.database is not a function
    at User.findOne.then.result (/home/ecarzoglio/Documents/ec-express-js/node-ex/app/models/user.js:43:22)
    at tryCatcher (/home/ecarzoglio/Documents/ec-express-js/node-ex/node_modules/bluebird/js/release/util.js:16:23)
    at Promise._settlePromiseFromHandler (/home/ecarzoglio/Documents/ec-express-js/node-ex/node_modules/bluebird/js/release/promise.js:512:31)
    at Promise._settlePromise (/home/ecarzoglio/Documents/ec-express-js/node-ex/node_modules/bluebird/js/release/promise.js:569:18)
    at Promise._settlePromise0 (/home/ecarzoglio/Documents/ec-express-js/node-ex/node_modules/bluebird/js/release/promise.js:614:10)
    at Promise._settlePromises (/home/ecarzoglio/Documents/ec-express-js/node-ex/node_modules/bluebird/js/release/promise.js:693:18)
    at Async._drainQueue (/home/ecarzoglio/Documents/ec-express-js/node-ex/node_modules/bluebird/js/release/async.js:133:16)
    at Async._drainQueues (/home/ecarzoglio/Documents/ec-express-js/node-ex/node_modules/bluebird/js/release/async.js:143:10)
    at Immediate.Async.drainQueues [as _onImmediate] (/home/ecarzoglio/Documents/ec-express-js/node-ex/node_modules/bluebird/js/release/async.js:17:14)
    at runCallback (timers.js:763:18)
    at tryOnImmediate (timers.js:734:5)
    at processImmediate (timers.js:716:5)
11:31:39 - info: Listening on port: 8080
11:31:47 - error:  
{ message: 'invalid_email',
  internalCode: 'the_email_already_exists' }
11:31:52 - error:  
{ message: undefined, internalCode: 'database_error' }
11:32:53 - error:  
{ message: undefined, internalCode: 'database_error' }
11:33:26 - info: Listening on port: 8080
11:33:30 - error:  
{ message: undefined, internalCode: 'database_error' }
11:33:36 - info: Listening on port: 8080
11:33:51 - error:  
{ message: undefined, internalCode: 'database_error' }
11:34:13 - info: Listening on port: 8080
11:34:36 - info: Listening on port: 8080
11:34:44 - info: Listening on port: 8080
11:36:40 - info: Listening on port: 8080
11:37:04 - info: Listening on port: 8080
11:37:12 - info: Listening on port: 8080
11:37:18 - info: Listening on port: 8080
11:38:03 - info: Listening on port: 8080
11:38:20 - info: Listening on port: 8080
11:39:25 - error:  
{ message: 'invalid_username_or_password',
  internalCode: 'invalid_user' }
11:39:29 - error:  
{ message: 'invalid_username_or_password',
  internalCode: 'invalid_user' }
11:39:38 - error:  
{ message: 'invalid_username_or_password',
  internalCode: 'invalid_user' }
11:40:46 - info: Listening on port: 8080
11:40:55 - info: Listening on port: 8080
11:41:09 - info: Listening on port: 8080
11:43:52 - info: Listening on port: 8080
11:44:37 - info: Listening on port: 8080
11:44:52 - info: Listening on port: 8080
11:45:08 - info: Listening on port: 8080
11:46:48 - info: Listening on port: 8080
11:46:52 - info: Listening on port: 8080
11:47:00 - info: Listening on port: 8080
11:47:31 - info: Listening on port: 8080
11:49:10 - info: Listening on port: 8080
11:49:56 - info: Listening on port: 8080
11:51:11 - info: Listening on port: 8080
11:52:09 - info: Listening on port: 8080
11:52:15 - info: Listening on port: 8080
11:52:33 - info: Listening on port: 8080
11:52:54 - info: Listening on port: 8080
11:53:20 - info: Listening on port: 8080
11:53:35 - info: Listening on port: 8080
11:53:38 - info: Listening on port: 8080
11:54:04 - info: Listening on port: 8080
11:54:39 - info: Listening on port: 8080
11:54:48 - info: Listening on port: 8080
11:55:04 - info: Listening on port: 8080
11:55:14 - info: Listening on port: 8080
11:56:09 - info: Listening on port: 8080
12:00:07 - info: Listening on port: 8080
12:06:14 - info: Listening on port: 8080
12:06:15 - info: Listening on port: 8080
12:06:28 - error:  Error [ERR_HTTP_HEADERS_SENT]: Cannot set headers after they are sent to the client
    at validateHeader (_http_outgoing.js:503:11)
    at ServerResponse.setHeader (_http_outgoing.js:510:3)
    at ServerResponse.header (/home/ecarzoglio/Documents/ec-express-js/node-ex/node_modules/express/lib/response.js:767:10)
    at ServerResponse.send (/home/ecarzoglio/Documents/ec-express-js/node-ex/node_modules/express/lib/response.js:170:12)
    at User.updateModel.then.response (/home/ecarzoglio/Documents/ec-express-js/node-ex/app/controllers/users.js:114:17)
    at tryCatcher (/home/ecarzoglio/Documents/ec-express-js/node-ex/node_modules/bluebird/js/release/util.js:16:23)
    at Promise._settlePromiseFromHandler (/home/ecarzoglio/Documents/ec-express-js/node-ex/node_modules/bluebird/js/release/promise.js:512:31)
    at Promise._settlePromise (/home/ecarzoglio/Documents/ec-express-js/node-ex/node_modules/bluebird/js/release/promise.js:569:18)
    at Promise._settlePromise0 (/home/ecarzoglio/Documents/ec-express-js/node-ex/node_modules/bluebird/js/release/promise.js:614:10)
    at Promise._settlePromises (/home/ecarzoglio/Documents/ec-express-js/node-ex/node_modules/bluebird/js/release/promise.js:693:18)
    at Async._drainQueue (/home/ecarzoglio/Documents/ec-express-js/node-ex/node_modules/bluebird/js/release/async.js:133:16)
    at Async._drainQueues (/home/ecarzoglio/Documents/ec-express-js/node-ex/node_modules/bluebird/js/release/async.js:143:10)
    at Immediate.Async.drainQueues [as _onImmediate] (/home/ecarzoglio/Documents/ec-express-js/node-ex/node_modules/bluebird/js/release/async.js:17:14)
    at runCallback (timers.js:763:18)
    at tryOnImmediate (timers.js:734:5)
    at processImmediate (timers.js:716:5)
12:06:40 - info: Listening on port: 8080
12:13:23 - info: Listening on port: 8080
12:15:06 - info: Listening on port: 8080
12:16:19 - info: Listening on port: 8080
12:16:26 - error:  
{ message: 'invalid_username_or_password',
  internalCode: 'invalid_user' }
12:16:58 - info: Listening on port: 8080
12:31:35 - info: Listening on port: 8080
12:31:56 - error:  TypeError: Cannot read property 'then' of undefined
    at exports.create (/home/ecarzoglio/Documents/ec-express-js/node-ex/app/controllers/users.js:47:26)
    at Layer.handle [as handle_request] (/home/ecarzoglio/Documents/ec-express-js/node-ex/node_modules/express/lib/router/layer.js:95:5)
    at next (/home/ecarzoglio/Documents/ec-express-js/node-ex/node_modules/express/lib/router/route.js:137:13)
    at runner.then.errors (/home/ecarzoglio/Documents/ec-express-js/node-ex/node_modules/express-validator/check/check.js:18:7)
    at <anonymous>
    at process._tickCallback (internal/process/next_tick.js:182:7)
12:34:16 - info: Listening on port: 8080
12:34:22 - error:  TypeError: Cannot read property 'then' of undefined
    at exports.create (/home/ecarzoglio/Documents/ec-express-js/node-ex/app/controllers/users.js:47:26)
    at Layer.handle [as handle_request] (/home/ecarzoglio/Documents/ec-express-js/node-ex/node_modules/express/lib/router/layer.js:95:5)
    at next (/home/ecarzoglio/Documents/ec-express-js/node-ex/node_modules/express/lib/router/route.js:137:13)
    at runner.then.errors (/home/ecarzoglio/Documents/ec-express-js/node-ex/node_modules/express-validator/check/check.js:18:7)
    at <anonymous>
    at process._tickCallback (internal/process/next_tick.js:182:7)
12:35:14 - info: Listening on port: 8080
12:35:19 - error:  TypeError: Cannot read property 'then' of undefined
    at exports.create (/home/ecarzoglio/Documents/ec-express-js/node-ex/app/controllers/users.js:51:26)
    at Layer.handle [as handle_request] (/home/ecarzoglio/Documents/ec-express-js/node-ex/node_modules/express/lib/router/layer.js:95:5)
    at next (/home/ecarzoglio/Documents/ec-express-js/node-ex/node_modules/express/lib/router/route.js:137:13)
    at runner.then.errors (/home/ecarzoglio/Documents/ec-express-js/node-ex/node_modules/express-validator/check/check.js:18:7)
    at <anonymous>
    at process._tickCallback (internal/process/next_tick.js:182:7)
12:35:46 - info: Listening on port: 8080
12:35:51 - error:  TypeError: Cannot read property 'then' of undefined
    at exports.create (/home/ecarzoglio/Documents/ec-express-js/node-ex/app/controllers/users.js:51:26)
    at Layer.handle [as handle_request] (/home/ecarzoglio/Documents/ec-express-js/node-ex/node_modules/express/lib/router/layer.js:95:5)
    at next (/home/ecarzoglio/Documents/ec-express-js/node-ex/node_modules/express/lib/router/route.js:137:13)
    at runner.then.errors (/home/ecarzoglio/Documents/ec-express-js/node-ex/node_modules/express-validator/check/check.js:18:7)
    at <anonymous>
    at process._tickCallback (internal/process/next_tick.js:182:7)
12:37:22 - info: Listening on port: 8080
12:46:47 - info: Listening on port: 8080
13:00:39 - info: Listening on port: 8080
13:03:23 - info: Listening on port: 8080
13:03:59 - info: Listening on port: 8080
13:04:07 - info: Listening on port: 8080
13:04:08 - error:  TypeError: Promise resolver undefined is not a function
    at new Promise (<anonymous>)
    at exports.create (/home/ecarzoglio/Documents/ec-express-js/node-ex/app/controllers/users.js:51:23)
    at Layer.handle [as handle_request] (/home/ecarzoglio/Documents/ec-express-js/node-ex/node_modules/express/lib/router/layer.js:95:5)
    at next (/home/ecarzoglio/Documents/ec-express-js/node-ex/node_modules/express/lib/router/route.js:137:13)
    at runner.then.errors (/home/ecarzoglio/Documents/ec-express-js/node-ex/node_modules/express-validator/check/check.js:18:7)
    at <anonymous>
    at process._tickCallback (internal/process/next_tick.js:182:7)
13:05:43 - info: Listening on port: 8080
13:05:46 - info: Listening on port: 8080
13:05:52 - info: Listening on port: 8080
13:06:12 - info: Listening on port: 8080
13:06:51 - info: Listening on port: 8080
13:11:18 - info: Listening on port: 8080
13:14:13 - info: Listening on port: 8080
13:14:33 - info: Listening on port: 8080
14:02:36 - info: Listening on port: 8080
14:03:32 - info: Listening on port: 8080
14:03:49 - error:  
{ message: 'invalid_email',
  internalCode: 'the_email_already_exists' }
14:04:20 - error:  
{ message: 'invalid_email',
  internalCode: 'the_email_already_exists' }
14:04:42 - info: Listening on port: 8080
14:05:02 - error:  
{ message: 'invalid_email',
  internalCode: 'the_email_already_exists' }
14:05:13 - info: Listening on port: 8080
14:10:27 - info: Listening on port: 8080
14:10:31 - error:  
{ message: 'invalid_email',
  internalCode: 'the_email_already_exists' }
14:13:48 - info: Listening on port: 8080
14:14:27 - info: Listening on port: 8080
14:15:07 - info: Listening on port: 8080
14:15:49 - info: Listening on port: 8080
15:10:14 - info: Listening on port: 8080
15:10:14 - error:  
{ message: 'all_parameters_are_needed',
  internalCode: 'saving_error' }
15:10:14 - error:  
{ message: 'all_parameters_are_needed',
  internalCode: 'saving_error' }
15:10:15 - error:  
{ message: 'all_parameters_are_needed',
  internalCode: 'saving_error' }
15:10:15 - error:  SequelizeDatabaseError: column "administrator" does not exist
    at Query.formatError (/home/ecarzoglio/Documents/ec-express-js/node-ex/node_modules/sequelize/lib/dialects/postgres/query.js:363:16)
    at query.catch.err (/home/ecarzoglio/Documents/ec-express-js/node-ex/node_modules/sequelize/lib/dialects/postgres/query.js:86:18)
    at tryCatcher (/home/ecarzoglio/Documents/ec-express-js/node-ex/node_modules/bluebird/js/release/util.js:16:23)
    at Promise._settlePromiseFromHandler (/home/ecarzoglio/Documents/ec-express-js/node-ex/node_modules/bluebird/js/release/promise.js:512:31)
    at Promise._settlePromise (/home/ecarzoglio/Documents/ec-express-js/node-ex/node_modules/bluebird/js/release/promise.js:569:18)
    at Promise._settlePromise0 (/home/ecarzoglio/Documents/ec-express-js/node-ex/node_modules/bluebird/js/release/promise.js:614:10)
    at Promise._settlePromises (/home/ecarzoglio/Documents/ec-express-js/node-ex/node_modules/bluebird/js/release/promise.js:689:18)
    at Async._drainQueue (/home/ecarzoglio/Documents/ec-express-js/node-ex/node_modules/bluebird/js/release/async.js:133:16)
    at Async._drainQueues (/home/ecarzoglio/Documents/ec-express-js/node-ex/node_modules/bluebird/js/release/async.js:143:10)
    at Immediate.Async.drainQueues [as _onImmediate] (/home/ecarzoglio/Documents/ec-express-js/node-ex/node_modules/bluebird/js/release/async.js:17:14)
    at runCallback (timers.js:763:18)
    at tryOnImmediate (timers.js:734:5)
    at processImmediate (timers.js:716:5)
15:10:33 - error:  
{ message: 'header_not_being_sent_or_incorrect',
  internalCode: 'header_not_being_sent_or_incorrect' }
15:10:33 - error:  
{ message: 'header_not_being_sent_or_incorrect',
  internalCode: 'header_not_being_sent_or_incorrect' }
15:10:57 - info: Listening on port: 8080
15:10:58 - error:  
{ message: 'all_parameters_are_needed',
  internalCode: 'saving_error' }
15:10:58 - error:  
{ message: 'all_parameters_are_needed',
  internalCode: 'saving_error' }
15:10:58 - error:  
{ message: 'all_parameters_are_needed',
  internalCode: 'saving_error' }
15:10:58 - error:  SequelizeDatabaseError: column "administrator" does not exist
    at Query.formatError (/home/ecarzoglio/Documents/ec-express-js/node-ex/node_modules/sequelize/lib/dialects/postgres/query.js:363:16)
    at query.catch.err (/home/ecarzoglio/Documents/ec-express-js/node-ex/node_modules/sequelize/lib/dialects/postgres/query.js:86:18)
    at tryCatcher (/home/ecarzoglio/Documents/ec-express-js/node-ex/node_modules/bluebird/js/release/util.js:16:23)
    at Promise._settlePromiseFromHandler (/home/ecarzoglio/Documents/ec-express-js/node-ex/node_modules/bluebird/js/release/promise.js:512:31)
    at Promise._settlePromise (/home/ecarzoglio/Documents/ec-express-js/node-ex/node_modules/bluebird/js/release/promise.js:569:18)
    at Promise._settlePromise0 (/home/ecarzoglio/Documents/ec-express-js/node-ex/node_modules/bluebird/js/release/promise.js:614:10)
    at Promise._settlePromises (/home/ecarzoglio/Documents/ec-express-js/node-ex/node_modules/bluebird/js/release/promise.js:689:18)
    at Async._drainQueue (/home/ecarzoglio/Documents/ec-express-js/node-ex/node_modules/bluebird/js/release/async.js:133:16)
    at Async._drainQueues (/home/ecarzoglio/Documents/ec-express-js/node-ex/node_modules/bluebird/js/release/async.js:143:10)
    at Immediate.Async.drainQueues [as _onImmediate] (/home/ecarzoglio/Documents/ec-express-js/node-ex/node_modules/bluebird/js/release/async.js:17:14)
    at runCallback (timers.js:763:18)
    at tryOnImmediate (timers.js:734:5)
    at processImmediate (timers.js:716:5)
15:11:16 - error:  
{ message: 'header_not_being_sent_or_incorrect',
  internalCode: 'header_not_being_sent_or_incorrect' }
15:11:16 - error:  
{ message: 'header_not_being_sent_or_incorrect',
  internalCode: 'header_not_being_sent_or_incorrect' }
15:12:15 - info: Listening on port: 8080
15:12:16 - error:  
{ message: 'all_parameters_are_needed',
  internalCode: 'saving_error' }
15:12:16 - error:  
{ message: 'all_parameters_are_needed',
  internalCode: 'saving_error' }
15:12:16 - error:  
{ message: 'all_parameters_are_needed',
  internalCode: 'saving_error' }
15:12:16 - error:  SequelizeDatabaseError: column "administrator" does not exist
    at Query.formatError (/home/ecarzoglio/Documents/ec-express-js/node-ex/node_modules/sequelize/lib/dialects/postgres/query.js:363:16)
    at query.catch.err (/home/ecarzoglio/Documents/ec-express-js/node-ex/node_modules/sequelize/lib/dialects/postgres/query.js:86:18)
    at tryCatcher (/home/ecarzoglio/Documents/ec-express-js/node-ex/node_modules/bluebird/js/release/util.js:16:23)
    at Promise._settlePromiseFromHandler (/home/ecarzoglio/Documents/ec-express-js/node-ex/node_modules/bluebird/js/release/promise.js:512:31)
    at Promise._settlePromise (/home/ecarzoglio/Documents/ec-express-js/node-ex/node_modules/bluebird/js/release/promise.js:569:18)
    at Promise._settlePromise0 (/home/ecarzoglio/Documents/ec-express-js/node-ex/node_modules/bluebird/js/release/promise.js:614:10)
    at Promise._settlePromises (/home/ecarzoglio/Documents/ec-express-js/node-ex/node_modules/bluebird/js/release/promise.js:689:18)
    at Async._drainQueue (/home/ecarzoglio/Documents/ec-express-js/node-ex/node_modules/bluebird/js/release/async.js:133:16)
    at Async._drainQueues (/home/ecarzoglio/Documents/ec-express-js/node-ex/node_modules/bluebird/js/release/async.js:143:10)
    at Immediate.Async.drainQueues [as _onImmediate] (/home/ecarzoglio/Documents/ec-express-js/node-ex/node_modules/bluebird/js/release/async.js:17:14)
    at runCallback (timers.js:763:18)
    at tryOnImmediate (timers.js:734:5)
    at processImmediate (timers.js:716:5)
15:12:34 - error:  
{ message: 'header_not_being_sent_or_incorrect',
  internalCode: 'header_not_being_sent_or_incorrect' }
15:12:34 - error:  
{ message: 'header_not_being_sent_or_incorrect',
  internalCode: 'header_not_being_sent_or_incorrect' }
15:13:35 - info: Listening on port: 8080
15:13:35 - error:  
{ message: 'all_parameters_are_needed',
  internalCode: 'saving_error' }
15:13:35 - error:  
{ message: 'all_parameters_are_needed',
  internalCode: 'saving_error' }
15:13:36 - error:  
{ message: 'all_parameters_are_needed',
  internalCode: 'saving_error' }
15:13:36 - error:  SequelizeDatabaseError: column "administrator" does not exist
    at Query.formatError (/home/ecarzoglio/Documents/ec-express-js/node-ex/node_modules/sequelize/lib/dialects/postgres/query.js:363:16)
    at query.catch.err (/home/ecarzoglio/Documents/ec-express-js/node-ex/node_modules/sequelize/lib/dialects/postgres/query.js:86:18)
    at tryCatcher (/home/ecarzoglio/Documents/ec-express-js/node-ex/node_modules/bluebird/js/release/util.js:16:23)
    at Promise._settlePromiseFromHandler (/home/ecarzoglio/Documents/ec-express-js/node-ex/node_modules/bluebird/js/release/promise.js:512:31)
    at Promise._settlePromise (/home/ecarzoglio/Documents/ec-express-js/node-ex/node_modules/bluebird/js/release/promise.js:569:18)
    at Promise._settlePromise0 (/home/ecarzoglio/Documents/ec-express-js/node-ex/node_modules/bluebird/js/release/promise.js:614:10)
    at Promise._settlePromises (/home/ecarzoglio/Documents/ec-express-js/node-ex/node_modules/bluebird/js/release/promise.js:689:18)
    at Async._drainQueue (/home/ecarzoglio/Documents/ec-express-js/node-ex/node_modules/bluebird/js/release/async.js:133:16)
    at Async._drainQueues (/home/ecarzoglio/Documents/ec-express-js/node-ex/node_modules/bluebird/js/release/async.js:143:10)
    at Immediate.Async.drainQueues [as _onImmediate] (/home/ecarzoglio/Documents/ec-express-js/node-ex/node_modules/bluebird/js/release/async.js:17:14)
    at runCallback (timers.js:763:18)
    at tryOnImmediate (timers.js:734:5)
    at processImmediate (timers.js:716:5)
15:13:59 - info: Listening on port: 8080
15:13:59 - error:  
{ message: 'all_parameters_are_needed',
  internalCode: 'saving_error' }
15:13:59 - error:  
{ message: 'all_parameters_are_needed',
  internalCode: 'saving_error' }
15:13:59 - error:  
{ message: 'all_parameters_are_needed',
  internalCode: 'saving_error' }
15:13:59 - error:  SequelizeDatabaseError: column "administrator" does not exist
    at Query.formatError (/home/ecarzoglio/Documents/ec-express-js/node-ex/node_modules/sequelize/lib/dialects/postgres/query.js:363:16)
    at query.catch.err (/home/ecarzoglio/Documents/ec-express-js/node-ex/node_modules/sequelize/lib/dialects/postgres/query.js:86:18)
    at tryCatcher (/home/ecarzoglio/Documents/ec-express-js/node-ex/node_modules/bluebird/js/release/util.js:16:23)
    at Promise._settlePromiseFromHandler (/home/ecarzoglio/Documents/ec-express-js/node-ex/node_modules/bluebird/js/release/promise.js:512:31)
    at Promise._settlePromise (/home/ecarzoglio/Documents/ec-express-js/node-ex/node_modules/bluebird/js/release/promise.js:569:18)
    at Promise._settlePromise0 (/home/ecarzoglio/Documents/ec-express-js/node-ex/node_modules/bluebird/js/release/promise.js:614:10)
    at Promise._settlePromises (/home/ecarzoglio/Documents/ec-express-js/node-ex/node_modules/bluebird/js/release/promise.js:689:18)
    at Async._drainQueue (/home/ecarzoglio/Documents/ec-express-js/node-ex/node_modules/bluebird/js/release/async.js:133:16)
    at Async._drainQueues (/home/ecarzoglio/Documents/ec-express-js/node-ex/node_modules/bluebird/js/release/async.js:143:10)
    at Immediate.Async.drainQueues [as _onImmediate] (/home/ecarzoglio/Documents/ec-express-js/node-ex/node_modules/bluebird/js/release/async.js:17:14)
    at runCallback (timers.js:763:18)
    at tryOnImmediate (timers.js:734:5)
    at processImmediate (timers.js:716:5)
15:14:18 - error:  
{ message: 'header_not_being_sent_or_incorrect',
  internalCode: 'header_not_being_sent_or_incorrect' }
15:14:18 - error:  
{ message: 'header_not_being_sent_or_incorrect',
  internalCode: 'header_not_being_sent_or_incorrect' }
15:14:56 - info: Listening on port: 8080
15:15:43 - info: Listening on port: 8080
15:15:44 - error:  
{ message: 'all_parameters_are_needed',
  internalCode: 'saving_error' }
15:15:44 - error:  
{ message: 'all_parameters_are_needed',
  internalCode: 'saving_error' }
15:15:44 - error:  
{ message: 'all_parameters_are_needed',
  internalCode: 'saving_error' }
15:15:44 - error:  SequelizeDatabaseError: column "administrator" does not exist
    at Query.formatError (/home/ecarzoglio/Documents/ec-express-js/node-ex/node_modules/sequelize/lib/dialects/postgres/query.js:363:16)
    at query.catch.err (/home/ecarzoglio/Documents/ec-express-js/node-ex/node_modules/sequelize/lib/dialects/postgres/query.js:86:18)
    at tryCatcher (/home/ecarzoglio/Documents/ec-express-js/node-ex/node_modules/bluebird/js/release/util.js:16:23)
    at Promise._settlePromiseFromHandler (/home/ecarzoglio/Documents/ec-express-js/node-ex/node_modules/bluebird/js/release/promise.js:512:31)
    at Promise._settlePromise (/home/ecarzoglio/Documents/ec-express-js/node-ex/node_modules/bluebird/js/release/promise.js:569:18)
    at Promise._settlePromise0 (/home/ecarzoglio/Documents/ec-express-js/node-ex/node_modules/bluebird/js/release/promise.js:614:10)
    at Promise._settlePromises (/home/ecarzoglio/Documents/ec-express-js/node-ex/node_modules/bluebird/js/release/promise.js:689:18)
    at Async._drainQueue (/home/ecarzoglio/Documents/ec-express-js/node-ex/node_modules/bluebird/js/release/async.js:133:16)
    at Async._drainQueues (/home/ecarzoglio/Documents/ec-express-js/node-ex/node_modules/bluebird/js/release/async.js:143:10)
    at Immediate.Async.drainQueues [as _onImmediate] (/home/ecarzoglio/Documents/ec-express-js/node-ex/node_modules/bluebird/js/release/async.js:17:14)
    at runCallback (timers.js:763:18)
    at tryOnImmediate (timers.js:734:5)
    at processImmediate (timers.js:716:5)
15:16:02 - error:  
{ message: 'header_not_being_sent_or_incorrect',
  internalCode: 'header_not_being_sent_or_incorrect' }
15:16:03 - error:  
{ message: 'header_not_being_sent_or_incorrect',
  internalCode: 'header_not_being_sent_or_incorrect' }
15:19:26 - info: Listening on port: 8080
15:19:26 - error:  
{ message: 'all_parameters_are_needed',
  internalCode: 'saving_error' }
15:19:27 - error:  
{ message: 'all_parameters_are_needed',
  internalCode: 'saving_error' }
15:19:27 - error:  
{ message: 'all_parameters_are_needed',
  internalCode: 'saving_error' }
15:19:27 - error:  SequelizeDatabaseError: column "administrator" does not exist
    at Query.formatError (/home/ecarzoglio/Documents/ec-express-js/node-ex/node_modules/sequelize/lib/dialects/postgres/query.js:363:16)
    at query.catch.err (/home/ecarzoglio/Documents/ec-express-js/node-ex/node_modules/sequelize/lib/dialects/postgres/query.js:86:18)
    at tryCatcher (/home/ecarzoglio/Documents/ec-express-js/node-ex/node_modules/bluebird/js/release/util.js:16:23)
    at Promise._settlePromiseFromHandler (/home/ecarzoglio/Documents/ec-express-js/node-ex/node_modules/bluebird/js/release/promise.js:512:31)
    at Promise._settlePromise (/home/ecarzoglio/Documents/ec-express-js/node-ex/node_modules/bluebird/js/release/promise.js:569:18)
    at Promise._settlePromise0 (/home/ecarzoglio/Documents/ec-express-js/node-ex/node_modules/bluebird/js/release/promise.js:614:10)
    at Promise._settlePromises (/home/ecarzoglio/Documents/ec-express-js/node-ex/node_modules/bluebird/js/release/promise.js:689:18)
    at Async._drainQueue (/home/ecarzoglio/Documents/ec-express-js/node-ex/node_modules/bluebird/js/release/async.js:133:16)
    at Async._drainQueues (/home/ecarzoglio/Documents/ec-express-js/node-ex/node_modules/bluebird/js/release/async.js:143:10)
    at Immediate.Async.drainQueues [as _onImmediate] (/home/ecarzoglio/Documents/ec-express-js/node-ex/node_modules/bluebird/js/release/async.js:17:14)
    at runCallback (timers.js:763:18)
    at tryOnImmediate (timers.js:734:5)
    at processImmediate (timers.js:716:5)
15:19:45 - error:  
{ message: 'header_not_being_sent_or_incorrect',
  internalCode: 'header_not_being_sent_or_incorrect' }
15:19:45 - error:  
{ message: 'header_not_being_sent_or_incorrect',
  internalCode: 'header_not_being_sent_or_incorrect' }
15:21:19 - info: Listening on port: 8080
15:21:22 - error:  
{ message: 'invalid_email',
  internalCode: 'the_email_already_exists' }
15:21:38 - error:  
{ message: 'all_parameters_are_needed',
  internalCode: 'saving_error' }
15:22:46 - error:  
{ message: 'invalid_email',
  internalCode: 'the_email_already_exists' }
15:22:50 - error:  
{ message: 'invalid_email',
  internalCode: 'the_email_already_exists' }
15:23:01 - error:  
{ message: 'all_parameters_are_needed',
  internalCode: 'saving_error' }
15:23:10 - error:  
{ message: 'all_parameters_are_needed',
  internalCode: 'saving_error' }
15:23:14 - error:  
{ message: 'all_parameters_are_needed',
  internalCode: 'saving_error' }
15:23:17 - error:  
{ message: 'all_parameters_are_needed',
  internalCode: 'saving_error' }
15:23:22 - error:  
{ message: 'all_parameters_are_needed',
  internalCode: 'saving_error' }
15:24:48 - info: Listening on port: 8080
15:25:02 - info: Listening on port: 8080
15:25:11 - error:  
{ message: 'all_parameters_are_needed',
  internalCode: 'saving_error' }
15:25:18 - error:  
{ message: 'invalid_email',
  internalCode: 'the_email_already_exists' }
15:25:21 - error:  
{ message: 'all_parameters_are_needed',
  internalCode: 'saving_error' }
15:25:25 - error:  
{ message: 'all_parameters_are_needed',
  internalCode: 'saving_error' }
15:25:28 - error:  
{ message: 'invalid_email',
  internalCode: 'the_email_already_exists' }
15:25:34 - error:  
{ message: 'invalid_email',
  internalCode: 'the_email_already_exists' }
15:29:57 - info: Listening on port: 8080
15:29:59 - error:  
{ message: 'all_parameters_are_needed',
  internalCode: 'saving_error' }
15:30:04 - error:  
{ message: 'invalid_email',
  internalCode: 'the_email_already_exists' }
15:30:25 - error:  
{ message: 'all_parameters_are_needed',
  internalCode: 'saving_error' }
15:30:59 - error:  Error: Route.post() requires a callback function but got a [object Boolean]
    at Route.(anonymous function) [as post] (/home/ecarzoglio/Documents/ec-express-js/node-ex/node_modules/express/lib/router/route.js:202:15)
    at Function.app.(anonymous function) [as post] (/home/ecarzoglio/Documents/ec-express-js/node-ex/node_modules/express/lib/application.js:482:19)
    at Object.exports.init.app [as init] (/home/ecarzoglio/Documents/ec-express-js/node-ex/app/routes.js:11:7)
    at Promise.resolve.then.then (/home/ecarzoglio/Documents/ec-express-js/node-ex/app.js:54:14)
    at <anonymous>
15:34:53 - info: Listening on port: 8080
15:34:56 - error:  
{ message: 'all_parameters_are_needed',
  internalCode: 'saving_error' }
15:34:59 - error:  
{ message: 'invalid_email',
  internalCode: 'the_email_already_exists' }
15:35:09 - error:  
{ message: 'all_parameters_are_needed',
  internalCode: 'saving_error' }
15:35:23 - info: Listening on port: 8080
15:35:23 - error:  
{ message: 'all_parameters_are_needed',
  internalCode: 'saving_error' }
15:35:24 - error:  
{ message: 'all_parameters_are_needed',
  internalCode: 'saving_error' }
15:35:24 - error:  
{ message: 'all_parameters_are_needed',
  internalCode: 'saving_error' }
15:35:24 - error:  SequelizeDatabaseError: column "administrator" does not exist
    at Query.formatError (/home/ecarzoglio/Documents/ec-express-js/node-ex/node_modules/sequelize/lib/dialects/postgres/query.js:363:16)
    at query.catch.err (/home/ecarzoglio/Documents/ec-express-js/node-ex/node_modules/sequelize/lib/dialects/postgres/query.js:86:18)
    at tryCatcher (/home/ecarzoglio/Documents/ec-express-js/node-ex/node_modules/bluebird/js/release/util.js:16:23)
    at Promise._settlePromiseFromHandler (/home/ecarzoglio/Documents/ec-express-js/node-ex/node_modules/bluebird/js/release/promise.js:512:31)
    at Promise._settlePromise (/home/ecarzoglio/Documents/ec-express-js/node-ex/node_modules/bluebird/js/release/promise.js:569:18)
    at Promise._settlePromise0 (/home/ecarzoglio/Documents/ec-express-js/node-ex/node_modules/bluebird/js/release/promise.js:614:10)
    at Promise._settlePromises (/home/ecarzoglio/Documents/ec-express-js/node-ex/node_modules/bluebird/js/release/promise.js:689:18)
    at Async._drainQueue (/home/ecarzoglio/Documents/ec-express-js/node-ex/node_modules/bluebird/js/release/async.js:133:16)
    at Async._drainQueues (/home/ecarzoglio/Documents/ec-express-js/node-ex/node_modules/bluebird/js/release/async.js:143:10)
    at Immediate.Async.drainQueues [as _onImmediate] (/home/ecarzoglio/Documents/ec-express-js/node-ex/node_modules/bluebird/js/release/async.js:17:14)
    at runCallback (timers.js:763:18)
    at tryOnImmediate (timers.js:734:5)
    at processImmediate (timers.js:716:5)
15:35:42 - error:  
{ message: 'header_not_being_sent_or_incorrect',
  internalCode: 'header_not_being_sent_or_incorrect' }
15:35:42 - error:  
{ message: 'header_not_being_sent_or_incorrect',
  internalCode: 'header_not_being_sent_or_incorrect' }
15:36:27 - info: Listening on port: 8080
15:36:27 - error:  
{ message: 'all_parameters_are_needed',
  internalCode: 'saving_error' }
15:36:27 - error:  
{ message: 'all_parameters_are_needed',
  internalCode: 'saving_error' }
15:36:27 - error:  
{ message: 'all_parameters_are_needed',
  internalCode: 'saving_error' }
15:36:28 - error:  SequelizeDatabaseError: column "administrator" does not exist
    at Query.formatError (/home/ecarzoglio/Documents/ec-express-js/node-ex/node_modules/sequelize/lib/dialects/postgres/query.js:363:16)
    at query.catch.err (/home/ecarzoglio/Documents/ec-express-js/node-ex/node_modules/sequelize/lib/dialects/postgres/query.js:86:18)
    at tryCatcher (/home/ecarzoglio/Documents/ec-express-js/node-ex/node_modules/bluebird/js/release/util.js:16:23)
    at Promise._settlePromiseFromHandler (/home/ecarzoglio/Documents/ec-express-js/node-ex/node_modules/bluebird/js/release/promise.js:512:31)
    at Promise._settlePromise (/home/ecarzoglio/Documents/ec-express-js/node-ex/node_modules/bluebird/js/release/promise.js:569:18)
    at Promise._settlePromise0 (/home/ecarzoglio/Documents/ec-express-js/node-ex/node_modules/bluebird/js/release/promise.js:614:10)
    at Promise._settlePromises (/home/ecarzoglio/Documents/ec-express-js/node-ex/node_modules/bluebird/js/release/promise.js:689:18)
    at Async._drainQueue (/home/ecarzoglio/Documents/ec-express-js/node-ex/node_modules/bluebird/js/release/async.js:133:16)
    at Async._drainQueues (/home/ecarzoglio/Documents/ec-express-js/node-ex/node_modules/bluebird/js/release/async.js:143:10)
    at Immediate.Async.drainQueues [as _onImmediate] (/home/ecarzoglio/Documents/ec-express-js/node-ex/node_modules/bluebird/js/release/async.js:17:14)
    at runCallback (timers.js:763:18)
    at tryOnImmediate (timers.js:734:5)
    at processImmediate (timers.js:716:5)
15:36:46 - error:  
{ message: 'header_not_being_sent_or_incorrect',
  internalCode: 'header_not_being_sent_or_incorrect' }
15:36:46 - error:  
{ message: 'header_not_being_sent_or_incorrect',
  internalCode: 'header_not_being_sent_or_incorrect' }
15:37:37 - info: Listening on port: 8080
15:37:37 - error:  
{ message: 'all_parameters_are_needed',
  internalCode: 'saving_error' }
15:37:37 - error:  
{ message: 'all_parameters_are_needed',
  internalCode: 'saving_error' }
15:37:37 - error:  
{ message: 'all_parameters_are_needed',
  internalCode: 'saving_error' }
15:37:37 - error:  SequelizeDatabaseError: column "administrator" does not exist
    at Query.formatError (/home/ecarzoglio/Documents/ec-express-js/node-ex/node_modules/sequelize/lib/dialects/postgres/query.js:363:16)
    at query.catch.err (/home/ecarzoglio/Documents/ec-express-js/node-ex/node_modules/sequelize/lib/dialects/postgres/query.js:86:18)
    at tryCatcher (/home/ecarzoglio/Documents/ec-express-js/node-ex/node_modules/bluebird/js/release/util.js:16:23)
    at Promise._settlePromiseFromHandler (/home/ecarzoglio/Documents/ec-express-js/node-ex/node_modules/bluebird/js/release/promise.js:512:31)
    at Promise._settlePromise (/home/ecarzoglio/Documents/ec-express-js/node-ex/node_modules/bluebird/js/release/promise.js:569:18)
    at Promise._settlePromise0 (/home/ecarzoglio/Documents/ec-express-js/node-ex/node_modules/bluebird/js/release/promise.js:614:10)
    at Promise._settlePromises (/home/ecarzoglio/Documents/ec-express-js/node-ex/node_modules/bluebird/js/release/promise.js:689:18)
    at Async._drainQueue (/home/ecarzoglio/Documents/ec-express-js/node-ex/node_modules/bluebird/js/release/async.js:133:16)
    at Async._drainQueues (/home/ecarzoglio/Documents/ec-express-js/node-ex/node_modules/bluebird/js/release/async.js:143:10)
    at Immediate.Async.drainQueues [as _onImmediate] (/home/ecarzoglio/Documents/ec-express-js/node-ex/node_modules/bluebird/js/release/async.js:17:14)
    at runCallback (timers.js:763:18)
    at tryOnImmediate (timers.js:734:5)
    at processImmediate (timers.js:716:5)
15:37:56 - error:  
{ message: 'header_not_being_sent_or_incorrect',
  internalCode: 'header_not_being_sent_or_incorrect' }
15:37:56 - error:  
{ message: 'header_not_being_sent_or_incorrect',
  internalCode: 'header_not_being_sent_or_incorrect' }
15:39:29 - info: Listening on port: 8080
15:39:29 - error:  
{ message: 'all_parameters_are_needed',
  internalCode: 'saving_error' }
15:39:29 - error:  
{ message: 'all_parameters_are_needed',
  internalCode: 'saving_error' }
15:39:29 - error:  
{ message: 'all_parameters_are_needed',
  internalCode: 'saving_error' }
15:39:30 - error:  
{ message: 'invalid_username_or_password',
  internalCode: 'invalid_user' }
15:39:30 - error:  
{ message: 'invalid_username_or_password',
  internalCode: 'invalid_user' }
15:39:30 - error:  
{ message: 'header_not_being_sent_or_incorrect',
  internalCode: 'header_not_being_sent_or_incorrect' }
15:39:30 - error:  
{ message: 'header_not_being_sent_or_incorrect',
  internalCode: 'header_not_being_sent_or_incorrect' }
15:42:43 - info: Listening on port: 8080
15:42:43 - error:  
{ message: 'all_parameters_are_needed',
  internalCode: 'saving_error' }
15:42:43 - error:  
{ message: 'all_parameters_are_needed',
  internalCode: 'saving_error' }
15:42:44 - error:  
{ message: 'all_parameters_are_needed',
  internalCode: 'saving_error' }
15:42:44 - error:  
{ message: 'invalid_username_or_password',
  internalCode: 'invalid_user' }
15:42:44 - error:  
{ message: 'invalid_username_or_password',
  internalCode: 'invalid_user' }
15:42:44 - error:  
{ message: 'header_not_being_sent_or_incorrect',
  internalCode: 'header_not_being_sent_or_incorrect' }
15:42:45 - error:  
{ message: 'header_not_being_sent_or_incorrect',
  internalCode: 'header_not_being_sent_or_incorrect' }
15:44:59 - info: Listening on port: 8080
15:44:59 - error:  
{ message: 'all_parameters_are_needed',
  internalCode: 'saving_error' }
15:44:59 - error:  
{ message: 'all_parameters_are_needed',
  internalCode: 'saving_error' }
15:44:59 - error:  
{ message: 'all_parameters_are_needed',
  internalCode: 'saving_error' }
15:45:00 - error:  
{ message: 'invalid_username_or_password',
  internalCode: 'invalid_user' }
15:45:00 - error:  
{ message: 'invalid_username_or_password',
  internalCode: 'invalid_user' }
15:45:00 - error:  
{ message: 'header_not_being_sent_or_incorrect',
  internalCode: 'header_not_being_sent_or_incorrect' }
15:45:00 - error:  
{ message: 'header_not_being_sent_or_incorrect',
  internalCode: 'header_not_being_sent_or_incorrect' }
15:48:22 - info: Listening on port: 8080
15:48:22 - error:  
{ message: 'all_parameters_are_needed',
  internalCode: 'saving_error' }
15:48:22 - error:  
{ message: 'all_parameters_are_needed',
  internalCode: 'saving_error' }
15:48:22 - error:  
{ message: 'all_parameters_are_needed',
  internalCode: 'saving_error' }
15:48:23 - error:  
{ message: 'invalid_username_or_password',
  internalCode: 'invalid_user' }
15:48:23 - error:  
{ message: 'invalid_username_or_password',
  internalCode: 'invalid_user' }
15:48:23 - error:  
{ message: 'header_not_being_sent_or_incorrect',
  internalCode: 'header_not_being_sent_or_incorrect' }
15:48:23 - error:  
{ message: 'header_not_being_sent_or_incorrect',
  internalCode: 'header_not_being_sent_or_incorrect' }
15:49:07 - info: Listening on port: 8080
15:49:07 - error:  
{ message: 'all_parameters_are_needed',
  internalCode: 'saving_error' }
15:49:07 - error:  
{ message: 'all_parameters_are_needed',
  internalCode: 'saving_error' }
15:49:08 - error:  
{ message: 'all_parameters_are_needed',
  internalCode: 'saving_error' }
15:49:08 - error:  
{ message: 'invalid_username_or_password',
  internalCode: 'invalid_user' }
15:49:08 - error:  
{ message: 'invalid_username_or_password',
  internalCode: 'invalid_user' }
15:49:09 - error:  
{ message: 'header_not_being_sent_or_incorrect',
  internalCode: 'header_not_being_sent_or_incorrect' }
15:49:09 - error:  
{ message: 'header_not_being_sent_or_incorrect',
  internalCode: 'header_not_being_sent_or_incorrect' }
15:50:58 - info: Listening on port: 8080
15:51:02 - error:  
{ message: 'all_parameters_are_needed',
  internalCode: 'saving_error' }
15:51:05 - error:  
{ message: 'invalid_email',
  internalCode: 'the_email_already_exists' }
15:52:00 - info: Listening on port: 8080
15:52:31 - info: Listening on port: 8080
15:52:36 - error:  
{ message: {}, internalCode: 'database_error' }
15:52:52 - info: Listening on port: 8080
15:52:54 - error:  
{ message: undefined, internalCode: 'database_error' }
15:53:12 - info: Listening on port: 8080
15:53:14 - error:  
{ message: 'email_already_exists',
  internalCode: 'database_error' }
15:54:22 - info: Listening on port: 8080
15:54:23 - error:  
{ message: 'all_parameters_are_needed',
  internalCode: 'saving_error' }
15:54:23 - error:  
{ message: 'all_parameters_are_needed',
  internalCode: 'saving_error' }
15:54:23 - error:  
{ message: 'all_parameters_are_needed',
  internalCode: 'saving_error' }
15:54:23 - error:  
{ message: 'invalid_username_or_password',
  internalCode: 'invalid_user' }
15:54:24 - error:  
{ message: 'invalid_username_or_password',
  internalCode: 'invalid_user' }
15:54:24 - error:  
{ message: 'header_not_being_sent_or_incorrect',
  internalCode: 'header_not_being_sent_or_incorrect' }
15:54:24 - error:  
{ message: 'header_not_being_sent_or_incorrect',
  internalCode: 'header_not_being_sent_or_incorrect' }
15:55:35 - info: Listening on port: 8080
15:55:35 - error:  
{ message: 'all_parameters_are_needed',
  internalCode: 'saving_error' }
15:55:35 - error:  
{ message: 'all_parameters_are_needed',
  internalCode: 'saving_error' }
15:55:35 - error:  
{ message: 'all_parameters_are_needed',
  internalCode: 'saving_error' }
15:55:36 - error:  
{ message: 'invalid_username_or_password',
  internalCode: 'database_error' }
15:55:42 - error:  
{ message: 'invalid_username_or_password',
  internalCode: 'database_error' }
15:55:48 - error:  
{ message: 'header_not_being_sent_or_incorrect',
  internalCode: 'header_not_being_sent_or_incorrect' }
15:55:48 - error:  
{ message: 'header_not_being_sent_or_incorrect',
  internalCode: 'header_not_being_sent_or_incorrect' }
15:56:21 - info: Listening on port: 8080
15:56:21 - error:  
{ message: 'all_parameters_are_needed',
  internalCode: 'saving_error' }
15:56:21 - error:  
{ message: 'all_parameters_are_needed',
  internalCode: 'saving_error' }
15:56:21 - error:  
{ message: 'all_parameters_are_needed',
  internalCode: 'saving_error' }
15:56:22 - error:  
{ message: 'invalid_username_or_password',
  internalCode: 'invalid_user' }
15:56:22 - error:  
{ message: 'invalid_username_or_password',
  internalCode: 'invalid_user' }
15:56:22 - error:  
{ message: 'header_not_being_sent_or_incorrect',
  internalCode: 'header_not_being_sent_or_incorrect' }
15:56:22 - error:  
{ message: 'header_not_being_sent_or_incorrect',
  internalCode: 'header_not_being_sent_or_incorrect' }
15:59:26 - info: Listening on port: 8080
15:59:28 - error:  
{ message: 'all_parameters_are_needed',
  internalCode: 'saving_error' }
15:59:34 - error:  
{ message: 'all_parameters_are_needed',
  internalCode: 'saving_error' }
15:59:40 - error:  
{ message: 'all_parameters_are_needed',
  internalCode: 'saving_error' }
16:00:41 - info: Listening on port: 8080
16:00:50 - info: Listening on port: 8080
16:00:50 - error:  
{ message: 'all_parameters_are_needed',
  internalCode: 'saving_error' }
16:00:57 - error:  
{ message: 'all_parameters_are_needed',
  internalCode: 'saving_error' }
16:00:57 - error:  
{ message: 'all_parameters_are_needed',
  internalCode: 'saving_error' }
16:00:57 - error:  
{ message: 'invalid_username_or_password',
  internalCode: 'invalid_user' }
16:00:57 - error:  
{ message: 'invalid_username_or_password',
  internalCode: 'invalid_user' }
16:00:58 - error:  
{ message: 'header_not_being_sent_or_incorrect',
  internalCode: 'header_not_being_sent_or_incorrect' }
16:00:58 - error:  
{ message: 'header_not_being_sent_or_incorrect',
  internalCode: 'header_not_being_sent_or_incorrect' }
16:02:39 - info: Listening on port: 8080
16:02:40 - error:  
{ message: 'all_parameters_are_needed',
  internalCode: 'saving_error' }
16:02:44 - error:  
{ message: 'all_parameters_are_needed',
  internalCode: 'saving_error' }
16:03:34 - info: Listening on port: 8080
16:03:37 - error:  
{ isEmpty: [Function],
  array: [Function],
  mapped: [Function],
  formatWith: [Function],
  throw: [Function] }
16:04:14 - info: Listening on port: 8080
16:05:33 - info: Listening on port: 8080
16:06:04 - info: Listening on port: 8080
16:06:12 - error:  
{ isEmpty: [Function],
  array: [Function],
  mapped: [Function],
  formatWith: [Function],
  throw: [Function] }
16:08:06 - info: Listening on port: 8080
16:08:21 - info: Listening on port: 8080
16:08:45 - info: Listening on port: 8080
16:08:47 - error:  TypeError: errors.array is not a function
    at exports.create (/home/ecarzoglio/Documents/ec-express-js/node-ex/app/controllers/users.js:52:50)
    at Layer.handle [as handle_request] (/home/ecarzoglio/Documents/ec-express-js/node-ex/node_modules/express/lib/router/layer.js:95:5)
    at next (/home/ecarzoglio/Documents/ec-express-js/node-ex/node_modules/express/lib/router/route.js:137:13)
    at runner.then.errors (/home/ecarzoglio/Documents/ec-express-js/node-ex/node_modules/express-validator/check/check.js:18:7)
    at <anonymous>
    at process._tickCallback (internal/process/next_tick.js:182:7)
16:09:11 - info: Listening on port: 8080
16:09:15 - error:  TypeError: errors.array is not a function
    at exports.create (/home/ecarzoglio/Documents/ec-express-js/node-ex/app/controllers/users.js:52:50)
    at Layer.handle [as handle_request] (/home/ecarzoglio/Documents/ec-express-js/node-ex/node_modules/express/lib/router/layer.js:95:5)
    at next (/home/ecarzoglio/Documents/ec-express-js/node-ex/node_modules/express/lib/router/route.js:137:13)
    at runner.then.errors (/home/ecarzoglio/Documents/ec-express-js/node-ex/node_modules/express-validator/check/check.js:18:7)
    at <anonymous>
    at process._tickCallback (internal/process/next_tick.js:182:7)
16:09:55 - info: Listening on port: 8080
16:10:31 - info: Listening on port: 8080
16:10:43 - error:  TypeError: errors.isEmpty is not a function
    at exports.create (/home/ecarzoglio/Documents/ec-express-js/node-ex/app/controllers/users.js:50:15)
    at Layer.handle [as handle_request] (/home/ecarzoglio/Documents/ec-express-js/node-ex/node_modules/express/lib/router/layer.js:95:5)
    at next (/home/ecarzoglio/Documents/ec-express-js/node-ex/node_modules/express/lib/router/route.js:137:13)
    at runner.then.errors (/home/ecarzoglio/Documents/ec-express-js/node-ex/node_modules/express-validator/check/check.js:18:7)
    at <anonymous>
    at process._tickCallback (internal/process/next_tick.js:182:7)
16:10:59 - info: Listening on port: 8080
16:11:26 - info: Listening on port: 8080
16:14:22 - info: Listening on port: 8080
16:14:54 - info: Listening on port: 8080
16:14:59 - error:  Error [ERR_HTTP_HEADERS_SENT]: Cannot set headers after they are sent to the client
    at validateHeader (_http_outgoing.js:503:11)
    at ServerResponse.setHeader (_http_outgoing.js:510:3)
    at ServerResponse.header (/home/ecarzoglio/Documents/ec-express-js/node-ex/node_modules/express/lib/response.js:767:10)
    at ServerResponse.json (/home/ecarzoglio/Documents/ec-express-js/node-ex/node_modules/express/lib/response.js:264:10)
    at ServerResponse.send (/home/ecarzoglio/Documents/ec-express-js/node-ex/node_modules/express/lib/response.js:158:21)
    at createUser.then.s (/home/ecarzoglio/Documents/ec-express-js/node-ex/app/controllers/users.js:57:11)
    at <anonymous>
16:15:19 - info: Listening on port: 8080
16:15:26 - info: Listening on port: 8080
16:17:02 - info: Listening on port: 8080
16:17:20 - error:  
{ message: 'invalid_username_or_password',
  internalCode: 'invalid_user' }
16:17:21 - error:  
{ message: 'invalid_username_or_password',
  internalCode: 'invalid_user' }
16:17:21 - error:  
{ message: 'header_not_being_sent_or_incorrect',
  internalCode: 'header_not_being_sent_or_incorrect' }
16:17:21 - error:  
{ message: 'header_not_being_sent_or_incorrect',
  internalCode: 'header_not_being_sent_or_incorrect' }
16:18:03 - info: Listening on port: 8080
16:18:56 - info: Listening on port: 8080
16:18:56 - error:  
{ isEmpty: [Function],
  array: [Function],
  mapped: [Function],
  formatWith: [Function],
  throw: [Function] }
16:19:02 - error:  
{ isEmpty: [Function],
  array: [Function],
  mapped: [Function],
  formatWith: [Function],
  throw: [Function] }
16:19:08 - error:  
{ isEmpty: [Function],
  array: [Function],
  mapped: [Function],
  formatWith: [Function],
  throw: [Function] }
16:19:14 - error:  
{ message: 'invalid_username_or_password',
  internalCode: 'invalid_user' }
16:19:14 - error:  
{ message: 'invalid_username_or_password',
  internalCode: 'invalid_user' }
16:19:14 - error:  
{ message: 'header_not_being_sent_or_incorrect',
  internalCode: 'header_not_being_sent_or_incorrect' }
16:19:15 - error:  
{ message: 'header_not_being_sent_or_incorrect',
  internalCode: 'header_not_being_sent_or_incorrect' }
16:29:05 - info: Listening on port: 8080
16:29:08 - error:  
{ message: 
   [ { location: 'body',
       param: 'email',
       value: 'ssssssssss',
       msg: 'email is not valid' },
     { location: 'body',
       param: 'email',
       value: 'ssssssssss',
       msg: 'the email must belong to the wolox domain' },
     { location: 'body',
       param: 'password',
       value: 'asss',
       msg: 'the password must have at least 8 characters' } ],
  internalCode: 'saving_error' }
16:29:35 - error:  
{ message: 
   [ { location: 'body',
       param: 'password',
       value: 'asss',
       msg: 'the password must have at least 8 characters' } ],
  internalCode: 'saving_error' }
16:29:47 - error:  
{ message: 'email_already_exists',
  internalCode: 'database_error' }
16:30:06 - info: Listening on port: 8080
16:30:13 - info: Listening on port: 8080
16:30:17 - error:  
{ message: {}, internalCode: 'saving_error' }
16:30:31 - info: Listening on port: 8080
16:31:31 - info: Listening on port: 8080
16:31:35 - error:  
{ message: 
   [ { location: 'body',
       param: 'firstName',
       value: '',
       msg: 'Invalid value' } ],
  internalCode: 'saving_error' }
16:31:48 - info: Listening on port: 8080
16:31:49 - error:  
{ message: 
   [ { location: 'body',
       param: 'email',
       value: 'email1@gmail.com',
       msg: 'the_email_must_belong_to_the_wolox_domain' } ],
  internalCode: 'saving_error' }
16:31:49 - error:  
{ message: 
   [ { location: 'body',
       param: 'password',
       value: 'INVALID',
       msg: 'the_password_must_have_at_least_8_characters' } ],
  internalCode: 'saving_error' }
16:31:49 - error:  
{ message: 
   [ { location: 'body',
       param: 'firstName',
       value: '',
       msg: 'Invalid value' },
     { location: 'body',
       param: 'lastName',
       value: '',
       msg: 'Invalid value' },
     { location: 'body',
       param: 'email',
       value: '',
       msg: 'email_is_not_valid' },
     { location: 'body',
       param: 'email',
       value: '',
       msg: 'the_email_must_belong_to_the_wolox_domain' },
     { location: 'body',
       param: 'password',
       value: '',
       msg: 'the_password_must_have_at_least_8_characters' },
     { location: 'body',
       param: 'password',
       value: '',
       msg: 'the_password_must_be_alphanumeric' } ],
  internalCode: 'saving_error' }
16:31:49 - error:  
{ message: 'invalid_username_or_password',
  internalCode: 'invalid_user' }
16:31:50 - error:  
{ message: 'invalid_username_or_password',
  internalCode: 'invalid_user' }
16:31:50 - error:  
{ message: 'header_not_being_sent_or_incorrect',
  internalCode: 'header_not_being_sent_or_incorrect' }
16:31:50 - error:  
{ message: 'header_not_being_sent_or_incorrect',
  internalCode: 'header_not_being_sent_or_incorrect' }
16:42:27 - info: Listening on port: 8080
16:42:27 - error:  
{ message: 
   [ { location: 'body',
       param: 'email',
       value: 'email1@gmail.com',
       msg: 'the_email_must_belong_to_the_wolox_domain' } ],
  internalCode: 'saving_error' }
16:42:27 - error:  
{ message: 
   [ { location: 'body',
       param: 'password',
       value: 'INVALID',
       msg: 'the_password_must_have_at_least_8_characters' } ],
  internalCode: 'saving_error' }
16:42:27 - error:  
{ message: 
   [ { location: 'body',
       param: 'firstName',
       value: '',
       msg: 'Invalid value' },
     { location: 'body',
       param: 'lastName',
       value: '',
       msg: 'Invalid value' },
     { location: 'body',
       param: 'email',
       value: '',
       msg: 'email_is_not_valid' },
     { location: 'body',
       param: 'email',
       value: '',
       msg: 'the_email_must_belong_to_the_wolox_domain' },
     { location: 'body',
       param: 'password',
       value: '',
       msg: 'the_password_must_have_at_least_8_characters' },
     { location: 'body',
       param: 'password',
       value: '',
       msg: 'the_password_must_be_alphanumeric' } ],
  internalCode: 'saving_error' }
16:42:28 - error:  
{ message: 'invalid_username_or_password',
  internalCode: 'invalid_user' }
16:42:28 - error:  
{ message: 'invalid_username_or_password',
  internalCode: 'invalid_user' }
16:42:28 - error:  
{ message: 'header_not_being_sent_or_incorrect',
  internalCode: 'header_not_being_sent_or_incorrect' }
16:42:28 - error:  
{ message: 'header_not_being_sent_or_incorrect',
  internalCode: 'header_not_being_sent_or_incorrect' }
16:42:29 - error:  
{ message: 'invalid_username_or_password',
  internalCode: 'invalid_user' }
16:45:20 - info: Listening on port: 8080
16:45:20 - error:  
{ message: 
   [ { location: 'body',
       param: 'email',
       value: 'email1@gmail.com',
       msg: 'the_email_must_belong_to_the_wolox_domain' } ],
  internalCode: 'saving_error' }
16:45:20 - error:  
{ message: 
   [ { location: 'body',
       param: 'password',
       value: 'INVALID',
       msg: 'the_password_must_have_at_least_8_characters' } ],
  internalCode: 'saving_error' }
16:45:20 - error:  
{ message: 
   [ { location: 'body',
       param: 'firstName',
       value: '',
       msg: 'Invalid value' },
     { location: 'body',
       param: 'lastName',
       value: '',
       msg: 'Invalid value' },
     { location: 'body',
       param: 'email',
       value: '',
       msg: 'email_is_not_valid' },
     { location: 'body',
       param: 'email',
       value: '',
       msg: 'the_email_must_belong_to_the_wolox_domain' },
     { location: 'body',
       param: 'password',
       value: '',
       msg: 'the_password_must_have_at_least_8_characters' },
     { location: 'body',
       param: 'password',
       value: '',
       msg: 'the_password_must_be_alphanumeric' } ],
  internalCode: 'saving_error' }
16:45:21 - error:  
{ message: 'invalid_username_or_password',
  internalCode: 'invalid_user' }
16:45:21 - error:  
{ message: 'invalid_username_or_password',
  internalCode: 'invalid_user' }
16:45:21 - error:  
{ message: 'header_not_being_sent_or_incorrect',
  internalCode: 'header_not_being_sent_or_incorrect' }
16:45:21 - error:  
{ message: 'header_not_being_sent_or_incorrect',
  internalCode: 'header_not_being_sent_or_incorrect' }
16:45:21 - error:  
{ message: 'invalid_username_or_password',
  internalCode: 'invalid_user' }
16:46:09 - info: Listening on port: 8080
16:46:09 - error:  
{ message: 
   [ { location: 'body',
       param: 'email',
       value: 'email1@gmail.com',
       msg: 'the_email_must_belong_to_the_wolox_domain' } ],
  internalCode: 'saving_error' }
16:46:09 - error:  
{ message: 
   [ { location: 'body',
       param: 'password',
       value: 'INVALID',
       msg: 'the_password_must_have_at_least_8_characters' } ],
  internalCode: 'saving_error' }
16:46:09 - error:  
{ message: 
   [ { location: 'body',
       param: 'firstName',
       value: '',
       msg: 'Invalid value' },
     { location: 'body',
       param: 'lastName',
       value: '',
       msg: 'Invalid value' },
     { location: 'body',
       param: 'email',
       value: '',
       msg: 'email_is_not_valid' },
     { location: 'body',
       param: 'email',
       value: '',
       msg: 'the_email_must_belong_to_the_wolox_domain' },
     { location: 'body',
       param: 'password',
       value: '',
       msg: 'the_password_must_have_at_least_8_characters' },
     { location: 'body',
       param: 'password',
       value: '',
       msg: 'the_password_must_be_alphanumeric' } ],
  internalCode: 'saving_error' }
16:46:10 - error:  
{ message: 'invalid_username_or_password',
  internalCode: 'invalid_user' }
16:46:10 - error:  
{ message: 'invalid_username_or_password',
  internalCode: 'invalid_user' }
16:46:10 - error:  
{ message: 'invalid_username_or_password',
  internalCode: 'invalid_user' }
16:46:16 - error:  
{ message: 'header_not_being_sent_or_incorrect',
  internalCode: 'header_not_being_sent_or_incorrect' }
16:46:16 - error:  
{ message: 'header_not_being_sent_or_incorrect',
  internalCode: 'header_not_being_sent_or_incorrect' }
16:46:16 - error:  
{ message: 'invalid_username_or_password',
  internalCode: 'invalid_user' }
17:03:58 - info: Listening on port: 8080
17:03:58 - error:  
{ message: 
   [ { location: 'body',
       param: 'email',
       value: 'email1@gmail.com',
       msg: 'the_email_must_belong_to_the_wolox_domain' } ],
  internalCode: 'saving_error' }
17:03:58 - error:  
{ message: 
   [ { location: 'body',
       param: 'password',
       value: 'INVALID',
       msg: 'the_password_must_have_at_least_8_characters' } ],
  internalCode: 'saving_error' }
17:03:58 - error:  
{ message: 
   [ { location: 'body',
       param: 'firstName',
       value: '',
       msg: 'Invalid value' },
     { location: 'body',
       param: 'lastName',
       value: '',
       msg: 'Invalid value' },
     { location: 'body',
       param: 'email',
       value: '',
       msg: 'email_is_not_valid' },
     { location: 'body',
       param: 'email',
       value: '',
       msg: 'the_email_must_belong_to_the_wolox_domain' },
     { location: 'body',
       param: 'password',
       value: '',
       msg: 'the_password_must_have_at_least_8_characters' },
     { location: 'body',
       param: 'password',
       value: '',
       msg: 'the_password_must_be_alphanumeric' } ],
  internalCode: 'saving_error' }
17:03:59 - error:  
{ message: 'invalid_username_or_password',
  internalCode: 'invalid_user' }
17:03:59 - error:  
{ message: 'invalid_username_or_password',
  internalCode: 'invalid_user' }
17:03:59 - error:  
{ message: 'invalid_username_or_password',
  internalCode: 'invalid_user' }
17:04:05 - error:  
{ message: 'header_not_being_sent_or_incorrect',
  internalCode: 'header_not_being_sent_or_incorrect' }
17:04:05 - error:  
{ message: 'header_not_being_sent_or_incorrect',
  internalCode: 'header_not_being_sent_or_incorrect' }
17:04:06 - error:  
{ message: 'invalid_username_or_password',
  internalCode: 'invalid_user' }
17:11:40 - info: Listening on port: 8080
17:11:40 - error:  
{ message: 
   [ { location: 'body',
       param: 'email',
       value: 'email1@gmail.com',
       msg: 'the_email_must_belong_to_the_wolox_domain' } ],
  internalCode: 'saving_error' }
17:11:40 - error:  
{ message: 
   [ { location: 'body',
       param: 'password',
       value: 'INVALID',
       msg: 'the_password_must_have_at_least_8_characters' } ],
  internalCode: 'saving_error' }
17:11:40 - error:  
{ message: 
   [ { location: 'body',
       param: 'firstName',
       value: '',
       msg: 'Invalid value' },
     { location: 'body',
       param: 'lastName',
       value: '',
       msg: 'Invalid value' },
     { location: 'body',
       param: 'email',
       value: '',
       msg: 'email_is_not_valid' },
     { location: 'body',
       param: 'email',
       value: '',
       msg: 'the_email_must_belong_to_the_wolox_domain' },
     { location: 'body',
       param: 'password',
       value: '',
       msg: 'the_password_must_have_at_least_8_characters' },
     { location: 'body',
       param: 'password',
       value: '',
       msg: 'the_password_must_be_alphanumeric' } ],
  internalCode: 'saving_error' }
17:11:41 - error:  
{ message: 'invalid_username_or_password',
  internalCode: 'invalid_user' }
17:11:41 - error:  
{ message: 'invalid_username_or_password',
  internalCode: 'invalid_user' }
17:11:41 - error:  
{ message: 'invalid_username_or_password',
  internalCode: 'invalid_user' }
17:11:47 - error:  
{ message: 'header_not_being_sent_or_incorrect',
  internalCode: 'header_not_being_sent_or_incorrect' }
17:11:47 - error:  
{ message: 'invalid_username_or_password',
  internalCode: 'invalid_user' }
17:11:54 - error:  
{ message: 'header_not_being_sent_or_incorrect',
  internalCode: 'header_not_being_sent_or_incorrect' }
17:11:54 - error:  
{ message: 'invalid_username_or_password',
  internalCode: 'invalid_user' }
17:13:36 - info: Listening on port: 8080
17:13:36 - error:  
{ message: 
   [ { location: 'body',
       param: 'email',
       value: 'email1@gmail.com',
       msg: 'the_email_must_belong_to_the_wolox_domain' } ],
  internalCode: 'saving_error' }
17:13:36 - error:  
{ message: 
   [ { location: 'body',
       param: 'password',
       value: 'INVALID',
       msg: 'the_password_must_have_at_least_8_characters' } ],
  internalCode: 'saving_error' }
17:13:36 - error:  
{ message: 
   [ { location: 'body',
       param: 'firstName',
       value: '',
       msg: 'Invalid value' },
     { location: 'body',
       param: 'lastName',
       value: '',
       msg: 'Invalid value' },
     { location: 'body',
       param: 'email',
       value: '',
       msg: 'email_is_not_valid' },
     { location: 'body',
       param: 'email',
       value: '',
       msg: 'the_email_must_belong_to_the_wolox_domain' },
     { location: 'body',
       param: 'password',
       value: '',
       msg: 'the_password_must_have_at_least_8_characters' },
     { location: 'body',
       param: 'password',
       value: '',
       msg: 'the_password_must_be_alphanumeric' } ],
  internalCode: 'saving_error' }
17:13:37 - error:  
{ message: 'invalid_username_or_password',
  internalCode: 'invalid_user' }
17:13:37 - error:  
{ message: 'invalid_username_or_password',
  internalCode: 'invalid_user' }
17:13:37 - error:  
{ message: 'invalid_username_or_password',
  internalCode: 'invalid_user' }
17:13:43 - error:  
{ message: 'header_not_being_sent_or_incorrect',
  internalCode: 'header_not_being_sent_or_incorrect' }
17:13:43 - error:  
{ message: 'invalid_username_or_password',
  internalCode: 'invalid_user' }
17:13:49 - error:  
{ message: 'header_not_being_sent_or_incorrect',
  internalCode: 'header_not_being_sent_or_incorrect' }
17:13:50 - error:  
{ message: 'invalid_username_or_password',
  internalCode: 'invalid_user' }
17:40:18 - info: Listening on port: 8080
17:40:22 - error:  
{ message: 'email_already_exists',
  internalCode: 'saving_error' }
17:40:29 - error:  
{ message: 
   [ { location: 'body',
       param: 'email',
       value: 'ssssssssss',
       msg: 'email_is_not_valid' },
     { location: 'body',
       param: 'email',
       value: 'ssssssssss',
       msg: 'the_email_must_belong_to_the_wolox_domain' } ],
  internalCode: 'saving_error' }
17:40:44 - error:  
{ message: 
   [ { location: 'body',
       param: 'email',
       value: 'ssssssssss@s',
       msg: 'email_is_not_valid' },
     { location: 'body',
       param: 'email',
       value: 'ssssssssss@s',
       msg: 'the_email_must_belong_to_the_wolox_domain' } ],
  internalCode: 'saving_error' }
17:40:46 - error:  
{ message: 
   [ { location: 'body',
       param: 'email',
       value: 'ssssssssss@s',
       msg: 'email_is_not_valid' },
     { location: 'body',
       param: 'email',
       value: 'ssssssssss@s',
       msg: 'the_email_must_belong_to_the_wolox_domain' } ],
  internalCode: 'saving_error' }
17:40:46 - error:  
{ message: 
   [ { location: 'body',
       param: 'email',
       value: 'ssssssssss@s',
       msg: 'email_is_not_valid' },
     { location: 'body',
       param: 'email',
       value: 'ssssssssss@s',
       msg: 'the_email_must_belong_to_the_wolox_domain' } ],
  internalCode: 'saving_error' }
17:40:47 - error:  
{ message: 
   [ { location: 'body',
       param: 'email',
       value: 'ssssssssss@s',
       msg: 'email_is_not_valid' },
     { location: 'body',
       param: 'email',
       value: 'ssssssssss@s',
       msg: 'the_email_must_belong_to_the_wolox_domain' } ],
  internalCode: 'saving_error' }
17:40:50 - error:  
{ message: 
   [ { location: 'body',
       param: 'email',
       value: 'ssssssssss@s',
       msg: 'email_is_not_valid' },
     { location: 'body',
       param: 'email',
       value: 'ssssssssss@s',
       msg: 'the_email_must_belong_to_the_wolox_domain' } ],
  internalCode: 'saving_error' }
17:40:59 - info: Listening on port: 8080
17:41:15 - error:  
{ message: 
   [ { location: 'body',
       param: 'email',
       value: 'ssssssssss@s.com',
       msg: 'the_email_must_belong_to_the_wolox_domain' } ],
  internalCode: 'saving_error' }
17:42:20 - info: Listening on port: 8080
17:42:31 - info: Listening on port: 8080
17:42:42 - info: Listening on port: 8080
17:42:55 - error:  
{ message: 
   [ { location: 'body',
       param: 'email',
       value: 'ssssssssss@s.com',
       msg: 'the_email_must_belong_to_the_wolox_domain' } ],
  internalCode: 'saving_error' }
17:43:11 - info: Listening on port: 8080
17:43:11 - error:  
{ message: 
   [ { location: 'body',
       param: 'email',
       value: 'email1@gmail.com',
       msg: 'the_email_must_belong_to_the_wolox_domain' } ],
  internalCode: 'saving_error' }
17:43:12 - error:  
{ message: 
   [ { location: 'body',
       param: 'password',
       value: 'INVALID',
       msg: 'the_password_must_have_at_least_8_characters' } ],
  internalCode: 'saving_error' }
17:43:12 - error:  
{ message: 
   [ { location: 'body',
       param: 'firstName',
       value: '',
       msg: 'Invalid value' },
     { location: 'body',
       param: 'lastName',
       value: '',
       msg: 'Invalid value' },
     { location: 'body',
       param: 'email',
       value: '',
       msg: 'email_is_not_valid' },
     { location: 'body',
       param: 'email',
       value: '',
       msg: 'the_email_must_belong_to_the_wolox_domain' },
     { location: 'body',
       param: 'password',
       value: '',
       msg: 'the_password_must_have_at_least_8_characters' },
     { location: 'body',
       param: 'password',
       value: '',
       msg: 'the_password_must_be_alphanumeric' } ],
  internalCode: 'saving_error' }
17:43:12 - error:  
{ message: 'invalid_username_or_password',
  internalCode: 'invalid_user' }
17:43:12 - error:  
{ message: 'invalid_username_or_password',
  internalCode: 'invalid_user' }
17:43:12 - error:  
{ message: 'header_not_being_sent_or_incorrect',
  internalCode: 'header_not_being_sent_or_incorrect' }
17:43:13 - error:  
{ message: 'header_not_being_sent_or_incorrect',
  internalCode: 'header_not_being_sent_or_incorrect' }
17:44:41 - info: Listening on port: 8080
17:44:41 - error:  
{ message: 
   [ { location: 'body',
       param: 'email',
       value: 'email1@gmail.com',
       msg: 'the_email_must_belong_to_the_wolox_domain' } ],
  internalCode: 'saving_error' }
17:44:41 - error:  
{ message: 
   [ { location: 'body',
       param: 'password',
       value: 'INVALID',
       msg: 'the_password_must_have_at_least_8_characters' } ],
  internalCode: 'saving_error' }
17:44:41 - error:  
{ message: 
   [ { location: 'body',
       param: 'firstName',
       value: '',
       msg: 'Invalid value' },
     { location: 'body',
       param: 'lastName',
       value: '',
       msg: 'Invalid value' },
     { location: 'body',
       param: 'email',
       value: '',
       msg: 'email_is_not_valid' },
     { location: 'body',
       param: 'email',
       value: '',
       msg: 'the_email_must_belong_to_the_wolox_domain' },
     { location: 'body',
       param: 'password',
       value: '',
       msg: 'the_password_must_have_at_least_8_characters' },
     { location: 'body',
       param: 'password',
       value: '',
       msg: 'the_password_must_be_alphanumeric' } ],
  internalCode: 'saving_error' }
17:44:42 - error:  
{ message: 'invalid_username_or_password',
  internalCode: 'invalid_user' }
17:44:42 - error:  
{ message: 'invalid_username_or_password',
  internalCode: 'invalid_user' }
17:44:42 - error:  
{ message: 'header_not_being_sent_or_incorrect',
  internalCode: 'header_not_being_sent_or_incorrect' }
17:44:42 - error:  
{ message: 'header_not_being_sent_or_incorrect',
  internalCode: 'header_not_being_sent_or_incorrect' }
