10:55:56 - info: Listening on port: 8080
10:55:57 - error:  
{ message: 'Invalid_username_or_password',
  internalCode: 'invalid_user' }
10:55:57 - error:  
{ message: 'Invalid_username_or_password',
  internalCode: 'invalid_user' }
10:55:57 - error:  
{ message: 'Invalid_username_or_password',
  internalCode: 'invalid_user' }
11:26:52 - info: Listening on port: 8080
11:26:52 - error:  
{ message: 'Invalid_username_or_password',
  internalCode: 'invalid_user' }
11:26:53 - error:  
{ message: 'Invalid_username_or_password',
  internalCode: 'invalid_user' }
11:26:53 - error:  
{ message: 'Invalid_username_or_password',
  internalCode: 'invalid_user' }
11:27:32 - info: Listening on port: 8080
11:27:32 - error:  
{ message: 'Invalid_username_or_password',
  internalCode: 'invalid_user' }
11:27:33 - error:  
{ message: 'Invalid_username_or_password',
  internalCode: 'invalid_user' }
11:27:33 - error:  
{ message: 'Invalid_username_or_password',
  internalCode: 'invalid_user' }
11:29:06 - info: Listening on port: 8080
11:29:06 - error:  
{ message: 'Invalid_username_or_password',
  internalCode: 'invalid_user' }
11:29:06 - error:  
{ message: 'Invalid_username_or_password',
  internalCode: 'invalid_user' }
11:29:06 - error:  
{ message: 'Invalid_username_or_password',
  internalCode: 'invalid_user' }
11:52:41 - info: Listening on port: 8080
11:52:42 - error:  
{ message: 'Invalid_username_or_password',
  internalCode: 'invalid_user' }
11:52:42 - error:  
{ message: 'Invalid_username_or_password',
  internalCode: 'invalid_user' }
11:52:42 - error:  
{ message: 'Invalid_username_or_password',
  internalCode: 'invalid_user' }
11:56:34 - info: Listening on port: 8080
11:56:34 - error:  
{ message: 'Invalid_username_or_password',
  internalCode: 'invalid_user' }
11:56:34 - error:  
{ message: 'Invalid_username_or_password',
  internalCode: 'invalid_user' }
11:56:34 - error:  
{ message: 'Invalid_username_or_password',
  internalCode: 'invalid_user' }
12:00:38 - info: Listening on port: 8080
12:00:38 - error:  
{ message: 'Invalid_username_or_password',
  internalCode: 'invalid_user' }
12:00:38 - error:  
{ message: 'Invalid_username_or_password',
  internalCode: 'invalid_user' }
12:00:39 - error:  
{ message: 'Invalid_username_or_password',
  internalCode: 'invalid_user' }
12:00:39 - error:  Error [ERR_HTTP_HEADERS_SENT]: Cannot set headers after they are sent to the client
    at validateHeader (_http_outgoing.js:503:11)
    at ServerResponse.setHeader (_http_outgoing.js:510:3)
    at ServerResponse.header (/home/ecarzoglio/Documents/ec-express-js/node-ex/node_modules/express/lib/response.js:767:10)
    at ServerResponse.json (/home/ecarzoglio/Documents/ec-express-js/node-ex/node_modules/express/lib/response.js:264:10)
    at ServerResponse.send (/home/ecarzoglio/Documents/ec-express-js/node-ex/node_modules/express/lib/response.js:158:21)
    at User.findOneModel.then.u (/home/ecarzoglio/Documents/ec-express-js/node-ex/app/controllers/users.js:47:18)
    at tryCatcher (/home/ecarzoglio/Documents/ec-express-js/node-ex/node_modules/bluebird/js/release/util.js:16:23)
    at Promise._settlePromiseFromHandler (/home/ecarzoglio/Documents/ec-express-js/node-ex/node_modules/bluebird/js/release/promise.js:512:31)
    at Promise._settlePromise (/home/ecarzoglio/Documents/ec-express-js/node-ex/node_modules/bluebird/js/release/promise.js:569:18)
    at Promise._settlePromise0 (/home/ecarzoglio/Documents/ec-express-js/node-ex/node_modules/bluebird/js/release/promise.js:614:10)
    at Promise._settlePromises (/home/ecarzoglio/Documents/ec-express-js/node-ex/node_modules/bluebird/js/release/promise.js:693:18)
    at Async._drainQueue (/home/ecarzoglio/Documents/ec-express-js/node-ex/node_modules/bluebird/js/release/async.js:133:16)
    at Async._drainQueues (/home/ecarzoglio/Documents/ec-express-js/node-ex/node_modules/bluebird/js/release/async.js:143:10)
    at Immediate.Async.drainQueues [as _onImmediate] (/home/ecarzoglio/Documents/ec-express-js/node-ex/node_modules/bluebird/js/release/async.js:17:14)
    at runCallback (timers.js:763:18)
    at tryOnImmediate (timers.js:734:5)
    at processImmediate (timers.js:716:5)
12:01:57 - info: Listening on port: 8080
12:01:57 - error:  
{ message: 'Invalid_username_or_password',
  internalCode: 'invalid_user' }
12:01:57 - error:  
{ message: 'Invalid_username_or_password',
  internalCode: 'invalid_user' }
12:01:58 - error:  
{ message: 'Invalid_username_or_password',
  internalCode: 'invalid_user' }
12:03:37 - info: Listening on port: 8080
12:03:37 - error:  
{ message: 'Invalid_username_or_password',
  internalCode: 'invalid_user' }
12:03:38 - error:  
{ message: 'Invalid_username_or_password',
  internalCode: 'invalid_user' }
12:03:38 - error:  
{ message: 'Invalid_username_or_password',
  internalCode: 'invalid_user' }
12:04:16 - info: Listening on port: 8080
12:04:16 - error:  
{ message: 'Invalid_username_or_password',
  internalCode: 'invalid_user' }
12:04:16 - error:  
{ message: 'Invalid_username_or_password',
  internalCode: 'invalid_user' }
12:04:16 - error:  
{ message: 'Invalid_username_or_password',
  internalCode: 'invalid_user' }
12:04:46 - info: Listening on port: 8080
12:04:47 - error:  
{ message: 'Invalid_username_or_password',
  internalCode: 'invalid_user' }
12:04:47 - error:  
{ message: 'Invalid_username_or_password',
  internalCode: 'invalid_user' }
12:04:47 - error:  
{ message: 'Invalid_username_or_password',
  internalCode: 'invalid_user' }
12:05:56 - info: Listening on port: 8080
12:05:56 - error:  
{ message: 'Invalid_username_or_password',
  internalCode: 'invalid_user' }
12:05:57 - error:  
{ message: 'Invalid_username_or_password',
  internalCode: 'invalid_user' }
12:05:57 - error:  
{ message: 'Invalid_username_or_password',
  internalCode: 'invalid_user' }
12:06:27 - info: Listening on port: 8080
12:06:27 - error:  
{ message: 'Invalid_username_or_password',
  internalCode: 'invalid_user' }
12:06:27 - error:  
{ message: 'Invalid_username_or_password',
  internalCode: 'invalid_user' }
12:06:28 - error:  
{ message: 'Invalid_username_or_password',
  internalCode: 'invalid_user' }
12:08:21 - info: Listening on port: 8080
12:08:21 - error: 
12:08:27 - error: 
12:08:33 - error: 
12:09:20 - info: Listening on port: 8080
12:09:20 - error:  
{ message: 'Invalid_username_or_password',
  internalCode: 'invalid_user' }
12:09:20 - error:  
{ message: 'Invalid_username_or_password',
  internalCode: 'invalid_user' }
12:09:20 - error:  
{ message: 'Invalid_username_or_password',
  internalCode: 'invalid_user' }
12:12:32 - info: Listening on port: 8080
12:12:46 - error:  
{ message: undefined, internalCode: 'the_email_already_exists' }
12:12:48 - error:  
{ message: undefined, internalCode: 'the_email_already_exists' }
12:12:54 - error:  
{ message: 'Invalid_username_or_password',
  internalCode: 'invalid_user' }
12:13:01 - error:  
{ message: undefined, internalCode: 'the_email_already_exists' }
12:18:53 - info: Listening on port: 8080
12:18:53 - error:  
{ message: 'Invalid_username_or_password',
  internalCode: 'invalid_user' }
12:18:54 - error:  
{ message: 'Invalid_username_or_password',
  internalCode: 'invalid_user' }
12:18:54 - error:  
{ message: 'Invalid_username_or_password',
  internalCode: 'invalid_user' }
12:21:19 - info: Listening on port: 8080
12:21:19 - error:  
{ message: 'Invalid_username_or_password',
  internalCode: 'invalid_user' }
12:21:19 - error:  
{ message: 'Invalid_username_or_password',
  internalCode: 'invalid_user' }
12:21:19 - error:  
{ message: 'Invalid_username_or_password',
  internalCode: 'invalid_user' }
12:23:27 - info: Listening on port: 8080
12:23:27 - error:  
{ message: 'Invalid_username_or_password',
  internalCode: 'invalid_user' }
12:23:27 - error:  
{ message: 'Invalid_username_or_password',
  internalCode: 'invalid_user' }
12:23:27 - error:  
{ message: 'Invalid_username_or_password',
  internalCode: 'invalid_user' }
12:23:49 - info: Listening on port: 8080
12:23:49 - error:  
{ message: 'Invalid_username_or_password',
  internalCode: 'invalid_user' }
12:23:49 - error:  
{ message: 'Invalid_username_or_password',
  internalCode: 'invalid_user' }
12:23:50 - error:  
{ message: 'Invalid_username_or_password',
  internalCode: 'invalid_user' }
12:24:27 - info: Listening on port: 8080
12:24:27 - error:  
{ message: 'Invalid_username_or_password',
  internalCode: 'invalid_user' }
12:24:27 - error:  
{ message: 'Invalid_username_or_password',
  internalCode: 'invalid_user' }
12:24:28 - error:  
{ message: 'Invalid_username_or_password',
  internalCode: 'invalid_user' }
12:26:32 - info: Listening on port: 8080
12:26:32 - error:  
{ message: 'Invalid_username_or_password',
  internalCode: 'invalid_user' }
12:26:32 - error:  
{ message: 'Invalid_username_or_password',
  internalCode: 'invalid_user' }
12:26:32 - error:  
{ message: 'Invalid_username_or_password',
  internalCode: 'invalid_user' }
12:29:06 - info: Listening on port: 8080
12:29:06 - error:  
{ message: 'Invalid_username_or_password',
  internalCode: 'invalid_user' }
12:29:06 - error:  
{ message: 'Invalid_username_or_password',
  internalCode: 'invalid_user' }
12:29:06 - error:  
{ message: 'Invalid_username_or_password',
  internalCode: 'invalid_user' }
12:29:44 - info: Listening on port: 8080
12:29:44 - error:  
{ message: 'Invalid_username_or_password',
  internalCode: 'invalid_user' }
12:29:44 - error:  
{ message: 'Invalid_username_or_password',
  internalCode: 'invalid_user' }
12:29:44 - error:  
{ message: 'Invalid_username_or_password',
  internalCode: 'invalid_user' }
12:55:50 - info: Listening on port: 8080
12:55:50 - error:  
{ message: 'Invalid_username_or_password',
  internalCode: 'invalid_user' }
12:55:50 - error:  
{ message: 'Invalid_username_or_password',
  internalCode: 'invalid_user' }
12:55:50 - error:  
{ message: 'Invalid_username_or_password',
  internalCode: 'invalid_user' }
13:03:46 - info: Listening on port: 8080
13:03:47 - error:  
{ message: 'Invalid_username_or_password',
  internalCode: 'invalid_user' }
13:03:47 - error:  
{ message: 'Invalid_username_or_password',
  internalCode: 'invalid_user' }
13:03:47 - error:  
{ message: 'Invalid_username_or_password',
  internalCode: 'invalid_user' }
13:04:02 - info: Listening on port: 8080
13:04:02 - error:  
{ message: 'Invalid_username_or_password',
  internalCode: 'invalid_user' }
13:04:03 - error:  
{ message: 'Invalid_username_or_password',
  internalCode: 'invalid_user' }
13:04:03 - error:  
{ message: 'Invalid_username_or_password',
  internalCode: 'invalid_user' }
13:04:31 - info: Listening on port: 8080
13:04:32 - error:  
{ message: 'Invalid_username_or_password',
  internalCode: 'invalid_user' }
13:04:32 - error:  
{ message: 'Invalid_username_or_password',
  internalCode: 'invalid_user' }
13:04:32 - error:  
{ message: 'Invalid_username_or_password',
  internalCode: 'invalid_user' }
13:11:15 - info: Listening on port: 8080
13:11:15 - error:  
{ message: 'Invalid_username_or_password',
  internalCode: 'invalid_user' }
13:11:15 - error:  
{ message: 'Invalid_username_or_password',
  internalCode: 'invalid_user' }
13:11:15 - error:  
{ message: 'Invalid_username_or_password',
  internalCode: 'invalid_user' }
13:11:16 - error: 
13:18:27 - info: Listening on port: 8080
13:18:28 - error:  
{ message: 'Invalid_username_or_password',
  internalCode: 'invalid_user' }
13:18:28 - error:  
{ message: 'Invalid_username_or_password',
  internalCode: 'invalid_user' }
13:18:28 - error:  
{ message: 'Invalid_username_or_password',
  internalCode: 'invalid_user' }
13:18:28 - error: 
13:19:58 - info: Listening on port: 8080
13:19:59 - error:  
{ message: 'Invalid_username_or_password',
  internalCode: 'invalid_user' }
13:19:59 - error:  
{ message: 'Invalid_username_or_password',
  internalCode: 'invalid_user' }
13:19:59 - error:  
{ message: 'Invalid_username_or_password',
  internalCode: 'invalid_user' }
13:19:59 - error: 
13:35:08 - info: Listening on port: 8080
13:35:08 - error:  
{ message: 'Invalid_username_or_password',
  internalCode: 'invalid_user' }
13:35:08 - error:  
{ message: 'Invalid_username_or_password',
  internalCode: 'invalid_user' }
13:35:09 - error:  
{ message: 'Invalid_username_or_password',
  internalCode: 'invalid_user' }
13:35:09 - error: 
13:38:20 - info: Listening on port: 8080
13:38:20 - error:  
{ message: 'Invalid_username_or_password',
  internalCode: 'invalid_user' }
13:38:20 - error:  
{ message: 'Invalid_username_or_password',
  internalCode: 'invalid_user' }
13:38:20 - error:  
{ message: 'Invalid_username_or_password',
  internalCode: 'invalid_user' }
13:38:21 - error: 
13:42:19 - info: Listening on port: 8080
13:42:20 - error:  
{ message: 'Invalid_username_or_password',
  internalCode: 'invalid_user' }
13:42:20 - error:  
{ message: 'Invalid_username_or_password',
  internalCode: 'invalid_user' }
13:42:20 - error:  
{ message: 'Invalid_username_or_password',
  internalCode: 'invalid_user' }
13:42:20 - error: 
14:17:26 - info: Listening on port: 8080
14:17:26 - error:  
{ message: 'Invalid_username_or_password',
  internalCode: 'invalid_user' }
14:17:26 - error:  
{ message: 'Invalid_username_or_password',
  internalCode: 'invalid_user' }
14:17:26 - error:  
{ message: 'Invalid_username_or_password',
  internalCode: 'invalid_user' }
14:17:27 - error: 
14:17:59 - info: Listening on port: 8080
14:17:59 - error:  
{ message: 'Invalid_username_or_password',
  internalCode: 'invalid_user' }
14:18:00 - error:  
{ message: 'Invalid_username_or_password',
  internalCode: 'invalid_user' }
14:18:00 - error:  
{ message: 'Invalid_username_or_password',
  internalCode: 'invalid_user' }
14:18:00 - error: 
14:19:08 - info: Listening on port: 8080
14:19:08 - error:  
{ message: 'Invalid_username_or_password',
  internalCode: 'invalid_user' }
14:19:09 - error:  
{ message: 'Invalid_username_or_password',
  internalCode: 'invalid_user' }
14:19:09 - error:  
{ message: 'Invalid_username_or_password',
  internalCode: 'invalid_user' }
14:19:09 - error:  
{ message: 'Invalid_username_or_password',
  internalCode: 'invalid_user' }
14:20:58 - info: Listening on port: 8080
14:20:58 - error:  
{ message: 'Invalid_username_or_password',
  internalCode: 'invalid_user' }
14:20:58 - error:  
{ message: 'Invalid_username_or_password',
  internalCode: 'invalid_user' }
14:20:58 - error:  
{ message: 'Invalid_username_or_password',
  internalCode: 'invalid_user' }
14:20:59 - error:  
{ message: 'Invalid_username_or_password',
  internalCode: 'invalid_user' }
14:34:32 - info: Listening on port: 8080
14:34:33 - error:  
{ message: 'Invalid_username_or_password',
  internalCode: 'invalid_user' }
14:34:33 - error:  
{ message: 'Invalid_username_or_password',
  internalCode: 'invalid_user' }
14:34:33 - error:  
{ message: 'Invalid_username_or_password',
  internalCode: 'invalid_user' }
14:34:33 - error:  
{ message: 'Invalid_username_or_password',
  internalCode: 'invalid_user' }
14:37:48 - info: Listening on port: 8080
14:37:48 - error:  
{ message: 'Invalid_username_or_password',
  internalCode: 'invalid_user' }
14:37:49 - error:  
{ message: 'Invalid_username_or_password',
  internalCode: 'invalid_user' }
14:37:49 - error:  
{ message: 'Invalid_username_or_password',
  internalCode: 'invalid_user' }
14:37:49 - error:  
{ message: 'Invalid_username_or_password',
  internalCode: 'invalid_user' }
14:37:50 - error:  
{ message: 'Invalid_username_or_password',
  internalCode: 'invalid_user' }
14:38:15 - info: Listening on port: 8080
14:38:15 - error:  
{ message: 'Invalid_username_or_password',
  internalCode: 'invalid_user' }
14:38:15 - error:  
{ message: 'Invalid_username_or_password',
  internalCode: 'invalid_user' }
14:38:16 - error:  
{ message: 'Invalid_username_or_password',
  internalCode: 'invalid_user' }
14:38:16 - error:  
{ message: 'Invalid_username_or_password',
  internalCode: 'invalid_user' }
14:38:16 - error:  
{ message: 'Invalid_username_or_password',
  internalCode: 'invalid_user' }
14:46:11 - info: Listening on port: 8080
14:46:11 - error:  
{ message: 'Invalid_username_or_password',
  internalCode: 'invalid_user' }
14:46:12 - error:  
{ message: 'Invalid_username_or_password',
  internalCode: 'invalid_user' }
14:46:12 - error:  
{ message: 'Invalid_username_or_password',
  internalCode: 'invalid_user' }
14:46:12 - error:  
{ message: 'Invalid_username_or_password',
  internalCode: 'invalid_user' }
14:46:13 - error:  
{ message: 'Invalid_username_or_password',
  internalCode: 'invalid_user' }
14:46:13 - error:  
{ message: 'Invalid_username_or_password',
  internalCode: 'invalid_user' }
14:47:04 - info: Listening on port: 8080
14:47:04 - error:  
{ message: 'Invalid_username_or_password',
  internalCode: 'invalid_user' }
14:47:04 - error:  
{ message: 'Invalid_username_or_password',
  internalCode: 'invalid_user' }
14:47:04 - error:  
{ message: 'Invalid_username_or_password',
  internalCode: 'invalid_user' }
14:47:05 - error:  
{ message: 'Invalid_username_or_password',
  internalCode: 'invalid_user' }
14:47:05 - error:  
{ message: 'Invalid_username_or_password',
  internalCode: 'invalid_user' }
14:47:05 - error:  
{ message: 'Invalid_username_or_password',
  internalCode: 'invalid_user' }
14:47:54 - info: Listening on port: 8080
14:47:57 - error:  
{ message: undefined, internalCode: 'the_email_already_exists' }
14:48:21 - error:  
{ message: undefined, internalCode: 'the_email_already_exists' }
14:52:34 - info: Listening on port: 8080
14:53:01 - info: Listening on port: 8080
14:54:00 - info: Listening on port: 8080
14:54:00 - error:  
{ message: 'Invalid_username_or_password',
  internalCode: 'invalid_user' }
14:54:01 - error:  
{ message: 'Invalid_username_or_password',
  internalCode: 'invalid_user' }
14:54:01 - error:  
{ message: 'Invalid_username_or_password',
  internalCode: 'invalid_user' }
14:54:01 - error:  
{ message: 'Invalid_username_or_password',
  internalCode: 'invalid_user' }
14:54:01 - error:  
{ message: 'Invalid_username_or_password',
  internalCode: 'invalid_user' }
14:54:02 - error:  
{ message: 'Invalid_username_or_password',
  internalCode: 'invalid_user' }
14:54:38 - info: Listening on port: 8080
14:54:38 - error:  
{ message: 'Invalid_username_or_password',
  internalCode: 'invalid_user' }
14:54:38 - error:  
{ message: 'Invalid_username_or_password',
  internalCode: 'invalid_user' }
14:54:38 - error:  
{ message: 'Invalid_username_or_password',
  internalCode: 'invalid_user' }
14:54:39 - error:  
{ message: 'Invalid_username_or_password',
  internalCode: 'invalid_user' }
14:54:39 - error:  
{ message: 'Invalid_username_or_password',
  internalCode: 'invalid_user' }
14:54:39 - error:  
{ message: 'Invalid_username_or_password',
  internalCode: 'invalid_user' }
14:59:44 - info: Listening on port: 8080
14:59:44 - error:  
{ message: 'Invalid_username_or_password',
  internalCode: 'invalid_user' }
14:59:45 - error:  
{ message: 'Invalid_username_or_password',
  internalCode: 'invalid_user' }
14:59:45 - error:  
{ message: 'Invalid_username_or_password',
  internalCode: 'invalid_user' }
14:59:45 - error:  
{ message: 'Invalid_username_or_password',
  internalCode: 'invalid_user' }
14:59:45 - error:  
{ message: 'Invalid_username_or_password',
  internalCode: 'invalid_user' }
14:59:46 - error:  
{ message: 'Invalid_username_or_password',
  internalCode: 'invalid_user' }
15:01:23 - info: Listening on port: 8080
15:01:23 - error:  
{ message: 'Invalid_username_or_password',
  internalCode: 'invalid_user' }
15:01:23 - error:  
{ message: 'Invalid_username_or_password',
  internalCode: 'invalid_user' }
15:01:23 - error:  
{ message: 'Invalid_username_or_password',
  internalCode: 'invalid_user' }
15:01:24 - error:  
{ message: 'Invalid_username_or_password',
  internalCode: 'invalid_user' }
15:01:24 - error:  
{ message: 'Invalid_username_or_password',
  internalCode: 'invalid_user' }
15:01:24 - error:  
{ message: 'Invalid_username_or_password',
  internalCode: 'invalid_user' }
15:06:23 - info: Listening on port: 8080
15:06:23 - error:  
{ message: 'Invalid_username_or_password',
  internalCode: 'invalid_user' }
15:06:23 - error:  
{ message: 'Invalid_username_or_password',
  internalCode: 'invalid_user' }
15:06:24 - error:  
{ message: 'Invalid_username_or_password',
  internalCode: 'invalid_user' }
15:06:24 - error:  
{ message: 'Invalid_username_or_password',
  internalCode: 'invalid_user' }
15:06:24 - error:  
{ message: 'Invalid_username_or_password',
  internalCode: 'invalid_user' }
15:06:24 - error:  
{ message: 'Invalid_username_or_password',
  internalCode: 'invalid_user' }
15:08:20 - info: Listening on port: 8080
15:08:21 - error:  
{ message: 'Invalid_username_or_password',
  internalCode: 'invalid_user' }
15:08:21 - error:  
{ message: 'Invalid_username_or_password',
  internalCode: 'invalid_user' }
15:08:21 - error:  
{ message: 'Invalid_username_or_password',
  internalCode: 'invalid_user' }
15:08:21 - error:  
{ message: 'Invalid_username_or_password',
  internalCode: 'invalid_user' }
15:08:22 - error:  
{ message: 'Invalid_username_or_password',
  internalCode: 'invalid_user' }
15:08:22 - error:  
{ message: 'Invalid_username_or_password',
  internalCode: 'invalid_user' }
15:09:13 - info: Listening on port: 8080
15:09:13 - error:  
{ message: 'Invalid_username_or_password',
  internalCode: 'invalid_user' }
15:09:13 - error:  
{ message: 'Invalid_username_or_password',
  internalCode: 'invalid_user' }
15:09:13 - error:  
{ message: 'Invalid_username_or_password',
  internalCode: 'invalid_user' }
15:09:14 - error:  
{ message: 'Invalid_username_or_password',
  internalCode: 'invalid_user' }
15:09:14 - error:  
{ message: 'Invalid_username_or_password',
  internalCode: 'invalid_user' }
15:10:46 - info: Listening on port: 8080
15:10:46 - error:  
{ message: 'Invalid_username_or_password',
  internalCode: 'invalid_user' }
15:10:46 - error:  
{ message: 'Invalid_username_or_password',
  internalCode: 'invalid_user' }
15:10:47 - error:  
{ message: 'Invalid_username_or_password',
  internalCode: 'invalid_user' }
15:10:47 - error:  
{ message: 'Invalid_username_or_password',
  internalCode: 'invalid_user' }
15:10:47 - error:  
{ message: 'Invalid_username_or_password',
  internalCode: 'invalid_user' }
15:12:49 - info: Listening on port: 8080
15:12:49 - error:  
{ message: 'Invalid_username_or_password',
  internalCode: 'invalid_user' }
15:12:49 - error:  
{ message: 'Invalid_username_or_password',
  internalCode: 'invalid_user' }
15:12:49 - error:  
{ message: 'Invalid_username_or_password',
  internalCode: 'invalid_user' }
15:12:50 - error:  
{ message: 'Invalid_username_or_password',
  internalCode: 'invalid_user' }
15:12:50 - error:  
{ message: 'Invalid_username_or_password',
  internalCode: 'invalid_user' }
15:14:50 - info: Listening on port: 8080
15:14:50 - error:  
{ message: undefined, internalCode: 'saving_error' }
15:14:56 - error:  
{ message: undefined, internalCode: 'saving_error' }
15:15:02 - error:  
{ message: undefined, internalCode: 'saving_error' }
15:15:08 - error:  
{ message: 'Invalid_username_or_password',
  internalCode: 'invalid_user' }
15:15:09 - error:  
{ message: 'Invalid_username_or_password',
  internalCode: 'invalid_user' }
15:15:45 - info: Listening on port: 8080
15:15:46 - error:  
{ message: 
   { isEmpty: [Function],
     array: [Function],
     mapped: [Function],
     formatWith: [Function],
     throw: [Function] },
  internalCode: 'saving_error' }
15:15:46 - error:  
{ message: 
   { isEmpty: [Function],
     array: [Function],
     mapped: [Function],
     formatWith: [Function],
     throw: [Function] },
  internalCode: 'saving_error' }
15:15:46 - error:  
{ message: 
   { isEmpty: [Function],
     array: [Function],
     mapped: [Function],
     formatWith: [Function],
     throw: [Function] },
  internalCode: 'saving_error' }
15:15:46 - error:  
{ message: 'Invalid_username_or_password',
  internalCode: 'invalid_user' }
15:15:46 - error:  
{ message: 'Invalid_username_or_password',
  internalCode: 'invalid_user' }
15:17:04 - info: Listening on port: 8080
15:17:04 - error:  
{ message: 'All_parameters_are_needed',
  internalCode: 'saving_error' }
15:17:04 - error:  
{ message: 'All_parameters_are_needed',
  internalCode: 'saving_error' }
15:17:04 - error:  
{ message: 'All_parameters_are_needed',
  internalCode: 'saving_error' }
15:17:05 - error:  
{ message: 'Invalid_username_or_password',
  internalCode: 'invalid_user' }
15:17:05 - error:  
{ message: 'Invalid_username_or_password',
  internalCode: 'invalid_user' }
15:17:39 - info: Listening on port: 8080
15:17:39 - error:  
{ message: 'All_parameters_are_needed',
  internalCode: 'saving_error' }
15:17:39 - error:  
{ message: 'All_parameters_are_needed',
  internalCode: 'saving_error' }
15:17:39 - error:  
{ message: 'All_parameters_are_needed',
  internalCode: 'saving_error' }
15:17:40 - error:  
{ message: 'Invalid_username_or_password',
  internalCode: 'invalid_user' }
15:17:40 - error:  
{ message: 'Invalid_username_or_password',
  internalCode: 'invalid_user' }
15:17:40 - error:  
{ message: 'Invalid_username_or_password',
  internalCode: 'invalid_user' }
15:33:22 - info: Listening on port: 8080
15:33:22 - error:  
{ message: 'All_parameters_are_needed',
  internalCode: 'saving_error' }
15:33:22 - error:  
{ message: 'All_parameters_are_needed',
  internalCode: 'saving_error' }
15:33:22 - error:  
{ message: 'All_parameters_are_needed',
  internalCode: 'saving_error' }
15:33:23 - error:  
{ message: 'Invalid_username_or_password',
  internalCode: 'invalid_user' }
15:33:23 - error:  
{ message: 'Invalid_username_or_password',
  internalCode: 'invalid_user' }
15:33:23 - error:  
{ message: 'Invalid_username_or_password',
  internalCode: 'invalid_user' }
15:34:42 - info: Listening on port: 8080
15:34:42 - error:  
{ message: 'All_parameters_are_needed',
  internalCode: 'saving_error' }
15:34:42 - error:  
{ message: 'All_parameters_are_needed',
  internalCode: 'saving_error' }
15:34:42 - error:  
{ message: 'All_parameters_are_needed',
  internalCode: 'saving_error' }
15:34:42 - error:  
{ message: 'Invalid_username_or_password',
  internalCode: 'invalid_user' }
15:34:43 - error:  
{ message: 'Invalid_username_or_password',
  internalCode: 'invalid_user' }
15:34:43 - error:  
{ message: 'Invalid_username_or_password',
  internalCode: 'invalid_user' }
15:36:35 - error: Pending migrations, run: npm run migrations
15:38:31 - info: Listening on port: 8080
15:39:31 - info: Listening on port: 8080
15:41:11 - info: Listening on port: 8080
15:41:11 - error:  
{ message: 'All_parameters_are_needed',
  internalCode: 'saving_error' }
15:41:12 - error:  
{ message: 'All_parameters_are_needed',
  internalCode: 'saving_error' }
15:41:12 - error:  
{ message: 'All_parameters_are_needed',
  internalCode: 'saving_error' }
15:41:12 - error:  
{ message: 'Invalid_username_or_password',
  internalCode: 'invalid_user' }
15:41:12 - error:  
{ message: 'Invalid_username_or_password',
  internalCode: 'invalid_user' }
15:41:12 - error:  
{ message: 'Invalid_username_or_password',
  internalCode: 'invalid_user' }
15:54:15 - info: Listening on port: 8080
15:55:39 - error:  
{ message: undefined, internalCode: 'the_email_already_exists' }
15:59:39 - info: Listening on port: 8080
16:00:00 - info: Listening on port: 8080
16:00:19 - info: Listening on port: 8080
16:00:41 - info: Listening on port: 8080
16:01:00 - info: Listening on port: 8080
16:01:24 - info: Listening on port: 8080
16:01:44 - info: Listening on port: 8080
16:02:02 - info: Listening on port: 8080
16:08:59 - info: Listening on port: 8080
16:09:57 - info: Listening on port: 8080
16:10:19 - info: Listening on port: 8080
16:10:42 - info: Listening on port: 8080
16:21:48 - info: Listening on port: 8080
16:23:08 - info: Listening on port: 8080
16:23:33 - info: Listening on port: 8080
16:30:54 - info: Listening on port: 8080
16:34:55 - info: Listening on port: 8080
16:35:00 - error:  ReferenceError: Profile is not defined
    at Function.User.findAllUsers (/home/ecarzoglio/Documents/ec-express-js/node-ex/app/models/user.js:51:18)
    at exports.listAll (/home/ecarzoglio/Documents/ec-express-js/node-ex/app/controllers/users.js:87:8)
    at Layer.handle [as handle_request] (/home/ecarzoglio/Documents/ec-express-js/node-ex/node_modules/express/lib/router/layer.js:95:5)
    at next (/home/ecarzoglio/Documents/ec-express-js/node-ex/node_modules/express/lib/router/route.js:137:13)
    at User.findOne.then.u (/home/ecarzoglio/Documents/ec-express-js/node-ex/app/middlewares/auth.js:15:9)
    at tryCatcher (/home/ecarzoglio/Documents/ec-express-js/node-ex/node_modules/bluebird/js/release/util.js:16:23)
    at Promise._settlePromiseFromHandler (/home/ecarzoglio/Documents/ec-express-js/node-ex/node_modules/bluebird/js/release/promise.js:512:31)
    at Promise._settlePromise (/home/ecarzoglio/Documents/ec-express-js/node-ex/node_modules/bluebird/js/release/promise.js:569:18)
    at Promise._settlePromise0 (/home/ecarzoglio/Documents/ec-express-js/node-ex/node_modules/bluebird/js/release/promise.js:614:10)
    at Promise._settlePromises (/home/ecarzoglio/Documents/ec-express-js/node-ex/node_modules/bluebird/js/release/promise.js:693:18)
    at Async._drainQueue (/home/ecarzoglio/Documents/ec-express-js/node-ex/node_modules/bluebird/js/release/async.js:133:16)
    at Async._drainQueues (/home/ecarzoglio/Documents/ec-express-js/node-ex/node_modules/bluebird/js/release/async.js:143:10)
    at Immediate.Async.drainQueues [as _onImmediate] (/home/ecarzoglio/Documents/ec-express-js/node-ex/node_modules/bluebird/js/release/async.js:17:14)
    at runCallback (timers.js:763:18)
    at tryOnImmediate (timers.js:734:5)
    at processImmediate (timers.js:716:5)
16:35:13 - info: Listening on port: 8080
16:35:38 - info: Listening on port: 8080
18:05:16 - info: Listening on port: 8080
18:06:27 - info: Listening on port: 8080
18:06:27 - error:  
{ message: 'All_parameters_are_needed',
  internalCode: 'saving_error' }
18:06:27 - error:  
{ message: 'All_parameters_are_needed',
  internalCode: 'saving_error' }
18:06:27 - error:  
{ message: 'All_parameters_are_needed',
  internalCode: 'saving_error' }
18:06:28 - error:  
{ message: 'Invalid_username_or_password',
  internalCode: 'invalid_user' }
18:06:28 - error:  
{ message: 'Invalid_username_or_password',
  internalCode: 'invalid_user' }
18:11:55 - info: Listening on port: 8080
18:11:55 - error:  
{ message: 'All_parameters_are_needed',
  internalCode: 'saving_error' }
18:11:55 - error:  
{ message: 'All_parameters_are_needed',
  internalCode: 'saving_error' }
18:11:56 - error:  
{ message: 'All_parameters_are_needed',
  internalCode: 'saving_error' }
18:11:56 - error:  
{ message: 'Invalid_username_or_password',
  internalCode: 'invalid_user' }
18:11:56 - error:  
{ message: 'Invalid_username_or_password',
  internalCode: 'invalid_user' }
18:33:27 - info: Listening on port: 8080
18:33:27 - error:  
{ message: 'All_parameters_are_needed',
  internalCode: 'saving_error' }
18:33:27 - error:  
{ message: 'All_parameters_are_needed',
  internalCode: 'saving_error' }
18:33:27 - error:  
{ message: 'All_parameters_are_needed',
  internalCode: 'saving_error' }
18:33:28 - error:  
{ message: 'Invalid_username_or_password',
  internalCode: 'invalid_user' }
18:33:28 - error:  
{ message: 'Invalid_username_or_password',
  internalCode: 'invalid_user' }
18:35:40 - info: Listening on port: 8080
18:35:41 - error:  
{ message: 'All_parameters_are_needed',
  internalCode: 'saving_error' }
18:35:41 - error:  
{ message: 'All_parameters_are_needed',
  internalCode: 'saving_error' }
18:35:41 - error:  
{ message: 'All_parameters_are_needed',
  internalCode: 'saving_error' }
18:35:41 - error:  
{ message: 'Invalid_username_or_password',
  internalCode: 'invalid_user' }
18:35:41 - error:  
{ message: 'Invalid_username_or_password',
  internalCode: 'invalid_user' }
18:36:46 - info: Listening on port: 8080
18:36:46 - error:  
{ message: 'All_parameters_are_needed',
  internalCode: 'saving_error' }
18:36:46 - error:  
{ message: 'All_parameters_are_needed',
  internalCode: 'saving_error' }
18:36:46 - error:  
{ message: 'All_parameters_are_needed',
  internalCode: 'saving_error' }
18:36:47 - error:  
{ message: 'Invalid_username_or_password',
  internalCode: 'invalid_user' }
18:36:47 - error:  
{ message: 'Invalid_username_or_password',
  internalCode: 'invalid_user' }
18:39:22 - info: Listening on port: 8080
18:39:22 - error:  
{ message: 'All_parameters_are_needed',
  internalCode: 'saving_error' }
18:39:22 - error:  
{ message: 'All_parameters_are_needed',
  internalCode: 'saving_error' }
18:39:22 - error:  
{ message: 'All_parameters_are_needed',
  internalCode: 'saving_error' }
18:39:23 - error:  
{ message: 'Invalid_username_or_password',
  internalCode: 'invalid_user' }
18:39:23 - error:  
{ message: 'Invalid_username_or_password',
  internalCode: 'invalid_user' }
18:39:23 - error:  RangeError [ERR_HTTP_INVALID_STATUS_CODE]: Invalid status code: [object Object]
    at ServerResponse.writeHead (_http_server.js:201:11)
    at ServerResponse._implicitHeader (_http_server.js:192:8)
    at ServerResponse.end (_http_outgoing.js:763:10)
    at exports.secure (/home/ecarzoglio/Documents/ec-express-js/node-ex/app/middlewares/auth.js:24:9)
    at Layer.handle [as handle_request] (/home/ecarzoglio/Documents/ec-express-js/node-ex/node_modules/express/lib/router/layer.js:95:5)
    at next (/home/ecarzoglio/Documents/ec-express-js/node-ex/node_modules/express/lib/router/route.js:137:13)
    at Route.dispatch (/home/ecarzoglio/Documents/ec-express-js/node-ex/node_modules/express/lib/router/route.js:112:3)
    at Layer.handle [as handle_request] (/home/ecarzoglio/Documents/ec-express-js/node-ex/node_modules/express/lib/router/layer.js:95:5)
    at /home/ecarzoglio/Documents/ec-express-js/node-ex/node_modules/express/lib/router/index.js:281:22
    at Function.process_params (/home/ecarzoglio/Documents/ec-express-js/node-ex/node_modules/express/lib/router/index.js:335:12)
    at next (/home/ecarzoglio/Documents/ec-express-js/node-ex/node_modules/express/lib/router/index.js:275:10)
    at /home/ecarzoglio/Documents/ec-express-js/node-ex/node_modules/express-validator/lib/express_validator.js:250:5
    at Layer.handle [as handle_request] (/home/ecarzoglio/Documents/ec-express-js/node-ex/node_modules/express/lib/router/layer.js:95:5)
    at trim_prefix (/home/ecarzoglio/Documents/ec-express-js/node-ex/node_modules/express/lib/router/index.js:317:13)
    at /home/ecarzoglio/Documents/ec-express-js/node-ex/node_modules/express/lib/router/index.js:284:7
    at Function.process_params (/home/ecarzoglio/Documents/ec-express-js/node-ex/node_modules/express/lib/router/index.js:335:12)
    at next (/home/ecarzoglio/Documents/ec-express-js/node-ex/node_modules/express/lib/router/index.js:275:10)
    at urlencodedParser (/home/ecarzoglio/Documents/ec-express-js/node-ex/node_modules/body-parser/lib/types/urlencoded.js:91:7)
    at Layer.handle [as handle_request] (/home/ecarzoglio/Documents/ec-express-js/node-ex/node_modules/express/lib/router/layer.js:95:5)
    at trim_prefix (/home/ecarzoglio/Documents/ec-express-js/node-ex/node_modules/express/lib/router/index.js:317:13)
    at /home/ecarzoglio/Documents/ec-express-js/node-ex/node_modules/express/lib/router/index.js:284:7
    at Function.process_params (/home/ecarzoglio/Documents/ec-express-js/node-ex/node_modules/express/lib/router/index.js:335:12)
    at next (/home/ecarzoglio/Documents/ec-express-js/node-ex/node_modules/express/lib/router/index.js:275:10)
    at jsonParser (/home/ecarzoglio/Documents/ec-express-js/node-ex/node_modules/body-parser/lib/types/json.js:110:7)
    at Layer.handle [as handle_request] (/home/ecarzoglio/Documents/ec-express-js/node-ex/node_modules/express/lib/router/layer.js:95:5)
    at trim_prefix (/home/ecarzoglio/Documents/ec-express-js/node-ex/node_modules/express/lib/router/index.js:317:13)
    at /home/ecarzoglio/Documents/ec-express-js/node-ex/node_modules/express/lib/router/index.js:284:7
    at Function.process_params (/home/ecarzoglio/Documents/ec-express-js/node-ex/node_modules/express/lib/router/index.js:335:12)
    at next (/home/ecarzoglio/Documents/ec-express-js/node-ex/node_modules/express/lib/router/index.js:275:10)
    at expressInit (/home/ecarzoglio/Documents/ec-express-js/node-ex/node_modules/express/lib/middleware/init.js:40:5)
    at Layer.handle [as handle_request] (/home/ecarzoglio/Documents/ec-express-js/node-ex/node_modules/express/lib/router/layer.js:95:5)
    at trim_prefix (/home/ecarzoglio/Documents/ec-express-js/node-ex/node_modules/express/lib/router/index.js:317:13)
    at /home/ecarzoglio/Documents/ec-express-js/node-ex/node_modules/express/lib/router/index.js:284:7
    at Function.process_params (/home/ecarzoglio/Documents/ec-express-js/node-ex/node_modules/express/lib/router/index.js:335:12)
    at next (/home/ecarzoglio/Documents/ec-express-js/node-ex/node_modules/express/lib/router/index.js:275:10)
    at query (/home/ecarzoglio/Documents/ec-express-js/node-ex/node_modules/express/lib/middleware/query.js:45:5)
    at Layer.handle [as handle_request] (/home/ecarzoglio/Documents/ec-express-js/node-ex/node_modules/express/lib/router/layer.js:95:5)
    at trim_prefix (/home/ecarzoglio/Documents/ec-express-js/node-ex/node_modules/express/lib/router/index.js:317:13)
    at /home/ecarzoglio/Documents/ec-express-js/node-ex/node_modules/express/lib/router/index.js:284:7
    at Function.process_params (/home/ecarzoglio/Documents/ec-express-js/node-ex/node_modules/express/lib/router/index.js:335:12)
    at next (/home/ecarzoglio/Documents/ec-express-js/node-ex/node_modules/express/lib/router/index.js:275:10)
    at Function.handle (/home/ecarzoglio/Documents/ec-express-js/node-ex/node_modules/express/lib/router/index.js:174:3)
    at Function.handle (/home/ecarzoglio/Documents/ec-express-js/node-ex/node_modules/express/lib/application.js:174:10)
    at Server.app (/home/ecarzoglio/Documents/ec-express-js/node-ex/node_modules/express/lib/express.js:39:9)
    at Server.emit (events.js:180:13)
    at parserOnIncoming (_http_server.js:642:12)
    at HTTPParser.parserOnHeadersComplete (_http_common.js:117:17)
18:41:51 - info: Listening on port: 8080
18:41:51 - error:  
{ message: 'All_parameters_are_needed',
  internalCode: 'saving_error' }
18:41:51 - error:  
{ message: 'All_parameters_are_needed',
  internalCode: 'saving_error' }
18:41:52 - error:  
{ message: 'All_parameters_are_needed',
  internalCode: 'saving_error' }
18:41:52 - error:  
{ message: 'Invalid_username_or_password',
  internalCode: 'invalid_user' }
18:41:53 - error:  
{ message: 'Invalid_username_or_password',
  internalCode: 'invalid_user' }
18:46:20 - info: Listening on port: 8080
18:46:21 - error:  
{ message: 'All_parameters_are_needed',
  internalCode: 'saving_error' }
18:46:21 - error:  
{ message: 'All_parameters_are_needed',
  internalCode: 'saving_error' }
18:46:21 - error:  
{ message: 'All_parameters_are_needed',
  internalCode: 'saving_error' }
18:46:21 - error:  
{ message: 'Invalid_username_or_password',
  internalCode: 'invalid_user' }
18:46:22 - error:  
{ message: 'Invalid_username_or_password',
  internalCode: 'invalid_user' }
18:47:04 - info: Listening on port: 8080
18:52:12 - info: Listening on port: 8080
18:53:06 - info: Listening on port: 8080
18:53:20 - info: Listening on port: 8080
18:54:08 - info: Listening on port: 8080
18:54:55 - info: Listening on port: 8080
18:55:00 - error:  
{ message: 'header_not_being_sent',
  internalCode: 'header_not_being_sent' }
18:55:24 - info: Listening on port: 8080
18:55:24 - error:  
{ message: 'All_parameters_are_needed',
  internalCode: 'saving_error' }
18:55:25 - error:  
{ message: 'All_parameters_are_needed',
  internalCode: 'saving_error' }
18:55:25 - error:  
{ message: 'All_parameters_are_needed',
  internalCode: 'saving_error' }
18:55:25 - error:  
{ message: 'Invalid_username_or_password',
  internalCode: 'invalid_user' }
18:55:25 - error:  
{ message: 'Invalid_username_or_password',
  internalCode: 'invalid_user' }
18:55:25 - error:  
{ message: 'header_not_being_sent',
  internalCode: 'header_not_being_sent' }
18:56:07 - info: Listening on port: 8080
18:56:08 - error:  
{ message: 'All_parameters_are_needed',
  internalCode: 'saving_error' }
18:56:08 - error:  
{ message: 'All_parameters_are_needed',
  internalCode: 'saving_error' }
18:56:08 - error:  
{ message: 'All_parameters_are_needed',
  internalCode: 'saving_error' }
18:56:08 - error:  
{ message: 'Invalid_username_or_password',
  internalCode: 'invalid_user' }
18:56:08 - error:  
{ message: 'Invalid_username_or_password',
  internalCode: 'invalid_user' }
18:56:08 - error:  
{ message: 'header_not_being_sent',
  internalCode: 'header_not_being_sent' }
18:56:46 - info: Listening on port: 8080
18:56:46 - error:  
{ message: 'All_parameters_are_needed',
  internalCode: 'saving_error' }
18:56:46 - error:  
{ message: 'All_parameters_are_needed',
  internalCode: 'saving_error' }
18:56:46 - error:  
{ message: 'All_parameters_are_needed',
  internalCode: 'saving_error' }
18:56:47 - error:  
{ message: 'Invalid_username_or_password',
  internalCode: 'invalid_user' }
18:56:47 - error:  
{ message: 'Invalid_username_or_password',
  internalCode: 'invalid_user' }
18:56:47 - error:  
{ message: 'header_not_being_sent',
  internalCode: 'header_not_being_sent' }
19:09:09 - info: Listening on port: 8080
19:09:09 - error:  
{ message: 'All_parameters_are_needed',
  internalCode: 'saving_error' }
19:09:09 - error:  
{ message: 'All_parameters_are_needed',
  internalCode: 'saving_error' }
19:09:09 - error:  
{ message: 'All_parameters_are_needed',
  internalCode: 'saving_error' }
19:09:10 - error:  
{ message: 'Invalid_username_or_password',
  internalCode: 'invalid_user' }
19:09:10 - error:  
{ message: 'Invalid_username_or_password',
  internalCode: 'invalid_user' }
19:09:10 - error:  
{ message: 'header_not_being_sent',
  internalCode: 'header_not_being_sent' }
19:12:55 - info: Listening on port: 8080
19:12:55 - error:  
{ message: 'All_parameters_are_needed',
  internalCode: 'saving_error' }
19:12:55 - error:  
{ message: 'All_parameters_are_needed',
  internalCode: 'saving_error' }
19:12:55 - error:  
{ message: 'All_parameters_are_needed',
  internalCode: 'saving_error' }
19:12:56 - error:  
{ message: 'Invalid_username_or_password',
  internalCode: 'invalid_user' }
19:12:56 - error:  
{ message: 'Invalid_username_or_password',
  internalCode: 'invalid_user' }
19:12:56 - error:  
{ message: 'header_not_being_sent',
  internalCode: 'header_not_being_sent' }
19:12:56 - error:  
{ message: 'Invalid_username_or_password',
  internalCode: 'invalid_user' }
