10:28:10 - info: Listening on port: 8080
10:28:37 - info: Listening on port: 8080
10:28:55 - error:  
{ message: 'Invalid username or password',
  internalCode: 'invalid_user' }
10:44:10 - info: Listening on port: 8080
10:44:21 - error:  TypeError: User.findAllUsers is not a function
    at exports.listAll (/home/ecarzoglio/Documents/ec-express-js/node-ex/app/controllers/users.js:87:8)
    at Layer.handle [as handle_request] (/home/ecarzoglio/Documents/ec-express-js/node-ex/node_modules/express/lib/router/layer.js:95:5)
    at next (/home/ecarzoglio/Documents/ec-express-js/node-ex/node_modules/express/lib/router/route.js:137:13)
    at User.findOne.then.u (/home/ecarzoglio/Documents/ec-express-js/node-ex/app/middlewares/auth.js:15:9)
    at tryCatcher (/home/ecarzoglio/Documents/ec-express-js/node-ex/node_modules/bluebird/js/release/util.js:16:23)
    at Promise._settlePromiseFromHandler (/home/ecarzoglio/Documents/ec-express-js/node-ex/node_modules/bluebird/js/release/promise.js:512:31)
    at Promise._settlePromise (/home/ecarzoglio/Documents/ec-express-js/node-ex/node_modules/bluebird/js/release/promise.js:569:18)
    at Promise._settlePromise0 (/home/ecarzoglio/Documents/ec-express-js/node-ex/node_modules/bluebird/js/release/promise.js:614:10)
    at Promise._settlePromises (/home/ecarzoglio/Documents/ec-express-js/node-ex/node_modules/bluebird/js/release/promise.js:693:18)
    at Async._drainQueue (/home/ecarzoglio/Documents/ec-express-js/node-ex/node_modules/bluebird/js/release/async.js:133:16)
    at Async._drainQueues (/home/ecarzoglio/Documents/ec-express-js/node-ex/node_modules/bluebird/js/release/async.js:143:10)
    at Immediate.Async.drainQueues [as _onImmediate] (/home/ecarzoglio/Documents/ec-express-js/node-ex/node_modules/bluebird/js/release/async.js:17:14)
    at runCallback (timers.js:763:18)
    at tryOnImmediate (timers.js:734:5)
    at processImmediate (timers.js:716:5)
10:45:14 - info: Listening on port: 8080
10:54:49 - info: Listening on port: 8080
10:55:12 - info: Listening on port: 8080
10:59:07 - info: Listening on port: 8080
11:00:26 - info: Listening on port: 8080
11:00:31 - error:  TypeError: Cannot read property 'id' of undefined
    at exports.secure (/home/ecarzoglio/Documents/ec-express-js/node-ex/app/middlewares/auth.js:12:44)
    at Layer.handle [as handle_request] (/home/ecarzoglio/Documents/ec-express-js/node-ex/node_modules/express/lib/router/layer.js:95:5)
    at next (/home/ecarzoglio/Documents/ec-express-js/node-ex/node_modules/express/lib/router/route.js:137:13)
    at Route.dispatch (/home/ecarzoglio/Documents/ec-express-js/node-ex/node_modules/express/lib/router/route.js:112:3)
    at Layer.handle [as handle_request] (/home/ecarzoglio/Documents/ec-express-js/node-ex/node_modules/express/lib/router/layer.js:95:5)
    at /home/ecarzoglio/Documents/ec-express-js/node-ex/node_modules/express/lib/router/index.js:281:22
    at Function.process_params (/home/ecarzoglio/Documents/ec-express-js/node-ex/node_modules/express/lib/router/index.js:335:12)
    at next (/home/ecarzoglio/Documents/ec-express-js/node-ex/node_modules/express/lib/router/index.js:275:10)
    at logger (/home/ecarzoglio/Documents/ec-express-js/node-ex/node_modules/morgan/index.js:144:5)
    at Layer.handle [as handle_request] (/home/ecarzoglio/Documents/ec-express-js/node-ex/node_modules/express/lib/router/layer.js:95:5)
    at trim_prefix (/home/ecarzoglio/Documents/ec-express-js/node-ex/node_modules/express/lib/router/index.js:317:13)
    at /home/ecarzoglio/Documents/ec-express-js/node-ex/node_modules/express/lib/router/index.js:284:7
    at Function.process_params (/home/ecarzoglio/Documents/ec-express-js/node-ex/node_modules/express/lib/router/index.js:335:12)
    at next (/home/ecarzoglio/Documents/ec-express-js/node-ex/node_modules/express/lib/router/index.js:275:10)
    at /home/ecarzoglio/Documents/ec-express-js/node-ex/node_modules/express-validator/lib/express_validator.js:250:5
    at Layer.handle [as handle_request] (/home/ecarzoglio/Documents/ec-express-js/node-ex/node_modules/express/lib/router/layer.js:95:5)
    at trim_prefix (/home/ecarzoglio/Documents/ec-express-js/node-ex/node_modules/express/lib/router/index.js:317:13)
    at /home/ecarzoglio/Documents/ec-express-js/node-ex/node_modules/express/lib/router/index.js:284:7
    at Function.process_params (/home/ecarzoglio/Documents/ec-express-js/node-ex/node_modules/express/lib/router/index.js:335:12)
    at next (/home/ecarzoglio/Documents/ec-express-js/node-ex/node_modules/express/lib/router/index.js:275:10)
    at urlencodedParser (/home/ecarzoglio/Documents/ec-express-js/node-ex/node_modules/body-parser/lib/types/urlencoded.js:91:7)
    at Layer.handle [as handle_request] (/home/ecarzoglio/Documents/ec-express-js/node-ex/node_modules/express/lib/router/layer.js:95:5)
11:00:38 - info: Listening on port: 8080
11:00:47 - info: Listening on port: 8080
11:00:49 - error:  TypeError: Cannot read property 'id' of undefined
    at exports.secure (/home/ecarzoglio/Documents/ec-express-js/node-ex/app/middlewares/auth.js:12:47)
    at Layer.handle [as handle_request] (/home/ecarzoglio/Documents/ec-express-js/node-ex/node_modules/express/lib/router/layer.js:95:5)
    at next (/home/ecarzoglio/Documents/ec-express-js/node-ex/node_modules/express/lib/router/route.js:137:13)
    at Route.dispatch (/home/ecarzoglio/Documents/ec-express-js/node-ex/node_modules/express/lib/router/route.js:112:3)
    at Layer.handle [as handle_request] (/home/ecarzoglio/Documents/ec-express-js/node-ex/node_modules/express/lib/router/layer.js:95:5)
    at /home/ecarzoglio/Documents/ec-express-js/node-ex/node_modules/express/lib/router/index.js:281:22
    at Function.process_params (/home/ecarzoglio/Documents/ec-express-js/node-ex/node_modules/express/lib/router/index.js:335:12)
    at next (/home/ecarzoglio/Documents/ec-express-js/node-ex/node_modules/express/lib/router/index.js:275:10)
    at logger (/home/ecarzoglio/Documents/ec-express-js/node-ex/node_modules/morgan/index.js:144:5)
    at Layer.handle [as handle_request] (/home/ecarzoglio/Documents/ec-express-js/node-ex/node_modules/express/lib/router/layer.js:95:5)
    at trim_prefix (/home/ecarzoglio/Documents/ec-express-js/node-ex/node_modules/express/lib/router/index.js:317:13)
    at /home/ecarzoglio/Documents/ec-express-js/node-ex/node_modules/express/lib/router/index.js:284:7
    at Function.process_params (/home/ecarzoglio/Documents/ec-express-js/node-ex/node_modules/express/lib/router/index.js:335:12)
    at next (/home/ecarzoglio/Documents/ec-express-js/node-ex/node_modules/express/lib/router/index.js:275:10)
    at /home/ecarzoglio/Documents/ec-express-js/node-ex/node_modules/express-validator/lib/express_validator.js:250:5
    at Layer.handle [as handle_request] (/home/ecarzoglio/Documents/ec-express-js/node-ex/node_modules/express/lib/router/layer.js:95:5)
    at trim_prefix (/home/ecarzoglio/Documents/ec-express-js/node-ex/node_modules/express/lib/router/index.js:317:13)
    at /home/ecarzoglio/Documents/ec-express-js/node-ex/node_modules/express/lib/router/index.js:284:7
    at Function.process_params (/home/ecarzoglio/Documents/ec-express-js/node-ex/node_modules/express/lib/router/index.js:335:12)
    at next (/home/ecarzoglio/Documents/ec-express-js/node-ex/node_modules/express/lib/router/index.js:275:10)
    at urlencodedParser (/home/ecarzoglio/Documents/ec-express-js/node-ex/node_modules/body-parser/lib/types/urlencoded.js:91:7)
    at Layer.handle [as handle_request] (/home/ecarzoglio/Documents/ec-express-js/node-ex/node_modules/express/lib/router/layer.js:95:5)
11:00:55 - info: Listening on port: 8080
11:14:46 - info: Listening on port: 8080
11:14:47 - info: Listening on port: 8080
11:14:58 - info: Listening on port: 8080
11:15:10 - info: Listening on port: 8080
11:15:42 - info: Listening on port: 8080
11:18:47 - info: Listening on port: 8080
11:19:33 - info: Listening on port: 8080
11:19:43 - info: Listening on port: 8080
11:20:33 - info: Listening on port: 8080
11:20:41 - info: Listening on port: 8080
11:21:18 - info: Listening on port: 8080
11:22:18 - info: Listening on port: 8080
11:41:07 - info: Listening on port: 8080
11:56:09 - info: Listening on port: 8080
11:56:50 - info: Listening on port: 8080
11:58:09 - info: Listening on port: 8080
11:58:21 - info: Listening on port: 8080
11:58:43 - info: Listening on port: 8080
11:58:58 - info: Listening on port: 8080
11:59:08 - info: Listening on port: 8080
12:01:52 - info: Listening on port: 8080
12:02:18 - info: Listening on port: 8080
12:06:29 - info: Listening on port: 8080
12:09:44 - info: Listening on port: 8080
12:13:21 - info: Listening on port: 8080
12:13:43 - info: Listening on port: 8080
12:21:39 - info: Listening on port: 8080
12:23:12 - info: Listening on port: 8080
12:30:20 - info: Listening on port: 8080
12:31:15 - info: Listening on port: 8080
12:34:00 - info: Listening on port: 8080
12:34:00 - error:  
{ message: 'Invalid username or password',
  internalCode: 'invalid_user' }
12:34:00 - error:  
{ message: 'Invalid username or password',
  internalCode: 'invalid_user' }
12:34:01 - error:  
{ message: 'Invalid username or password',
  internalCode: 'invalid_user' }
12:34:13 - error:  
{ message: 'Invalid username or password',
  internalCode: 'invalid_user' }
12:34:43 - error:  
{ message: 'Invalid username or password',
  internalCode: 'invalid_user' }
12:34:49 - error:  
{ message: 'Invalid username or password',
  internalCode: 'invalid_user' }
12:35:59 - info: Listening on port: 8080
12:36:00 - error:  
{ message: 'Invalid username or password',
  internalCode: 'invalid_user' }
12:36:00 - error:  
{ message: 'Invalid username or password',
  internalCode: 'invalid_user' }
12:36:00 - error:  
{ message: 'Invalid username or password',
  internalCode: 'invalid_user' }
12:36:12 - error:  
{ message: 'Invalid username or password',
  internalCode: 'invalid_user' }
12:36:42 - error:  
{ message: 'Invalid username or password',
  internalCode: 'invalid_user' }
12:36:48 - error:  
{ message: 'Invalid username or password',
  internalCode: 'invalid_user' }
13:02:12 - info: Listening on port: 8080
13:02:26 - info: Listening on port: 8080
13:02:52 - info: Listening on port: 8080
13:03:31 - info: Listening on port: 8080
13:03:40 - info: Listening on port: 8080
13:03:55 - info: Listening on port: 8080
13:13:54 - info: Listening on port: 8080
13:21:05 - info: Listening on port: 8080
13:27:41 - info: Listening on port: 8080
13:31:38 - info: Listening on port: 8080
13:59:10 - info: Listening on port: 8080
14:00:08 - info: Listening on port: 8080
14:02:09 - info: Listening on port: 8080
14:03:24 - info: Listening on port: 8080
14:07:35 - info: Listening on port: 8080
14:08:19 - info: Listening on port: 8080
14:09:00 - info: Listening on port: 8080
14:09:23 - info: Listening on port: 8080
14:09:34 - info: Listening on port: 8080
14:50:24 - info: Listening on port: 8080
14:50:51 - info: Listening on port: 8080
14:52:26 - error: Pending migrations, run: npm run migrations
14:52:54 - error: Pending migrations, run: npm run migrations
14:53:17 - info: Listening on port: 8080
14:55:10 - info: Listening on port: 8080
14:56:43 - info: Listening on port: 8080
15:12:18 - error: Pending migrations, run: npm run migrations
15:12:50 - info: Listening on port: 8080
15:13:13 - error:  
{ message: undefined, internalCode: 'the_email_already_exists' }
15:33:28 - info: Listening on port: 8080
15:37:45 - info: Listening on port: 8080
15:37:59 - info: Listening on port: 8080
15:38:48 - info: Listening on port: 8080
15:39:17 - error: Pending migrations, run: npm run migrations
15:39:47 - info: Listening on port: 8080
15:40:03 - info: Listening on port: 8080
15:40:56 - info: Listening on port: 8080
15:44:01 - info: Listening on port: 8080
15:48:37 - info: Listening on port: 8080
15:51:40 - info: Listening on port: 8080
15:54:50 - info: Listening on port: 8080
15:56:39 - info: Listening on port: 8080
15:58:39 - info: Listening on port: 8080
16:00:00 - info: Listening on port: 8080
16:00:17 - info: Listening on port: 8080
16:00:30 - info: Listening on port: 8080
16:00:41 - info: Listening on port: 8080
16:00:43 - error:  
{ message: undefined, internalCode: 'the_email_already_exists' }
16:00:51 - info: Listening on port: 8080
16:06:58 - info: Listening on port: 8080
16:07:48 - info: Listening on port: 8080
16:08:53 - info: Listening on port: 8080
16:10:23 - info: Listening on port: 8080
16:13:06 - info: Listening on port: 8080
16:20:31 - info: Listening on port: 8080
16:21:11 - info: Listening on port: 8080
16:39:22 - info: Listening on port: 8080
16:40:08 - info: Listening on port: 8080
16:43:16 - info: Listening on port: 8080
16:47:38 - info: Listening on port: 8080
16:47:43 - error:  
{ message: undefined, internalCode: 'the_email_already_exists' }
16:48:28 - info: Listening on port: 8080
16:50:46 - info: Listening on port: 8080
16:53:52 - info: Listening on port: 8080
16:58:01 - info: Listening on port: 8080
17:10:09 - info: Listening on port: 8080
17:15:37 - info: Listening on port: 8080
17:40:14 - info: Listening on port: 8080
17:46:10 - info: Listening on port: 8080
17:46:10 - error:  TypeError: errors.invalidUser is not a function
    at exports.create (/home/ecarzoglio/Documents/ec-express-js/node-ex/app/controllers/users.js:23:17)
    at Layer.handle [as handle_request] (/home/ecarzoglio/Documents/ec-express-js/node-ex/node_modules/express/lib/router/layer.js:95:5)
    at next (/home/ecarzoglio/Documents/ec-express-js/node-ex/node_modules/express/lib/router/route.js:137:13)
    at runner.then.errors (/home/ecarzoglio/Documents/ec-express-js/node-ex/node_modules/express-validator/check/check.js:18:7)
    at <anonymous>
    at process._tickCallback (internal/process/next_tick.js:182:7)
17:47:18 - info: Listening on port: 8080
17:47:19 - error:  
{ message: 'Invalid_username_or_password',
  internalCode: 'invalid_user' }
17:48:30 - info: Listening on port: 8080
17:48:30 - error:  
{ message: 'Invalid_username_or_password',
  internalCode: 'invalid_user' }
17:48:30 - error:  
{ message: 'Invalid_username_or_password',
  internalCode: 'invalid_user' }
17:49:00 - info: Listening on port: 8080
17:49:00 - error:  
{ message: 'Invalid_username_or_password',
  internalCode: 'invalid_user' }
17:49:00 - error:  
{ message: 'Invalid_username_or_password',
  internalCode: 'invalid_user' }
17:53:00 - info: Listening on port: 8080
17:53:00 - error:  
{ message: 'Invalid_username_or_password',
  internalCode: 'invalid_user' }
17:53:00 - error:  
{ message: 'Invalid_username_or_password',
  internalCode: 'invalid_user' }
17:53:01 - error:  
{ message: 'Invalid_username_or_password',
  internalCode: 'invalid_user' }
